{"config":{"indexing":"full","lang":["en"],"min_search_length":3,"prebuild_index":false,"separator":"[\\s\\-]+"},"docs":[{"location":"","text":"Welcome to MkDocs For full documentation visit mkdocs.org . Commands mkdocs new [dir-name] - Create a new project. mkdocs serve - Start the live-reloading docs server. mkdocs build - Build the documentation site. mkdocs -h - Print help message and exit. Project layout mkdocs.yml # The configuration file. docs/ index.md # The documentation homepage. ... # Other markdown pages, images and other files.","title":"Welcome to MkDocs"},{"location":"#welcome-to-mkdocs","text":"For full documentation visit mkdocs.org .","title":"Welcome to MkDocs"},{"location":"#commands","text":"mkdocs new [dir-name] - Create a new project. mkdocs serve - Start the live-reloading docs server. mkdocs build - Build the documentation site. mkdocs -h - Print help message and exit.","title":"Commands"},{"location":"#project-layout","text":"mkdocs.yml # The configuration file. docs/ index.md # The documentation homepage. ... # Other markdown pages, images and other files.","title":"Project layout"},{"location":"Yapi%E7%9A%84%E4%BD%BF%E7%94%A8%E7%BB%8F%E9%AA%8C/","text":"Deploy Yapi via docker on Ubuntu Install mongodb ls \u53c2\u8003\u6587\u7ae0 \u6d4f\u89c8\u5668\u5b89\u88c5 cross-request chrome \u63d2\u4ef6 xxx \u5168\u8fc7\u7a0b\u4e2d\u6211\u9047\u5230\u7684\u95ee\u9898\u53ca\u89e3\u51b3\u65b9\u6cd5 1. bash: gpg: command not found \u89e3\u51b3\u65b9\u6cd5\uff1a apt-get install gpg // amd64 \u662f\u4f60\u7684cpu\u67b6\u6784\uff0c\u6211\u7684\u56e0\u4e3a\u662f\u6811\u8393\u6d3e\uff0c\u6240\u4ee5\u662farm64 echo \"deb [ arch=amd64,arm64 signed-by=/usr/share/keyrings/mongodb-server-7.0.gpg ] https://repo.mongodb.org/apt/ubuntu focal/mongodb-org/7.0 multiverse\" uj /etc/apt/sources.list.d/mongodb-org-7.0.list echo \"mongodb-org hold\" | dpkg --set-selections echo \"mongodb-org-database hold\" | dpkg --set-selections echo \"mongodb-org-server hold\" | dpkg --set-selections echo \"mongodb-mongosh hold\" | dpkg --set-selections echo \"mongodb-org-mongos hold\" | dpkg --set-selections echo \"mongodb-org-tools hold\" | dpkg --set-selections 2. Error: getaddrinfo ENOTFOUND yapi.demo.qunar.com \u89e3\u51b3\u65b9\u6cd5\uff1a Github issues Deploy Yapi, Docker\u90e8\u7f72 \u53c2\u8003\u6587\u7ae0 docker run -d \\ --name yapi3 \\ --link mongodb:mongo \\ --restart always \\ --net=yapi \\ -p 3000:3000 \\ -v /data/yapi/config.json:/yapi/config.json \\ zhongpengqun/yapi:latest \\ server/app.js \u9a8c\u8bc1\u7ed3\u679c \u6267\u884c\u811a\u672c: assert.notEqual(status, 404) assert.deepEqual(body, {\"code\": 0}) Error: EROFS: read-only file system, mkdir '/sys/fs/cgroup/cpu/safeify' Error: EROFS: read-only file system, mkdir '/sys/fs/cgroup/cpu/safeify' \u89e3\u51b3\u65b9\u6cd5\uff1a \u53c2\u8003\u6587\u7ae0 \u5907\u4efd sandbox.js const Safeify = require('safeify').default; module.exports = async function sandboxFn(context, script) // ...... safeify ...... const safeVm = new Safeify({ timeout: 3000, // zhong unrestricted: true, asyncTimeout: 60000 }) // .................. const result = await safeVm.run(script, context) // ............ safeVm.destroy() return result } \u7edf\u4e00\u7684\u6743\u9650\u63a7\u5236\u548c\u6d41\u91cf\u63a7\u5236\uff0c\u964d\u4f4e\u5f00\u53d1\u6210\u672c @string @natural // \"@float(0, 1000, 1, 3)\", // 0-1000\u5c0f\u6570,1-3\u4f4d\u5c0f\u6570\u4f4d @float @character @boolean @url @domain @ip @id @guid @now @timestamp @date @time @datetime // \"@image(200x200)\", \u56fe\u7247\u548c\u5927\u5c0f @image @color @hex @rgba @rgb @hsl // \"phone|11\": \"@integer(0,9)\", // 11\u4e2a\u6570\u5b570-9\u95f4\u7684\u6570\u5b57 // \"cardNum\": \"@integer(10000)\", //\u5927\u4e8e1000\u7684\u6b63\u6574\u6570 @integer @email @paragraph @sentence @word @cparagraph @ctitle @title @name @cname @cfirst @clast @first @last @csentence @cword @region @province @city @county @upper @lower @pick @shuffle @protocol \"regexp\": /[a-z][A-Z][0-9]/, \u4e09\u4e2a\u4e4b\u95f4\u968f\u673a\u7684\u4e00\u4e2a\u6570 \u6982\u5ff5\uff1a\u6d4b\u8bd5\u96c6\u5408 \u5f00\u542fjson5 JSON5\u662f\u5bf9JSON\u7684\u6269\u5c55\uff0c\u8ba9\u4eba\u53ef\u4ee5\u66f4\u5bb9\u6613\u624b\u5de5\u7f16\u5199\u548c\u7ef4\u62a4\uff0c\u7528\u6765\u51cf\u5c11\u4e00\u4e9bJSON\u7684\u9650\u5236\uff0c\u8bf8\u5982json\u8bed\u6cd5\u4e0d\u652f\u6301\u6ce8\u91ca\uff0c\u4e0d\u652f\u6301\u5b57\u7b26\u4e32\u6362\u884c\uff0c\u6240\u6709\u7684key\u90fd\u5fc5\u987b\u53cc\u5f15\u53f7\uff0c\u672b\u5c3e\u4e0d\u80fd\u6709\u591a\u4f59\u7684\u9017\u53f7\u2026\u7b49\u7b49\uff0c\u4e00\u5927\u5806\u6781\u5176\u4e25\u683c\u7684\u8981\u6c42\u548c\u4e0d\u652f\u6301\u7684\u529f\u80fd \u6ce8\uff1aTest \u811a\u672c\u53ea\u6709\u505a\u81ea\u52a8\u5316\u6d4b\u8bd5\u624d\u6267\u884c","title":"Yapi\u7684\u4f7f\u7528\u7ecf\u9a8c"},{"location":"Yapi%E7%9A%84%E4%BD%BF%E7%94%A8%E7%BB%8F%E9%AA%8C/#deploy-yapi-via-docker-on-ubuntu","text":"","title":"Deploy Yapi via docker on Ubuntu"},{"location":"Yapi%E7%9A%84%E4%BD%BF%E7%94%A8%E7%BB%8F%E9%AA%8C/#install-mongodb","text":"ls \u53c2\u8003\u6587\u7ae0","title":"Install mongodb"},{"location":"Yapi%E7%9A%84%E4%BD%BF%E7%94%A8%E7%BB%8F%E9%AA%8C/#cross-request-chrome","text":"xxx","title":"\u6d4f\u89c8\u5668\u5b89\u88c5 cross-request chrome \u63d2\u4ef6"},{"location":"Yapi%E7%9A%84%E4%BD%BF%E7%94%A8%E7%BB%8F%E9%AA%8C/#_1","text":"1. bash: gpg: command not found \u89e3\u51b3\u65b9\u6cd5\uff1a apt-get install gpg // amd64 \u662f\u4f60\u7684cpu\u67b6\u6784\uff0c\u6211\u7684\u56e0\u4e3a\u662f\u6811\u8393\u6d3e\uff0c\u6240\u4ee5\u662farm64 echo \"deb [ arch=amd64,arm64 signed-by=/usr/share/keyrings/mongodb-server-7.0.gpg ] https://repo.mongodb.org/apt/ubuntu focal/mongodb-org/7.0 multiverse\" uj /etc/apt/sources.list.d/mongodb-org-7.0.list echo \"mongodb-org hold\" | dpkg --set-selections echo \"mongodb-org-database hold\" | dpkg --set-selections echo \"mongodb-org-server hold\" | dpkg --set-selections echo \"mongodb-mongosh hold\" | dpkg --set-selections echo \"mongodb-org-mongos hold\" | dpkg --set-selections echo \"mongodb-org-tools hold\" | dpkg --set-selections 2. Error: getaddrinfo ENOTFOUND yapi.demo.qunar.com \u89e3\u51b3\u65b9\u6cd5\uff1a Github issues","title":"\u5168\u8fc7\u7a0b\u4e2d\u6211\u9047\u5230\u7684\u95ee\u9898\u53ca\u89e3\u51b3\u65b9\u6cd5"},{"location":"Yapi%E7%9A%84%E4%BD%BF%E7%94%A8%E7%BB%8F%E9%AA%8C/#deploy-yapi-docker","text":"\u53c2\u8003\u6587\u7ae0 docker run -d \\ --name yapi3 \\ --link mongodb:mongo \\ --restart always \\ --net=yapi \\ -p 3000:3000 \\ -v /data/yapi/config.json:/yapi/config.json \\ zhongpengqun/yapi:latest \\ server/app.js \u9a8c\u8bc1\u7ed3\u679c \u6267\u884c\u811a\u672c: assert.notEqual(status, 404) assert.deepEqual(body, {\"code\": 0}) Error: EROFS: read-only file system, mkdir '/sys/fs/cgroup/cpu/safeify' Error: EROFS: read-only file system, mkdir '/sys/fs/cgroup/cpu/safeify' \u89e3\u51b3\u65b9\u6cd5\uff1a \u53c2\u8003\u6587\u7ae0 \u5907\u4efd sandbox.js const Safeify = require('safeify').default; module.exports = async function sandboxFn(context, script) // ...... safeify ...... const safeVm = new Safeify({ timeout: 3000, // zhong unrestricted: true, asyncTimeout: 60000 }) // .................. const result = await safeVm.run(script, context) // ............ safeVm.destroy() return result } \u7edf\u4e00\u7684\u6743\u9650\u63a7\u5236\u548c\u6d41\u91cf\u63a7\u5236\uff0c\u964d\u4f4e\u5f00\u53d1\u6210\u672c @string @natural // \"@float(0, 1000, 1, 3)\", // 0-1000\u5c0f\u6570,1-3\u4f4d\u5c0f\u6570\u4f4d @float @character @boolean @url @domain @ip @id @guid @now @timestamp @date @time @datetime // \"@image(200x200)\", \u56fe\u7247\u548c\u5927\u5c0f @image @color @hex @rgba @rgb @hsl // \"phone|11\": \"@integer(0,9)\", // 11\u4e2a\u6570\u5b570-9\u95f4\u7684\u6570\u5b57 // \"cardNum\": \"@integer(10000)\", //\u5927\u4e8e1000\u7684\u6b63\u6574\u6570 @integer @email @paragraph @sentence @word @cparagraph @ctitle @title @name @cname @cfirst @clast @first @last @csentence @cword @region @province @city @county @upper @lower @pick @shuffle @protocol \"regexp\": /[a-z][A-Z][0-9]/, \u4e09\u4e2a\u4e4b\u95f4\u968f\u673a\u7684\u4e00\u4e2a\u6570 \u6982\u5ff5\uff1a\u6d4b\u8bd5\u96c6\u5408 \u5f00\u542fjson5 JSON5\u662f\u5bf9JSON\u7684\u6269\u5c55\uff0c\u8ba9\u4eba\u53ef\u4ee5\u66f4\u5bb9\u6613\u624b\u5de5\u7f16\u5199\u548c\u7ef4\u62a4\uff0c\u7528\u6765\u51cf\u5c11\u4e00\u4e9bJSON\u7684\u9650\u5236\uff0c\u8bf8\u5982json\u8bed\u6cd5\u4e0d\u652f\u6301\u6ce8\u91ca\uff0c\u4e0d\u652f\u6301\u5b57\u7b26\u4e32\u6362\u884c\uff0c\u6240\u6709\u7684key\u90fd\u5fc5\u987b\u53cc\u5f15\u53f7\uff0c\u672b\u5c3e\u4e0d\u80fd\u6709\u591a\u4f59\u7684\u9017\u53f7\u2026\u7b49\u7b49\uff0c\u4e00\u5927\u5806\u6781\u5176\u4e25\u683c\u7684\u8981\u6c42\u548c\u4e0d\u652f\u6301\u7684\u529f\u80fd \u6ce8\uff1aTest \u811a\u672c\u53ea\u6709\u505a\u81ea\u52a8\u5316\u6d4b\u8bd5\u624d\u6267\u884c","title":"Deploy Yapi, Docker\u90e8\u7f72"},{"location":"a-shell-game/","text":"","title":"A shell game"},{"location":"blog-arduino/","text":"\u4f7f\u7528Arduino nano\u5236\u4f5c\u5fae\u578b\u793a\u6ce2\u5668\uff0c\u4ee3\u7801\u7b80\u5355\uff0c\u5f00\u6e90 - https://www.bilibili.com/video/BV1634y1R7Qy/?spm_id_from=333.337.search-card.all.click arduino nano bootloader ?","title":"Blog arduino"},{"location":"blog-blackduck/","text":"Is blackduck hub free ? How to deploy a blackduck hub instance into k8s cluster ? hub\u7684\u5404\u4e2apod\u7684\u4f5c\u7528","title":"Blog blackduck"},{"location":"blog-compile-git-from-source-code-on-centos58/","text":"","title":"Blog compile git from source code on centos58"},{"location":"blog-compile-git-from-source-code/","text":"yum install wget # make configure GIT_VERSION = 2.41.GIT GEN configure /bin/sh: autoconf: command not found soulution: yum install install autoconf automake libtool then make configure ./configure --prefix=/usr/local make all make install # make prefix=/usr/local/git all CC oss-fuzz/fuzz-commit-graph.o In file included from oss-fuzz/fuzz-commit-graph.c:1:0: ./git-compat-util.h:14:2: error: #error \"Required C99 support is in a test phase. Please see git-compat-util.h for more details.\" #error \"Required C99 support is in a test phase. Please see git-compat-util.h for more details.\" ^ make: *** [oss-fuzz/fuzz-commit-graph.o] Error 1 solution: success https://blog.csdn.net/qq_46311811/article/details/122273064 then $ make prefix=/usr/local/git all CC http.o In file included from http.c:2:0: http.h:6:10: fatal error: curl/curl.h: No such file or directory #include <curl/curl.h> ^~~~~~~~~~~~~ compilation terminated. Makefile:2121: recipe for target 'http.o' failed make: *** [http.o] Error 1 git pull raise error: fatal: Unable to find remote helper for 'https' reason: happen when compiling git on a machine which doesn't have all the dependencies available. Most likely one of libcurl-gnutls or libgnutls is missing on your system. solution: $ export PATH=$PATH:/tmp/git/libexec/git-core but another raised: /tmp/git/libexec/git-core/git-remote-https: error while loading shared libraries: libcurl.so.4: cannot open shared object file: No such file or directory References: - https://www.jiweichengzhu.com/article/eec6ae191bcd44428bc5b2d49baae31c","title":"Blog compile git from source code"},{"location":"blog-compile-python-with-openssl/","text":"This blog is a tutorial of how to compile python 3.10.6 with openssl 3.0.5 module on Ubuntu 18.04 and mac os . Questions Python\u9ed8\u8ba4\u662f\u6ca1\u88c5ssl\u7684\u5417\uff1f \u2193 On Ubuntu 18.04 Steps: Prepare ubuntu container Compile openssl Compile python Further: - Issues encountered in the process - References \u2193 On Mac OS Steps: Prepare Mac OS Compile openssl Compile python Further: - References \u2193 On Centos5.8 Steps: todo \u2193 On Macos EI Capitan todo Run Ubuntu container and install required packages I will demo it in Ubuntu docker container. So first of all, run a ubuntu container there is no python installed. docker run -it ubuntu:bionic /bin/bash As you can see, python is not installed $ python bash: python: command not found $ python3 bash: python3: command not found \u2193 OS info $ cat /etc/os-release NAME=\"Ubuntu\" VERSION=\"18.04.6 LTS (Bionic Beaver)\" ID=ubuntu ID_LIKE=debian PRETTY_NAME=\"Ubuntu 18.04.6 LTS\" VERSION_ID=\"18.04\" HOME_URL=\"https://www.ubuntu.com/\" SUPPORT_URL=\"https://help.ubuntu.com/\" BUG_REPORT_URL=\"https://bugs.launchpad.net/ubuntu/\" PRIVACY_POLICY_URL=\"https://www.ubuntu.com/legal/terms-and-policies/privacy-policy\" VERSION_CODENAME=bionic UBUNTU_CODENAME=bionic Install packages Below packages are required for compilation, otherwise will raise various errors during process. apt-get update apt-get install vim -y $ vim install-pkgs.sh #!/bin/sh apt-get install wget -y apt-get install make -y apt-get install perl -y apt-get install gcc -y apt-get install make -y apt-get install tcl-dev -y apt-get install tk-dev -y apt-get install tk -y apt-get install libffi-dev -y apt-get install libreadline-dev -y apt-get install readline-devel -y apt-get install libbz2-dev -y apt-get install python3-tk -y apt-get install libgdbm-dev -y apt-get install libncurses* -y apt-get install libgdbm-compat-dev -y apt-get install libreadline6-dev -y apt-get install uuid-dev -y apt-get install lzma-dev -y apt-get install liblzma-dev -y Install packages chmod 777 install-pkgs.sh ./install-pkgs.sh Compile sqlite beforehand wget https://www.sqlite.org/2018/sqlite-autoconf-3240000.tar.gz tar -xvzf sqlite-autoconf-3240000.tar.gz cd sqlite-autoconf-3240000 ./configure make make install if not compile sqlite, will get below issue when compile python. The necessary bits to build these optional modules were not found: _sqlite3 Compile openssl Download openssl Download latest openssl Go to github openssl tags , select the latest openssl version. wget https://github.com/openssl/openssl/archive/refs/tags/openssl-3.0.5.tar.gz tar -xvzf openssl-3.0.5.tar.gz Config mkdir /usr/local/openssl-3.0.5 $ ./config --prefix=/usr/local/openssl-3.0.5 --openssldir=/usr/local/openssl-3.0.5 Configuring OpenSSL version 3.0.5 for target linux-x86_64 Using os-specific seed configuration Created configdata.pm Running configdata.pm Created Makefile.in Created Makefile Created include/openssl/configuration.h ********************************************************************** *** *** *** OpenSSL has been successfully configured *** *** *** *** If you encounter a problem while building, please open an *** *** issue on GitHub <https://github.com/openssl/openssl/issues> *** *** and include the output from the following command: *** *** *** *** perl configdata.pm --dump *** *** *** *** (If you are new to OpenSSL, you might want to consult the *** *** 'Troubleshooting' section in the INSTALL.md file first) *** *** *** ********************************************************************** config successfully Make & install It will take several minutes make ------------ log --------------- ... /usr/bin/perl \"-I.\" -Mconfigdata \"util/dofile.pl\" \\ \"-oMakefile\" util/shlib_wrap.sh.in > \"util/shlib_wrap.sh\" chmod a+x util/shlib_wrap.sh rm -f \"util/wrap.pl\" /usr/bin/perl \"-I.\" -Mconfigdata \"util/dofile.pl\" \\ \"-oMakefile\" util/wrap.pl.in > \"util/wrap.pl\" chmod a+x util/wrap.pl make[1]: Leaving directory '/home/openssl-openssl-3.0.5' make install ------------- log -------------- ... install doc/html/man7/provider-signature.html -> /usr/local/openssl-3.0.5/share/doc/openssl/html/man7/provider-signature.html install doc/html/man7/provider-storemgmt.html -> /usr/local/openssl-3.0.5/share/doc/openssl/html/man7/provider-storemgmt.html install doc/html/man7/provider.html -> /usr/local/openssl-3.0.5/share/doc/openssl/html/man7/provider.html install doc/html/man7/proxy-certificates.html -> /usr/local/openssl-3.0.5/share/doc/openssl/html/man7/proxy-certificates.html install doc/html/man7/ssl.html -> /usr/local/openssl-3.0.5/share/doc/openssl/html/man7/ssl.html install doc/html/man7/x509.html -> /usr/local/openssl-3.0.5/share/doc/openssl/html/man7/x509.html When installation done, you will find these compiled files under /usr/local/openssl-3.0.5 , for you config it as --prefix ls /usr/local/openssl-3.0.5 bin certs ct_log_list.cnf ct_log_list.cnf.dist include lib64 misc openssl.cnf openssl.cnf.dist private share Compile Python Download latest python wget https://www.python.org/ftp/python/3.10.6/Python-3.10.6.tgz tar -xvzf Python-3.10.6.tgz cd Python-3.10.6 Edit Setup edit Modules/Setup , some python version might be Modules/Setup.dist , but this version, this is Modules/Setup vim Modules/Setup Below is what i changed, at about line 207 _socket socketmodule.c # Socket module helper for SSL support; you must comment out the other # socket line above, and edit the OPENSSL variable: OPENSSL=/usr/local/openssl-3.0.5 # _ssl _ssl.c \\ # -I$(OPENSSL)/include -L$(OPENSSL)/lib \\ # -lssl -lcrypto #_hashlib _hashopenssl.c \\ # -I$(OPENSSL)/include -L$(OPENSSL)/lib \\ # -lcrypto # To statically link OpenSSL: _ssl _ssl.c \\ -I$(OPENSSL)/include -L$(OPENSSL)/lib64 \\ -l:libssl.a -Wl,--exclude-libs,libssl.a \\ -l:libcrypto.a -Wl,--exclude-libs,libcrypto.a _hashlib _hashopenssl.c \\ -I$(OPENSSL)/include -L$(OPENSSL)/lib64 \\ -l:libcrypto.a -Wl,--exclude-libs,libcrypto.a Config export LD_RUN_PATH=/usr/local/openssl-3.0.5/lib64 ./configure --prefix=/usr/local/python-3.10.6-with-openssl-3.0.5 --with-openssl=/usr/local/openssl-3.0.5/ --enable-shared ----------- log ------------ ... config.status: creating pyconfig.h creating Modules/Setup.local creating Makefile If you want a release build with all stable optimizations active (PGO, etc), please run ./configure --enable-optimizations Install It will take several minutes make -------------- log ------------ ... gcc -pthread -shared build/temp.linux-x86_64-3.10/home/Python-3.10.6/Modules/_sqlite/cache.o build/temp.linux-x86_64-3.10/home/Python-3.10.6/Modules/_sqlite/connection.o build/temp.linux-x86_64-3.10/home/Python-3.10.6/Modules/_sqlite/cursor.o build/temp.linux-x86_64-3.10/home/Python-3.10.6/Modules/_sqlite/microprotocols.o build/temp.linux-x86_64-3.10/home/Python-3.10.6/Modules/_sqlite/module.o build/temp.linux-x86_64-3.10/home/Python-3.10.6/Modules/_sqlite/prepare_protocol.o build/temp.linux-x86_64-3.10/home/Python-3.10.6/Modules/_sqlite/row.o build/temp.linux-x86_64-3.10/home/Python-3.10.6/Modules/_sqlite/statement.o build/temp.linux-x86_64-3.10/home/Python-3.10.6/Modules/_sqlite/util.o -L/usr/lib/x86_64-linux-gnu -L/usr/local/lib -lsqlite3 -o build/lib.linux-x86_64-3.10/_sqlite3.cpython-310-x86_64-linux-gnu.so The following modules found by detect_modules() in setup.py, have been built by the Makefile instead, as configured by the Setup files: _abc _hashlib _socket _ssl pwd time running build_scripts copying and adjusting /home/Python-3.10.6/Tools/scripts/pydoc3 -> build/scripts-3.10 copying and adjusting /home/Python-3.10.6/Tools/scripts/idle3 -> build/scripts-3.10 copying and adjusting /home/Python-3.10.6/Tools/scripts/2to3 -> build/scripts-3.10 changing mode of build/scripts-3.10/pydoc3 from 644 to 755 changing mode of build/scripts-3.10/idle3 from 644 to 755 changing mode of build/scripts-3.10/2to3 from 644 to 755 renaming build/scripts-3.10/pydoc3 to build/scripts-3.10/pydoc3.10 renaming build/scripts-3.10/idle3 to build/scripts-3.10/idle3.10 renaming build/scripts-3.10/2to3 to build/scripts-3.10/2to3-3.10 gcc -pthread -Xlinker -export-dynamic -o Programs/_testembed Programs/_testembed.o libpython3.10.a -lcrypt -lpthread -ldl -lutil -lm -L/usr/local/openssl/lib64 -l:libssl.a -Wl,--exclude-libs,libssl.a -l:libcrypto.a -Wl,--exclude-libs,libcrypto.a -L/usr/local/openssl/lib64 -l:libcrypto.a -Wl,--exclude-libs,libcrypto.a -lm sed -e \"s,@EXENAME@,/usr/local/python-3.10.6-with-openssl-3.0.5/bin/python3.10,\" < ./Misc/python-config.in >python-config.py LC_ALL=C sed -e 's,\\$(\\([A-Za-z0-9_]*\\)),\\$\\{\\1\\},g' < Misc/python-config.sh >python-config make successfully! At last, install python. make install --------------- log -------------- ... rm -f /usr/local/python-3.10.6-with-openssl-3.0.5/bin/2to3 (cd /usr/local/python-3.10.6-with-openssl-3.0.5/bin; ln -s 2to3-3.10 2to3) if test \"x\" != \"x\" ; then \\ rm -f /usr/local/python-3.10.6-with-openssl-3.0.5/bin/python3-32; \\ (cd /usr/local/python-3.10.6-with-openssl-3.0.5/bin; ln -s python3.10-32 python3-32) \\ fi if test \"x\" != \"x\" ; then \\ rm -f /usr/local/python-3.10.6-with-openssl-3.0.5/bin/python3-intel64; \\ (cd /usr/local/python-3.10.6-with-openssl-3.0.5/bin; ln -s python3.10-intel64 python3-intel64) \\ fi rm -f /usr/local/python-3.10.6-with-openssl-3.0.5/share/man/man1/python3.1 (cd /usr/local/python-3.10.6-with-openssl-3.0.5/share/man/man1; ln -s python3.10.1 python3.1) if test \"xupgrade\" != \"xno\" ; then \\ case upgrade in \\ upgrade) ensurepip=\"--upgrade\" ;; \\ install|*) ensurepip=\"\" ;; \\ esac; \\ ./python -E -m ensurepip \\ $ensurepip --root=/ ; \\ fi Looking in links: /tmp/tmpetpcoecz Processing /tmp/tmpetpcoecz/setuptools-63.2.0-py3-none-any.whl Processing /tmp/tmpetpcoecz/pip-22.2.1-py3-none-any.whl Installing collected packages: setuptools, pip WARNING: The scripts pip3 and pip3.10 are installed in '/usr/local/python-3.10.6-with-openssl-3.0.5/bin' which is not on PATH. Consider adding this directory to PATH or, if you prefer to suppress this warning, use --no-warn-script-location. Successfully installed pip-22.2.1 setuptools-63.2.0 WARNING: Running pip as the 'root' user can result in broken permissions and conflicting behaviour with the system package manager. It is recommended to use a virtual environment instead: https://pip.pypa.io/warnings/venv Though the log is not perfect, but looks like has no impact on the result. $ ls /usr/local/python-3.10.6-with-openssl-3.0.5/ bin include lib share Validate python root@41892223057e:~/Python-3.10.6# /usr/local/python-3.10.6-with-openssl-3.0.5/bin/python3 -v /usr/local/python-3.10.6-with-openssl-3.0.5/bin/python3: error while loading shared libraries: libpython3.10.so.1.0: cannot open shared object file: No such file or directory export LD_LIBRARY_PATH export LD_LIBRARY_PATH=/usr/local/python-3.10.6-with-openssl-3.0.5/lib/ $ # /usr/local/python-3.10.6-with-openssl-3.0.5/bin/python3 Python 3.10.6 (main, Oct 7 2022, 23:04:55) [GCC 7.5.0] on linux Type \"help\", \"copyright\", \"credits\" or \"license\" for more information. >>> >>> import ssl >>> ssl.OPENSSL_VERSION 'OpenSSL 3.0.5 5 Jul 2022' >>> Python compiled successfully!! Issues encountered Configured incorrectly in Module/Setup # Socket module helper for SSL support; you must comment out the other # socket line above, and edit the OPENSSL variable: OPENSSL=/usr/local/openssl-3.0.5 _ssl _ssl.c \\ -I$(OPENSSL)/include -L$(OPENSSL)/lib64 \\ -lssl -lcrypto _hashlib _hashopenssl.c \\ -I$(OPENSSL)/include -L$(OPENSSL)/lib64 \\ -lcrypto # To statically link OpenSSL: _ssl _ssl.c \\ -I$(OPENSSL)/include -L$(OPENSSL)/lib64 \\ -l:libssl.a -Wl,--exclude-libs,libssl.a \\ -l:libcrypto.a -Wl,--exclude-libs,libcrypto.a _hashlib _hashopenssl.c \\ -I$(OPENSSL)/include -L$(OPENSSL)/lib64 \\ -l:libcrypto.a -Wl,--exclude-libs,libcrypto.a I guess the upper part ( line4 to line9 ) is for dynamic compiling, and lower part is for static compiling. So if comment out them simultaneously, will cause an error ( shown as below ) when compile python. Modules/_ssl.o: In function `PyInit__ssl': /home/Python-3.10.6/./Modules/_ssl.c:6242: multiple definition of `PyInit__ssl' Modules/_ssl.o:/home/Python-3.10.6/./Modules/_ssl.c:6242: first defined here Modules/_hashopenssl.o:/home/Python-3.10.6/./Modules/_hashopenssl.c:1822: multiple definition of `HMACtype_spec' Modules/_hashopenssl.o:/home/Python-3.10.6/./Modules/_hashopenssl.c:1822: first defined here Modules/_hashopenssl.o: In function `PyInit__hashlib': /home/Python-3.10.6/./Modules/_hashopenssl.c:2286: multiple definition of `PyInit__hashlib' Modules/_hashopenssl.o:/home/Python-3.10.6/./Modules/_hashopenssl.c:2286: first defined here collect2: error: ld returned 1 exit status ln: failed to access 'libpython3.10.so.1.0': No such file or directory Makefile:656: recipe for target 'libpython3.10.so' failed make: *** [libpython3.10.so] Error 1 PS: If you encounter other issues, it's very likely due to you not install the packages ( listed in step 1 ) properly. e.g. below issue is because gcc is not installed. $ ./config --prefix=/usr/local/openssl --openssldir=/usr/local/openssl Failure! build file wasn't produced. Please read INSTALL.md and associated NOTES-* files. You may also have to look over your available compiler tool chain or change your configuration. ERROR! No C compiler found, please specify one with the environment variable CC, or configure with an explicit configuration target. For there are so many similar issues during my compilation, i not paste them here one by one, i resolved them by installing step 1 packages. References https://techglimpse.com/install-python-openssl-support-tutorial/ http://blog.lujianxin.com/x/art/s538bgptom7o Compile on Mac. Preparation Check your architecture of your Mac Here is mine. $ set | grep \"MACHTYPE\" MACHTYPE=x86_64-apple-darwin20 Download openssl tar ball. It's same as above process Configure $ ./configure --prefix=/Users/vzhong/Documents/compile-target/python-3.10.6 --with-openssl=/Users/vzhong/Documents/compile-target/openssl-3.0.5 --enable-optimizations --enable-shared Configuring OpenSSL version 3.0.5 for target darwin64-x86_64-cc Using os-specific seed configuration Created configdata.pm Running configdata.pm Created Makefile.in Created Makefile ********************************************************************** *** *** *** OpenSSL has been successfully configured *** *** *** *** If you encounter a problem while building, please open an *** *** issue on GitHub <https://github.com/openssl/openssl/issues> *** *** and include the output from the following command: *** *** *** *** perl configdata.pm --dump *** *** *** *** (If you are new to OpenSSL, you might want to consult the *** *** 'Troubleshooting' section in the INSTALL.md file first) *** *** *** ********************************************************************** Make & Install $ make ---------- log ------------ ... The necessary bits to build these optional modules were not found: ossaudiodev spwd To find the necessary bits, look in setup.py in detect_modules() for the module's name. The following modules found by detect_modules() in setup.py, have been built by the Makefile instead, as configured by the Setup files: _abc pwd time running build_scripts copying and adjusting /Users/vzhong/Documents/mac-compile/Python-3.10.6/Tools/scripts/pydoc3 -> build/scripts-3.10 copying and adjusting /Users/vzhong/Documents/mac-compile/Python-3.10.6/Tools/scripts/idle3 -> build/scripts-3.10 copying and adjusting /Users/vzhong/Documents/mac-compile/Python-3.10.6/Tools/scripts/2to3 -> build/scripts-3.10 changing mode of build/scripts-3.10/pydoc3 from 644 to 755 changing mode of build/scripts-3.10/idle3 from 644 to 755 changing mode of build/scripts-3.10/2to3 from 644 to 755 renaming build/scripts-3.10/pydoc3 to build/scripts-3.10/pydoc3.10 renaming build/scripts-3.10/idle3 to build/scripts-3.10/idle3.10 renaming build/scripts-3.10/2to3 to build/scripts-3.10/2to3-3.10 gcc -c -Wno-unused-result -Wsign-compare -Wunreachable-code -DNDEBUG -g -fwrapv -O3 -Wall -fno-semantic-interposition -std=c99 -Wextra -Wno-unused-result -Wno-unused-parameter -Wno-missing-field-initializers -Wstrict-prototypes -Werror=implicit-function-declaration -fvisibility=hidden -fprofile-instr-use=code.profclangd -I./Include/internal -I. -I./Include -DPy_BUILD_CORE -o Programs/_testembed.o ./Programs/_testembed.c clang: warning: argument unused during compilation: '-fno-semantic-interposition' [-Wunused-command-line-argument] gcc -fno-semantic-interposition -Wl,-stack_size,1000000 -framework CoreFoundation -o Programs/_testembed Programs/_testembed.o libpython3.10.a -lintl -ldl -framework CoreFoundation $ make install ---------- log ------------ ... if test \"xupgrade\" != \"xno\" ; then \\ case upgrade in \\ upgrade) ensurepip=\"--upgrade\" ;; \\ install|*) ensurepip=\"\" ;; \\ esac; \\ DYLD_LIBRARY_PATH=/Users/vzhong/Documents/mac-compile/Python-3.10.6 ./python.exe -E -m ensurepip \\ $ensurepip --root=/ ; \\ fi Looking in links: /var/folders/x3/qp_d__rn70x5hml9z4ygtvv80000gr/T/tmpp4r0himi Requirement already satisfied: setuptools in /Users/vzhong/Documents/compile-target/python-3.10.6/lib/python3.10/site-packages (63.2.0) Requirement already satisfied: pip in /Users/vzhong/Documents/compile-target/python-3.10.6/lib/python3.10/site-packages (22.2.1) Validate if the compilation is successful. $ ~/Documents/compile-target/python-3.10.6/bin/python3 Python 3.10.6 (main, Oct 10 2022, 15:34:10) [Clang 13.0.0 (clang-1300.0.29.30)] on darwin Type \"help\", \"copyright\", \"credits\" or \"license\" for more information. >>> >>> import ssl >>> ssl.OPENSSL_VERSION 'OpenSSL 3.0.5 5 Jul 2022' Ok, succeed! References [ Youtube ] Compile Python 3.7 on macOS from scratch The end, hope it helps! On CentOS 5.8 Setup a docker container There is no centos5.8 in centos dockerhub official repos, i find out one provided by a dockerhub user. docker pull muratayusuke/centos5.8 docker run -it muratayusuke/centos5.8:latest /bin/sh $ head -n 1 /etc/issue CentOS release 5.8 (Final) As we can see, this version has a very low version glibc. \u2193 getconf GNU_LIBC_VERSION glibc 2.5 you will encounter this error when yum update sh-3.2# yum update Loaded plugins: fastestmirror Loading mirror speeds from cached hostfile YumRepo Error: All mirror URLs are not using ftp, http[s] or file. Eg. Invalid release/repo/arch combination/ removing mirrorlist with no valid mirrors: /var/cache/yum/base/mirrorlist.txt Error: Cannot find a valid baseurl for repo: base solution \u2193 cp /etc/yum/pluginconf.d/fastestmirror.conf /etc/yum/pluginconf.d/fastestmirror.conf.bak sed -i \"s|enabled=1|enabled=0|g\" /etc/yum/pluginconf.d/fastestmirror.conf cp /etc/yum.repos.d/CentOS-Base.repo /etc/yum.repos.d/CentOS-Base.repo.bak echo '' > /etc/yum.repos.d/CentOS-Base.repo vi /etc/yum.repos.d/CentOS-Base.repo # CentOS-Base.repo # # The mirror system uses the connecting IP address of the client and the # update status of each mirror to pick mirrors that are updated to and # geographically close to the client. You should use this for CentOS updates # unless you are manually picking other mirrors. # # If the mirrorlist= does not work for you, as a fall back you can try the # remarked out baseurl= line instead. # # [base] name=CentOS-$releasever - Base #mirrorlist=http://mirrorlist.centos.org/?release=$releasever&arch=$basearch&repo=os&infra=$infra #baseurl=http://mirror.centos.org/centos/$releasever/os/$basearch/ baseurl=https://vault.centos.org/6.10/os/$basearch/ gpgcheck=1 gpgkey=file:///etc/pki/rpm-gpg/RPM-GPG-KEY-CentOS-6 #released updates [updates] name=CentOS-$releasever - Updates #mirrorlist=http://mirrorlist.centos.org/?release=$releasever&arch=$basearch&repo=updates&infra=$infra #baseurl=http://mirror.centos.org/centos/$releasever/updates/$basearch/ baseurl=https://vault.centos.org/6.10/updates/$basearch/ gpgcheck=1 gpgkey=file:///etc/pki/rpm-gpg/RPM-GPG-KEY-CentOS-6 #additional packages that may be useful [extras] name=CentOS-$releasever - Extras #mirrorlist=http://mirrorlist.centos.org/?release=$releasever&arch=$basearch&repo=extras&infra=$infra #baseurl=http://mirror.centos.org/centos/$releasever/extras/$basearch/ baseurl=https://vault.centos.org/6.10/extras/$basearch/ gpgcheck=1 gpgkey=file:///etc/pki/rpm-gpg/RPM-GPG-KEY-CentOS-6 Then may encounter another error. sh-3.2# yum update Traceback (most recent call last): File \"/usr/bin/yum\", line 29, in ? yummain.user_main(sys.argv[1:], exit_code=True) File \"/usr/share/yum-cli/yummain.py\", line 309, in user_main errcode = main(args) File \"/usr/share/yum-cli/yummain.py\", line 178, in main result, resultmsgs = base.doCommands() File \"/usr/share/yum-cli/cli.py\", line 345, in doCommands self._getTs(needTsRemove) File \"/usr/lib/python2.4/site-packages/yum/depsolve.py\", line 101, in _getTs self._getTsInfo(remove_only) File \"/usr/lib/python2.4/site-packages/yum/depsolve.py\", line 112, in _getTsInfo pkgSack = self.pkgSack File \"/usr/lib/python2.4/site-packages/yum/__init__.py\", line 662, in <lambda> pkgSack = property(fget=lambda self: self._getSacks(), File \"/usr/lib/python2.4/site-packages/yum/__init__.py\", line 502, in _getSacks self.repos.populateSack(which=repos) File \"/usr/lib/python2.4/site-packages/yum/repos.py\", line 260, in populateSack sack.populate(repo, mdtype, callback, cacheonly) File \"/usr/lib/python2.4/site-packages/yum/yumRepo.py\", line 168, in populate if self._check_db_version(repo, mydbtype): File \"/usr/lib/python2.4/site-packages/yum/yumRepo.py\", line 226, in _check_db_version return repo._check_db_version(mdtype) File \"/usr/lib/python2.4/site-packages/yum/yumRepo.py\", line 1226, in _check_db_version repoXML = self.repoXML File \"/usr/lib/python2.4/site-packages/yum/yumRepo.py\", line 1399, in <lambda> repoXML = property(fget=lambda self: self._getRepoXML(), File \"/usr/lib/python2.4/site-packages/yum/yumRepo.py\", line 1391, in _getRepoXML self._loadRepoXML(text=self) File \"/usr/lib/python2.4/site-packages/yum/yumRepo.py\", line 1381, in _loadRepoXML return self._groupLoadRepoXML(text, [\"primary\"]) File \"/usr/lib/python2.4/site-packages/yum/yumRepo.py\", line 1365, in _groupLoadRepoXML if self._commonLoadRepoXML(text): File \"/usr/lib/python2.4/site-packages/yum/yumRepo.py\", line 1201, in _commonLoadRepoXML result = self._getFileRepoXML(local, text) File \"/usr/lib/python2.4/site-packages/yum/yumRepo.py\", line 974, in _getFileRepoXML cache=self.http_caching == 'all') File \"/usr/lib/python2.4/site-packages/yum/yumRepo.py\", line 811, in _getFile http_headers=headers, File \"/usr/lib/python2.4/site-packages/urlgrabber/mirror.py\", line 412, in urlgrab return self._mirror_try(func, url, kw) File \"/usr/lib/python2.4/site-packages/urlgrabber/mirror.py\", line 398, in _mirror_try return func_ref( *(fullurl,), **kwargs ) File \"/usr/lib/python2.4/site-packages/urlgrabber/grabber.py\", line 936, in urlgrab return self._retry(opts, retryfunc, url, filename) File \"/usr/lib/python2.4/site-packages/urlgrabber/grabber.py\", line 854, in _retry r = apply(func, (opts,) + args, {}) File \"/usr/lib/python2.4/site-packages/urlgrabber/grabber.py\", line 922, in retryfunc fo = URLGrabberFileObject(url, filename, opts) File \"/usr/lib/python2.4/site-packages/urlgrabber/grabber.py\", line 1010, in __init__ self._do_open() File \"/usr/lib/python2.4/site-packages/urlgrabber/grabber.py\", line 1093, in _do_open fo, hdr = self._make_request(req, opener) File \"/usr/lib/python2.4/site-packages/urlgrabber/grabber.py\", line 1202, in _make_request fo = opener.open(req) File \"/usr/lib64/python2.4/urllib2.py\", line 364, in open response = meth(req, response) File \"/usr/lib64/python2.4/urllib2.py\", line 471, in http_response response = self.parent.error( File \"/usr/lib64/python2.4/urllib2.py\", line 396, in error result = self._call_chain(*args) File \"/usr/lib64/python2.4/urllib2.py\", line 337, in _call_chain result = func(*args) File \"/usr/lib64/python2.4/urllib2.py\", line 565, in http_error_302 return self.parent.open(new) File \"/usr/lib64/python2.4/urllib2.py\", line 358, in open response = self._open(req, data) File \"/usr/lib64/python2.4/urllib2.py\", line 376, in _open '_open', req) File \"/usr/lib64/python2.4/urllib2.py\", line 337, in _call_chain result = func(*args) File \"/usr/lib64/python2.4/site-packages/M2Crypto/m2urllib2.py\", line 82, in https_open h.request(req.get_method(), req.get_selector(), req.data, headers) File \"/usr/lib64/python2.4/httplib.py\", line 810, in request self._send_request(method, url, body, headers) File \"/usr/lib64/python2.4/httplib.py\", line 833, in _send_request self.endheaders() File \"/usr/lib64/python2.4/httplib.py\", line 804, in endheaders self._send_output() File \"/usr/lib64/python2.4/httplib.py\", line 685, in _send_output self.send(msg) File \"/usr/lib64/python2.4/httplib.py\", line 652, in send self.connect() File \"/usr/lib64/python2.4/site-packages/M2Crypto/httpslib.py\", line 55, in connect sock.connect((self.host, self.port)) File \"/usr/lib64/python2.4/site-packages/M2Crypto/SSL/Connection.py\", line 174, in connect ret = self.connect_ssl() File \"/usr/lib64/python2.4/site-packages/M2Crypto/SSL/Connection.py\", line 167, in connect_ssl return m2.ssl_connect(self.ssl, self._timeout) M2Crypto.SSL.SSLError: unknown protocol solution (refer to here ) \u2193 rm -rf etc/yum.repos.d/* touch etc/yum.repos.d/Bento-Vault.repo vi /etc/yum.repos.d/Bento-Vault.repo #BENTO-BEGIN [C5.8-base] name=CentOS-5.8 - Base #baseurl=http://vault.centos.org/5.8/os/$basearch/ baseurl=http://archive.kernel.org/centos-vault/5.8/os/$basearch/ gpgcheck=1 gpgkey=file:///etc/pki/rpm-gpg/RPM-GPG-KEY-CentOS-5 enabled=1 [C5.8-updates] name=CentOS-5.8 - Updates #baseurl=http://vault.centos.org/5.8/updates/$basearch/ baseurl=http://archive.kernel.org/centos-vault/5.8/updates/$basearch/ gpgcheck=1 gpgkey=file:///etc/pki/rpm-gpg/RPM-GPG-KEY-CentOS-5 enabled=1 [C5.8-extras] name=CentOS-5.8 - Extras #baseurl=http://vault.centos.org/5.8/extras/$basearch/ baseurl=http://archive.kernel.org/centos-vault/5.8/extras/$basearch/ gpgcheck=1 gpgkey=file:///etc/pki/rpm-gpg/RPM-GPG-KEY-CentOS-5 enabled=1 [C5.8-centosplus] name=CentOS-5.8 - Plus #baseurl=http://vault.centos.org/5.8/centosplus/$basearch/ baseurl=http://archive.kernel.org/centos-vault/5.8/centosplus/$basearch/ gpgcheck=1 gpgkey=file:///etc/pki/rpm-gpg/RPM-GPG-KEY-CentOS-5 enabled=1 #BENTO-END yum update succeed \u2193 # yum update Failed to set locale, defaulting to C C5.8-base | 1.1 kB 00:00 C5.8-base/primary | 1.2 MB 00:00 C5.8-base 3591/3591 C5.8-centosplus | 1.9 kB 00:00 C5.8-centosplus/primary_db | 89 kB 00:00 C5.8-extras | 2.1 kB 00:00 C5.8-extras/primary_db | 207 kB 00:00 C5.8-updates | 1.9 kB 00:00 C5.8-updates/primary_db | 1.0 MB 00:00 Setting up Update Process No Packages marked for Update Let's install vim yum install vim-enhanced -y Compile openssl Supposed to be wget, but actually wget not works wget https://github.com/openssl/openssl/archive/refs/tags/openssl-3.0.5.tar.gz --2022-10-20 09:51:09-- https://github.com/openssl/openssl/archive/refs/tags/openssl-3.0.5.tar.gz Resolving github.com... 192.30.255.113 Connecting to github.com|192.30.255.113|:443... connected. OpenSSL: error:1407742E:SSL routines:SSL23_GET_SERVER_HELLO:tlsv1 alert protocol version Unable to establish SSL connection. -------(\u2032\ua20d\u1d17\ua20d\u2035)------------- Above error i have tried varity of approches, but not solve it, so my workaround is to download this tarball on my host, then docker cp to this container. Uncompress openssl tarball. $ tar -xvzf openssl-3.0.5.tar.gz tar: bzip2: Cannot exec: No such file or directory tar: Error is not recoverable: exiting now tar: Child returned status 2 tar: Error exit delayed from previous errors Solution \u2193 $ yum install bzip2 $ tar -xvzf openssl-3.0.5.tar.gz configure openssl $ cd openssl-openssl-3.0.5 $ ./config --prefix=/usr/local/openssl-3.0.5 --openssldir=/usr/local/openssl-3.0.5 Perl v5.10.0 required--this is only v5.8.8, stopped at /openssl-openssl-3.0.5/Configure line 12. BEGIN failed--compilation aborted at /openssl-openssl-3.0.5/Configure line 12. Solution \u2193 Upgrade perl version, basically, i referred to here , but a bit different. I downloaded perl-5.26.3.tar.gz (http://www.cpan.org/authors/id/S/SH/SHAY/perl-5.26.3.tar.gz) cd perl-5.26.3 ./Configure -des -Dprefix=/usr/local/perl -Dusethreads -Uversiononly -Dcc=gcc Above Configure cmd is sightly different from what article demos. make make install After installed, then mv /usr/bin/perl /usr/bin/perl.bak ln -s /usr/local/perl/bin/perl /usr/bin/perl # perl -v perl: warning: Setting locale failed. perl: warning: Please check that your locale settings: LANGUAGE = (unset), LC_ALL = (unset), LANG = \"C.UTF-8\" are supported and installed on your system. perl: warning: Falling back to the standard locale (\"C\"). This is perl 5, version 26, subversion 3 (v5.26.3) built for x86_64-linux-thread-multi Copyright 1987-2018, Larry Wall Perl may be copied only under the terms of either the Artistic License or the GNU General Public License, which may be found in the Perl 5 source kit. Complete documentation for Perl, including FAQ lists, should be found on this system using \"man perl\" or \"perldoc perl\". If you have access to the Internet, point your browser at http://www.perl.org/, the Perl Home Page. upgrade wget I gave up it after a painful struggle. Upgrade ld If you encounter below error. Try to upgrade ld /usr/bin/ld: cannot find -l:libssl.a collect2: ld returned 1 exit status ln: accessing `libpython3.10.so.1.0': No such file or directory upgrade gcc gcc version on this machine is very low. sh-3.2# gcc -v Using built-in specs. Target: x86_64-redhat-linux6E Configured with: ../configure --prefix=/usr --mandir=/usr/share/man --infodir=/usr/share/info --with-bugurl=http://bugzilla.redhat.com/bugzilla --enable-bootstrap --enable-shared --enable-threads=posix --enable-checking=release --with-system-zlib --enable-__cxa_atexit --disable-libunwind-exceptions --disable-gnu-unique-object --with-as=/usr/libexec/binutils220/as --enable-languages=c,c++,fortran --disable-libgcj --with-mpfr=/builddir/build/BUILD/gcc-4.4.7-20120601/obj-x86_64-redhat-linux6E/mpfr-install/ --with-ppl=/builddir/build/BUILD/gcc-4.4.7-20120601/obj-x86_64-redhat-linux6E/ppl-install --with-cloog=/builddir/build/BUILD/gcc-4.4.7-20120601/obj-x86_64-redhat-linux6E/cloog-install --with-tune=generic --with-arch_32=i586 --build=x86_64-redhat-linux6E Thread model: posix gcc version 4.4.7 20120313 (Red Hat 4.4.7-1) (GCC) Error: configure: error: in `/tmp/gcc-12.2.0/host-x86_64-pc-linux-gnu/gcc': configure: error: C++ preprocessor \"/lib/cpp\" fails sanity check See `config.log' for more details make[2]: *** [configure-stage1-gcc] Error 1 make[2]: Leaving directory `/tmp/gcc-12.2.0' make[1]: *** [stage1-bubble] Error 2 make[1]: Leaving directory `/tmp/gcc-12.2.0' make: *** [all] Error 2 solution:\u2193 download gcc-8.2.0, https://ftp.gnu.org/gnu/gcc/gcc-8.2.0/gcc-8.2.0.tar.gz then recompile be patient, it will take a long long time.. reconfigure: got error /tmp/downs/gcc-8.2.0/host-x86_64-pc-linux-gnu/gcc/cc1: error while loading shared libraries: libmpc.so.3: cannot open shared object file: No such file or directory make[3]: *** [s-selftest-c] Error 1 rm gcc.pod make[3]: Leaving directory `/tmp/downs/gcc-8.2.0/host-x86_64-pc-linux-gnu/gcc' make[2]: *** [all-stage1-gcc] Error 2 make[2]: Leaving directory `/tmp/downs/gcc-8.2.0' make[1]: *** [stage1-bubble] Error 2 make[1]: Leaving directory `/tmp/downs/gcc-8.2.0' make: *** [all] Error 2 -- refer to: https://blog.csdn.net/CouragelDesire/article/details/116462607 export LD_LIBRARY_PATH=$LD_LIBRARY_PATH:/usr/local/mpc/lib:/usr/local/gmp/lib:/usr/local/mpfr/lib then reconfigure As prerequisite, we must install below 3 libs before install gcc. Install gmp I downloaded gmp-6.1.2.tar.xz (https://gmplib.org/download/gmp/gmp-6.1.2.tar.xz) yum install xz unxz gmp-6.1.2.tar.xz tar -xf gmp-6.1.2.tar cd gmp-6.1.2 ./configure --prefix=/usr/local/gmp make make install Install mpfr (https://www.mpfr.org/mpfr-current/mpfr-4.1.1.tar.gz) tar -xvzf mpfr-4.1.1.tar.gz cd mpfr-4.1.1 ./configure --prefix=/usr/local/mpfr --with-gmp-include=/usr/local/gmp/include/ --with-gmp-lib=/usr/local/gmp/lib/ make make install Install mpc (https://ftp.gnu.org/gnu/mpc/mpc-1.2.0.tar.gz, it's different from above article, i encounter a error in 1.0.3, as below shows) cd mpc-1.0.3 ./configure --prefix=/usr/local/mpc --with-gmp=/usr/local/gmp --with-mpfr=/usr/local/mpfr make mul.c:175: error: conflicting types for 'mpfr_fmma' /usr/local/mpfr/include/mpfr.h:765: note: previous declaration of 'mpfr_fmma' was here make[2]: *** [mul.lo] Error 1 make[2]: Leaving directory `/mpc-1.0.3/mpc-1.0.3/src' make[1]: *** [all-recursive] Error 1 make[1]: Leaving directory `/mpc-1.0.3/mpc-1.0.3' make: *** [all] Error ---------------- Then i change install version as `1.2.0` (https://ftp.gnu.org/gnu/mpc/mpc-1.2.0.tar.gz), works tar -xvzf mpc-1.2.0.tar.gz cd mpc-1.2.0 ./configure --prefix=/usr/local/mpc --with-gmp=/usr/local/gmp --with-mpfr=/usr/local/mpfr make make install upgrade gcc I choose the latest version of gcc (https://ftp.gnu.org/gnu/gcc/gcc-12.2.0/gcc-12.2.0.tar.gz) but failed, so i change version as gcc-8.2.0 ./configure --prefix=/usr/local/gcc --enable-threads=posix --disable-checking --disable-multilib --enable-languages=c,c++ --with-gmp=/usr/local/gmp --with-mpfr=/usr/local/mpfr --with-mpc=/usr/local/mpc make make install https://www.quora.com/How-can-I-upgrade-GCC-on-CentOS-7 + https://blog.csdn.net/springlustre/article/details/101123238 checking for objdir... .libs checking for the correct version of gmp.h... no configure: error: Building GCC requires GMP 4.2+, MPFR 2.4.0+ and MPC 0.8.0+. Try the --with-gmp, --with-mpfr and/or --with-mpc options to specify their locations. Source code for these libraries can be found at their respective hosting sites as well as at ftp://gcc.gnu.org/pub/gcc/infrastructure/. See also http://gcc.gnu.org/install/prerequisites.html for additional info. If you obtained GMP, MPFR and/or MPC from a vendor distribution package, make sure that you have installed both the libraries and the header files. They may be located in separate packages. 198 pwd 199 ls 200 cd .. 201 ls 202 cd gmp-6.1.0 203 ./configure 204 ./configure --prefix=/usr/local/gmp 205 make 206 make install 207 cd ../mpfr-3.1.4 208 ./configure --prefix=/usr/local/mpfr 209 make 210 make install 211 ls 212 pwd 213 cd .. 214 ls 215 cd mpc-1.0.3 216 pwd 217 pwd 218 ./configure --prefix=/usr/local/mpc --with-gmp=/usr/local/gmp --with-mpfr=/usr/local/mpfr 219 make 220 make install 221 history make -----log------ store_16_.o cas_16_.o exch_16_.o fadd_16_.o fsub_16_.o fand_16_.o fior_16_.o fxor_16_.o fnand_16_.o tas_16_.o libtool: link: ranlib .libs/libatomic.a libtool: link: ( cd \".libs\" && rm -f \"libatomic.la\" && ln -s \"../libatomic.la\" \"libatomic.la\" ) true DO=all multi-do # make make[4]: Leaving directory `/gcc-8.2.0/x86_64-pc-linux-gnu/libatomic' make[3]: Leaving directory `/gcc-8.2.0/x86_64-pc-linux-gnu/libatomic' make[2]: Leaving directory `/gcc-8.2.0/x86_64-pc-linux-gnu/libatomic' make[1]: Leaving directory `/gcc-8.2.0' gcc, install make install ---------------------------------------------------------------------- Libraries have been installed in: /usr/local/gcc/lib/../lib64 If you ever happen to want to link against installed libraries in a given directory, LIBDIR, you must either use libtool, and specify the full pathname of the library, or use the `-LLIBDIR' flag during linking and do at least one of the following: - add LIBDIR to the `LD_LIBRARY_PATH' environment variable during execution - add LIBDIR to the `LD_RUN_PATH' environment variable during linking - use the `-Wl,-rpath -Wl,LIBDIR' linker flag - have your system administrator add LIBDIR to `/etc/ld.so.conf' See any operating system documentation about shared libraries for more information, such as the ld(1) and ld.so(8) manual pages. ---------------------------------------------------------------------- make[4]: Nothing to be done for `install-data-am'. make[4]: Leaving directory `/gcc-8.2.0/x86_64-pc-linux-gnu/libatomic' make[3]: Leaving directory `/gcc-8.2.0/x86_64-pc-linux-gnu/libatomic' make[2]: Leaving directory `/gcc-8.2.0/x86_64-pc-linux-gnu/libatomic' make[1]: Leaving directory `/gcc-8.2.0' # /usr/local/gcc/bin/gcc -v Using built-in specs. COLLECT_GCC=/usr/local/gcc/bin/gcc COLLECT_LTO_WRAPPER=/usr/local/gcc/libexec/gcc/x86_64-pc-linux-gnu/8.2.0/lto-wrapper Target: x86_64-pc-linux-gnu Configured with: ./configure --prefix=/usr/local/gcc --enable-threads=posix --disable-checking --disable-multilib --enable-languages=c,c++ --with-gmp=/usr/local/gmp --with-mpfr=/usr/local/mpfr --with-mpc=/usr/local/mpc Thread model: posix gcc version 8.2.0 (GCC) # ln -s /usr/local/gcc/bin/gcc /usr/bin/gcc # ls -lha /usr/bin/gcc lrwxrwxrwx 1 root root 22 Oct 27 21:53 /usr/bin/gcc -> /usr/local/gcc/bin/gcc # gcc -v Using built-in specs. COLLECT_GCC=gcc COLLECT_LTO_WRAPPER=/usr/local/gcc/libexec/gcc/x86_64-pc-linux-gnu/8.2.0/lto-wrapper Target: x86_64-pc-linux-gnu Configured with: ./configure --prefix=/usr/local/gcc --enable-threads=posix --disable-checking --disable-multilib --enable-languages=c,c++ --with-gmp=/usr/local/gmp --with-mpfr=/usr/local/mpfr --with-mpc=/usr/local/mpc Thread model: posix gcc version 8.2.0 (GCC) compile python # ./configure --prefix=/usr/local/python-3.10.6-with-openssl-3.0.5 --with-openssl=/usr/local/openssl-3.0.5/ --enable-shared checking build system type... x86_64-pc-linux-gnu checking host system type... x86_64-pc-linux-gnu checking for python3.10... no checking for python3... no checking for python... python checking for --enable-universalsdk... no checking for --with-universal-archs... no checking MACHDEP... \"linux\" checking for gcc... gcc checking whether the C compiler works... no configure: error: in `/Python-3.10.6': configure: error: C compiler cannot create executables See `config.log' for more details solution: \u2193 Upgrade ld sh-3.2# export LD_LIBRARY_PATH=/usr/local/python-3.10.6-with-openssl-3.0.5/lib sh-3.2# /usr/local/python-3.10.6-with-openssl-3.0.5/bin/python3 Python 3.10.6 (main, Oct 28 2022, 03:26:08) [GCC 8.2.0] on linux Type \"help\", \"copyright\", \"credits\" or \"license\" for more information. >>> import _ctypes Traceback (most recent call last): File \"<stdin>\", line 1, in <module> ModuleNotFoundError: No module named '_ctypes' compile libffi erro configure:3823: gcc -V >&5 gcc: error: unrecognized command line option '-V' gcc: fatal error: no input files compilation terminated. configure:3834: $? = 1 configure:3823: gcc -qversion >&5 gcc: error: unrecognized command line option '-qversion'; did you mean '--version'? gcc: fatal error: no input files compilation terminated. configure:3834: $? = 1 configure:3854: checking whether the C compiler works configure:3876: gcc conftest.c >&5 /usr/local/gcc/libexec/gcc/x86_64-pc-linux-gnu/8.2.0/cc1: error while loading shared libraries: libmpc.so.3: cannot open shared object file: No such file or directory $ export LD_LIBRARY_PATH=/usr/local/mpc/lib/:/usr/local/mpfr/lib/:/usr/local/gmp/lib/ export LD_LIBRARY_PATH=/usr/local/mpc/lib/:/usr/local/mpfr/lib/:/usr/local/gmp/lib/:/usr/local/libffi/3_2_1/lib/ then recompile python got error /Python-3.10.6/Modules/_ctypes/_ctypes.c:107:10: fatal error: ffi.h: No such file or directory #include <ffi.h> ^~~~~~~ compilation terminated. The necessary bits to build these optional modules were not found: _bz2 _curses _curses_panel _dbm _gdbm _lzma _sqlite3 _tkinter _uuid readline To find the necessary bits, look in setup.py in detect_modules() for the module's name. The following modules found by detect_modules() in setup.py, have been built by the Makefile instead, as configured by the Setup files: _abc _hashlib _socket _ssl pwd time Failed to build these modules: _ctypes shit, i need to compile all the lib not found. then id do below ## sqlite same as in ubuntu ## yum install -y xz-devel ## yum -y install tcl-devel tk-devel The necessary bits to build these optional modules were not found: _bz2 _curses _curses_panel _dbm _gdbm _tkinter _uuid readline To find the necessary bits, look in setup.py in detect_modules() for the module's name. The following modules found by detect_modules() in setup.py, have been built by the Makefile instead, as configured by the Setup files: _abc _hashlib _socket _ssl pwd time Failed to build these modules: _ctypes ## yum install gdbm-devel tk-devel readline-devel bzip2-devel ncurses-devel zlib-devel /Python-3.10.6/Modules/_ctypes/_ctypes.c:107:10: fatal error: ffi.h: No such file or directory #include <ffi.h> ^~~~~~~ compilation terminated. *** WARNING: renaming \"_sqlite3\" since importing it failed: /Python-3.10.6/build/lib.linux-x86_64-3.10/_sqlite3.cpython-310-x86_64-linux-gnu.so: undefined symbol: sqlite3_backup_remaining The necessary bits to build these optional modules were not found: _uuid To find the necessary bits, look in setup.py in detect_modules() for the module's name. The following modules found by detect_modules() in setup.py, have been built by the Makefile instead, as configured by the Setup files: _abc _hashlib _socket _ssl pwd time Failed to build these modules: _ctypes Following modules built successfully but were removed because they could not be imported: _sqlite3 CORE_MODULE /Python-3.10.6/Modules/_ctypes/_ctypes.c:107:10: fatal error: ffi.h: No such file or directory #include <ffi.h> ^~~~~~~ compilation terminated. /python-3.10.6-with-openssl-3.0.5/lib -L/usr/local/lib -ldl -o build/lib.linux-x86_64-3.10/_ctypes.cpython-310-x86_64-linux-gnu.so *** WARNING: renaming \"_sqlite3\" since importing it failed: /Python-3.10.6/build/lib.linux-x86_64-3.10/_sqlite3.cpython-310-x86_64-linux-gnu.so: undefined symbol: sqlite3_backup_remaining *** WARNING: renaming \"_ctypes\" since importing it failed: /Python-3.10.6/build/lib.linux-x86_64-3.10/_ctypes.cpython-310-x86_64-linux-gnu.so: undefined symbol: ffi_prep_cif The necessary bits to build these optional modules were not found: _uuid To find the necessary bits, look in setup.py in detect_modules() for the module's name. The following modules found by detect_modules() in setup.py, have been built by the Makefile instead, as configured by the Setup files: _abc _hashlib _socket _ssl pwd time Following modules built successfully but were removed because they could not be imported: _ctypes _sqlite3 solution \u2193 install libffi-devel install pkg-config https://blog.csdn.net/u012897401/article/details/88994933 but i use pkg-config-0.29.2 wget https://pkg-config.freedesktop.org/releases/pkg-config-0.29.2.tar.gz sh-3.2# ./autogen.sh perl: warning: Setting locale failed. perl: warning: Please check that your locale settings: LANGUAGE = (unset), LC_ALL = (unset), LANG = \"C.UTF-8\" are supported and installed on your system. perl: warning: Falling back to the standard locale (\"C\"). Can't exec \"aclocal\": No such file or directory at /usr/bin/autoreconf line 174. Use of uninitialized value in pattern match (m//) at /usr/bin/autoreconf line 174. autoreconf: Entering directory `.' autoreconf: configure.ac: not using Gettext autoreconf: running: aclocal -I m4 --output=aclocal.m4t Can't exec \"aclocal\": No such file or directory at /usr/share/autoconf/Autom4te/FileUtils.pm line 288. autoreconf: failed to run aclocal: No such file or directory sh-3.2# solution: sh-3.2# yum install automake libtool _ctypes solution: https://bugs.python.org/issue14527 sh-3.2# /usr/local/python-3.10.6-with-openssl-3.0.5/bin/python3 /usr/local/python-3.10.6-with-openssl-3.0.5/bin/python3: error while loading shared libraries: libpython3.10.so.1.0: cannot open shared object file: No such file or directory Questions: - $(PWD) is '/' when root runs references: https://www.cnblogs.com/god-of-death/p/12767113.html OPENSSL_ARTIFACTORY = http://10.79.128.59:8000/openssl-3.0.5.tar.gz PYTHON_ARTIFACTORY = http://10.79.128.59:8000/python-3.10.6-with-openssl-3.0.5.tar.gz x Create docker image from iso image https://wiki.metacentrum.cz/wiki/Creating_Docker_Image_from_.iso_File Install MacOS in virtualBox https://appuals.com/this-copy-of-the-install-os-x-el-capitan-application-cant-be-verified/ https://www.youtube.com/watch?v=-TGtkAGgzBg https://bugs.python.org/issue14527 \u9ed1\u82f9\u679c https://zhuanlan.zhihu.com/p/20248815 On Macos Capitan cat /System/Library/CoreServices/SystemVersion.plist <?xml version=\"1.0\" encoding=\"UTF-8\"?> <!DOCTYPE plist PUBLIC \"-//Apple//DTD PLIST 1.0//EN\" \"http://www.apple.com/DTDs/PropertyList-1.0.dtd\"> <plist version=\"1.0\"> <dict> <key>ProductBuildVersion</key> <string>15F34</string> <key>ProductCopyright</key> <string>1983-2016 Apple Inc.</string> <key>ProductName</key> <string>Mac OS X</string> <key>ProductUserVisibleVersion</key> <string>10.11.5</string> <key>ProductVersion</key> <string>10.11.5</string> </dict> </plist> VMware Remote Console download: https://pagalba.balt.net/index.php/Download_Vmware_Remote_Console_(VMRC)_HTML5 Install Capitan on Fusion: http://cn.tipsandtricks.tech/%E5%A6%82%E4%BD%95%E4%BD%BF%E7%94%A8VMware-Fusion%E5%AE%89%E8%A3%85Mac-OS-X crypto/bn/rsaz-avx512.s:859:2: error: instruction requires: AVX-512 ISA AVX-512 VL ISA vmovdqu64 %ymm3,96(%rdi) ^ crypto/bn/rsaz-avx512.s:860:2: error: instruction requires: AVX-512 ISA AVX-512 VL ISA vmovdqu64 %ymm4,128(%rdi) ^ make[1]: *** [crypto/bn/libcrypto-lib-rsaz-avx512.o] Error 1 make: *** [build_sw] Error 2 mentioned at page https://github.com/openssl/openssl/issues/15937 solution \u2193 change version to 3.0.7 make ---------log---------- rm -f \"util/shlib_wrap.sh\" perl \"-I.\" -Mconfigdata \"util/dofile.pl\" \\ \"-oMakefile\" util/shlib_wrap.sh.in > \"util/shlib_wrap.sh\" chmod a+x util/shlib_wrap.sh rm -f \"util/wrap.pl\" perl \"-I.\" -Mconfigdata \"util/dofile.pl\" \\ \"-oMakefile\" util/wrap.pl.in > \"util/wrap.pl\" chmod a+x util/wrap.pl make ----------log--------------- gcc -Wl,-stack_size,1000000 -framework CoreFoundation -o python.exe Programs/python.o -L. -lpython3.10 -ldl -framework CoreFoundation -L/tmp/openssl-3.0.7/lib -l:libssl.a -Wl,--exclude-libs,libssl.a -l:libcrypto.a -Wl,--exclude-libs,libcrypto.a -L/tmp/openssl-3.0.7/lib -l:libcrypto.a -Wl,--exclude-libs,libcrypto.a ld: library not found for -l:libssl.a clang: error: linker command failed with exit code 1 (use -v to see invocation) make: *** [python.exe] Error 1 solution: ./configure --prefix=/usr/local/python-3.10.6-with-openssl-3.0.5 --with-openssl=/usr/local/openssl-3.0.5/ --enable-shared CPPFLAGS=\"-I/usr/local/openssl-3.0.5/include\" LDFLAGS=\"-L/usr/local/openssl-3.0.5/lib\" The necessary bits to build these optional modules were not found: _tkinter To find the necessary bits, look in configure.ac and config.log. Checked 109 modules (30 built-in, 76 shared, 2 n/a on macosx-10.11-x86_64, 0 disabled, 1 missing, 0 failed on import) Error: python-tk@3.10: Failed to download resource \"gdbm\" solution\uff1a https://www.jianshu.com/p/f028e184a25f ReadTimeoutError: HTTPSConnectionPool(host='files.pythonhosted.org', port=443): Read timed out. $ pip install --upgrade pip --user $ pip install PyInstaller==4.10 WARNING: pip is being invoked by an old script wrapper. This will fail in a future version of pip. Please see https://github.com/pypa/pip/issues/5599 for advice on fixing the underlying issue. To avoid this problem you can invoke Python with '-m pip' instead of running pip directly. DEPRECATION: Python 2.7 reached the end of its life on January 1st, 2020. Please upgrade your Python as Python 2.7 is no longer maintained. pip 21.0 will drop support for Python 2.7 in January 2021. More details about Python 2 support in pip can be found at https://pip.pypa.io/en/latest/development/release-process/#python-2-support pip 21.0 will remove support for this functionality. Defaulting to user installation because normal site-packages is not writeable ERROR: Could not find a version that satisfies the requirement PyInstaller==4.10 (from versions: 2.0, 2.1, 3.0, 3.1, 3.1.1, 3.2, 3.2.1, 3.3, 3.3.1, 3.4, 3.5, 3.6, 4.0, 4.1) ERROR: No matching distribution found for PyInstaller==4.10 $ ./configure --prefix=/tmp/compiled-Python-3.10.6/ --with-openssl=/tmp/openssl-3.0.7/ --enable-shared CPPFLAGS=\"-I/tmp/openssl-3.0.7/include\" LDFLAGS=\"-L/tmp/openssl-3.0.7/lib\" The necessary bits to build these optional modules were not found: ossaudiodev spwd To find the necessary bits, look in setup.py in detect_modules() for the module's name. The following modules found by detect_modules() in setup.py, have been built by the Makefile instead, as configured by the Setup files: _abc pwd time running build_scripts File \"/private/tmp/osspi-cli/virtualenv/lib/python3.10/site-packages/PyInstaller/utils/osx.py\", line 337, in remove_signature_from_binary raise SystemError(f\"codesign command ({cmd_args}) failed with error code {p.returncode}!\\noutput: {p.stdout}\") SystemError: codesign command (['codesign', '--remove', '--all-architectures', '/private/tmp/osspi-cli/build/osspi/osspi']) failed with error code 1! output: /private/tmp/osspi-cli/build/osspi/osspi: invalid or unsupported format for signature make: *** [all] Error 1 \u4e3a\u4ec0\u4e48\u4e0d\u80fd\u7528\u6237brew\u5b89\u88c5\u7684python ? when copy compiled python from EI Capitan to my mac $ build/python/bin/python3 dyld: Library not loaded: /tmp/compiled-Python-3.10.6/lib/libpython3.10.dylib Referenced from: /Users/vzhong/ttt/build/python/bin/python3 Reason: image not found Abort trap: 6 Compile on EI Capitan 1 ping 10.110.124.158 2 ping 10.110.124.158 3 ls 4 ls 5 cd compile-python-openssl/ 6 l 7 ls 8 cd openssl-openssl-3.0.5/ 9 ls 10 ./config --prefix=/usr/local/openssl-3.0.5 --openssldir=/usr/local/openssl-3.0.5 11 make 12 cd .. 13 ls 14 tar -xvzf openssl-3.0.7.tar.gz 15 cd openssl-openssl-3.0.7/ 16 ls 17 ./config --prefix=/usr/local/openssl-3.0.7 --openssldir=/usr/local/openssl-3.0.7 18 make 19 pwd 20 ls 21 ls /usr/local/ 22 make install 23 mkdir /usr/local/openssl-3.0.7 24 sudo mkdir /usr/local/openssl-3.0.7 25 chmod 777 /usr/local/openssl-3.0.7 26 sudo chmod 777 /usr/local/openssl-3.0.7 27 make install 28 pwd 29 cd .. 30 ls 31 cd Python-3.10.6 32 ls 33 ls 34 ls /usr/local/openssl-3.0.5 35 ls /usr/local/ 36 ls /usr/local/openssl-3.0.7 37 pwd 38 ./configure --prefix=/usr/local/python-3.10.6-with-openssl-3.0.7 --with-openssl=/usr/local/openssl-3.0.7/ --enable-shared CPPFLAGS=\"-I/usr/local/openssl-3.0.7/include\" LDFLAGS=\"-L/usr/local/openssl-3.0.7/lib\" 39 make 40 history 41 make install 42 ls /usr/local/ 43 mkdir /usr/local/python-3.10.6-with-openssl-3.0.7 44 sudo mkdir /usr/local/python-3.10.6-with-openssl-3.0.7 45 sudo chmod 777 /usr/local/python-3.10.6-with-openssl-3.0.7 46 make install 47 history back Extra story: vzhong-a01:test-capitan vzhong$ pip install PyInstaller==4.10 DEPRECATION: Python 2.7 reached the end of its life on January 1st, 2020. Please upgrade your Python as Python 2.7 is no longer maintained. pip 21.0 will drop support for Python 2.7 in January 2021. More details about Python 2 support in pip can be found at https://pip.pypa.io/en/latest/development/release-process/#python-2-support pip 21.0 will remove support for this functionality. Defaulting to user installation because normal site-packages is not writeable ERROR: Could not find a version that satisfies the requirement PyInstaller==4.10 (from versions: 2.0, 2.1, 3.0, 3.1, 3.1.1, 3.2, 3.2.1, 3.3, 3.3.1, 3.4, 3.5, 3.6, 4.0, 4.1) ERROR: No matching distribution found for PyInstaller==4.10 solution: \u2193 $ pip3 install PyInstaller==4.10 ./configure LDFLAGS=\"-L/usr/local/mpc/lib\" --prefix=/usr/local/gcc --enable-threads=posix --disable-checking --disable-multilib --enable-languages=c,c++ --with-gmp=/usr/local/gmp --with-mpfr=/usr/local/mpfr --with-mpc=/usr/local/mpc","title":"Hello"},{"location":"blog-compile-python-with-openssl/#questions","text":"Python\u9ed8\u8ba4\u662f\u6ca1\u88c5ssl\u7684\u5417\uff1f","title":"Questions"},{"location":"blog-compile-python-with-openssl/#on-ubuntu-1804","text":"Steps: Prepare ubuntu container Compile openssl Compile python Further: - Issues encountered in the process - References","title":"\u2193 On Ubuntu 18.04"},{"location":"blog-compile-python-with-openssl/#on-mac-os","text":"Steps: Prepare Mac OS Compile openssl Compile python Further: - References","title":"\u2193 On Mac OS"},{"location":"blog-compile-python-with-openssl/#on-centos58","text":"Steps:","title":"\u2193 On Centos5.8"},{"location":"blog-compile-python-with-openssl/#todo","text":"","title":"todo"},{"location":"blog-compile-python-with-openssl/#on-macos-ei-capitan","text":"","title":"\u2193 On Macos EI Capitan"},{"location":"blog-compile-python-with-openssl/#todo_1","text":"","title":"todo"},{"location":"blog-compile-python-with-openssl/#run-ubuntu-container-and-install-required-packages","text":"I will demo it in Ubuntu docker container. So first of all, run a ubuntu container there is no python installed. docker run -it ubuntu:bionic /bin/bash As you can see, python is not installed $ python bash: python: command not found $ python3 bash: python3: command not found \u2193 OS info $ cat /etc/os-release NAME=\"Ubuntu\" VERSION=\"18.04.6 LTS (Bionic Beaver)\" ID=ubuntu ID_LIKE=debian PRETTY_NAME=\"Ubuntu 18.04.6 LTS\" VERSION_ID=\"18.04\" HOME_URL=\"https://www.ubuntu.com/\" SUPPORT_URL=\"https://help.ubuntu.com/\" BUG_REPORT_URL=\"https://bugs.launchpad.net/ubuntu/\" PRIVACY_POLICY_URL=\"https://www.ubuntu.com/legal/terms-and-policies/privacy-policy\" VERSION_CODENAME=bionic UBUNTU_CODENAME=bionic","title":"Run Ubuntu container and install required packages"},{"location":"blog-compile-python-with-openssl/#install-packages","text":"Below packages are required for compilation, otherwise will raise various errors during process. apt-get update apt-get install vim -y $ vim install-pkgs.sh #!/bin/sh apt-get install wget -y apt-get install make -y apt-get install perl -y apt-get install gcc -y apt-get install make -y apt-get install tcl-dev -y apt-get install tk-dev -y apt-get install tk -y apt-get install libffi-dev -y apt-get install libreadline-dev -y apt-get install readline-devel -y apt-get install libbz2-dev -y apt-get install python3-tk -y apt-get install libgdbm-dev -y apt-get install libncurses* -y apt-get install libgdbm-compat-dev -y apt-get install libreadline6-dev -y apt-get install uuid-dev -y apt-get install lzma-dev -y apt-get install liblzma-dev -y Install packages chmod 777 install-pkgs.sh ./install-pkgs.sh","title":"Install packages"},{"location":"blog-compile-python-with-openssl/#compile-sqlite-beforehand","text":"wget https://www.sqlite.org/2018/sqlite-autoconf-3240000.tar.gz tar -xvzf sqlite-autoconf-3240000.tar.gz cd sqlite-autoconf-3240000 ./configure make make install if not compile sqlite, will get below issue when compile python. The necessary bits to build these optional modules were not found: _sqlite3","title":"Compile sqlite beforehand"},{"location":"blog-compile-python-with-openssl/#compile-openssl","text":"","title":"Compile openssl"},{"location":"blog-compile-python-with-openssl/#download-openssl","text":"Download latest openssl Go to github openssl tags , select the latest openssl version. wget https://github.com/openssl/openssl/archive/refs/tags/openssl-3.0.5.tar.gz tar -xvzf openssl-3.0.5.tar.gz","title":"Download openssl"},{"location":"blog-compile-python-with-openssl/#config","text":"mkdir /usr/local/openssl-3.0.5 $ ./config --prefix=/usr/local/openssl-3.0.5 --openssldir=/usr/local/openssl-3.0.5 Configuring OpenSSL version 3.0.5 for target linux-x86_64 Using os-specific seed configuration Created configdata.pm Running configdata.pm Created Makefile.in Created Makefile Created include/openssl/configuration.h ********************************************************************** *** *** *** OpenSSL has been successfully configured *** *** *** *** If you encounter a problem while building, please open an *** *** issue on GitHub <https://github.com/openssl/openssl/issues> *** *** and include the output from the following command: *** *** *** *** perl configdata.pm --dump *** *** *** *** (If you are new to OpenSSL, you might want to consult the *** *** 'Troubleshooting' section in the INSTALL.md file first) *** *** *** ********************************************************************** config successfully","title":"Config"},{"location":"blog-compile-python-with-openssl/#make-install","text":"It will take several minutes make ------------ log --------------- ... /usr/bin/perl \"-I.\" -Mconfigdata \"util/dofile.pl\" \\ \"-oMakefile\" util/shlib_wrap.sh.in > \"util/shlib_wrap.sh\" chmod a+x util/shlib_wrap.sh rm -f \"util/wrap.pl\" /usr/bin/perl \"-I.\" -Mconfigdata \"util/dofile.pl\" \\ \"-oMakefile\" util/wrap.pl.in > \"util/wrap.pl\" chmod a+x util/wrap.pl make[1]: Leaving directory '/home/openssl-openssl-3.0.5' make install ------------- log -------------- ... install doc/html/man7/provider-signature.html -> /usr/local/openssl-3.0.5/share/doc/openssl/html/man7/provider-signature.html install doc/html/man7/provider-storemgmt.html -> /usr/local/openssl-3.0.5/share/doc/openssl/html/man7/provider-storemgmt.html install doc/html/man7/provider.html -> /usr/local/openssl-3.0.5/share/doc/openssl/html/man7/provider.html install doc/html/man7/proxy-certificates.html -> /usr/local/openssl-3.0.5/share/doc/openssl/html/man7/proxy-certificates.html install doc/html/man7/ssl.html -> /usr/local/openssl-3.0.5/share/doc/openssl/html/man7/ssl.html install doc/html/man7/x509.html -> /usr/local/openssl-3.0.5/share/doc/openssl/html/man7/x509.html When installation done, you will find these compiled files under /usr/local/openssl-3.0.5 , for you config it as --prefix ls /usr/local/openssl-3.0.5 bin certs ct_log_list.cnf ct_log_list.cnf.dist include lib64 misc openssl.cnf openssl.cnf.dist private share","title":"Make &amp; install"},{"location":"blog-compile-python-with-openssl/#compile-python","text":"","title":"Compile Python"},{"location":"blog-compile-python-with-openssl/#download-latest-python","text":"wget https://www.python.org/ftp/python/3.10.6/Python-3.10.6.tgz tar -xvzf Python-3.10.6.tgz cd Python-3.10.6","title":"Download latest python"},{"location":"blog-compile-python-with-openssl/#edit-setup","text":"edit Modules/Setup , some python version might be Modules/Setup.dist , but this version, this is Modules/Setup vim Modules/Setup Below is what i changed, at about line 207 _socket socketmodule.c # Socket module helper for SSL support; you must comment out the other # socket line above, and edit the OPENSSL variable: OPENSSL=/usr/local/openssl-3.0.5 # _ssl _ssl.c \\ # -I$(OPENSSL)/include -L$(OPENSSL)/lib \\ # -lssl -lcrypto #_hashlib _hashopenssl.c \\ # -I$(OPENSSL)/include -L$(OPENSSL)/lib \\ # -lcrypto # To statically link OpenSSL: _ssl _ssl.c \\ -I$(OPENSSL)/include -L$(OPENSSL)/lib64 \\ -l:libssl.a -Wl,--exclude-libs,libssl.a \\ -l:libcrypto.a -Wl,--exclude-libs,libcrypto.a _hashlib _hashopenssl.c \\ -I$(OPENSSL)/include -L$(OPENSSL)/lib64 \\ -l:libcrypto.a -Wl,--exclude-libs,libcrypto.a","title":"Edit Setup"},{"location":"blog-compile-python-with-openssl/#config_1","text":"export LD_RUN_PATH=/usr/local/openssl-3.0.5/lib64 ./configure --prefix=/usr/local/python-3.10.6-with-openssl-3.0.5 --with-openssl=/usr/local/openssl-3.0.5/ --enable-shared ----------- log ------------ ... config.status: creating pyconfig.h creating Modules/Setup.local creating Makefile If you want a release build with all stable optimizations active (PGO, etc), please run ./configure --enable-optimizations","title":"Config"},{"location":"blog-compile-python-with-openssl/#install","text":"It will take several minutes make -------------- log ------------ ... gcc -pthread -shared build/temp.linux-x86_64-3.10/home/Python-3.10.6/Modules/_sqlite/cache.o build/temp.linux-x86_64-3.10/home/Python-3.10.6/Modules/_sqlite/connection.o build/temp.linux-x86_64-3.10/home/Python-3.10.6/Modules/_sqlite/cursor.o build/temp.linux-x86_64-3.10/home/Python-3.10.6/Modules/_sqlite/microprotocols.o build/temp.linux-x86_64-3.10/home/Python-3.10.6/Modules/_sqlite/module.o build/temp.linux-x86_64-3.10/home/Python-3.10.6/Modules/_sqlite/prepare_protocol.o build/temp.linux-x86_64-3.10/home/Python-3.10.6/Modules/_sqlite/row.o build/temp.linux-x86_64-3.10/home/Python-3.10.6/Modules/_sqlite/statement.o build/temp.linux-x86_64-3.10/home/Python-3.10.6/Modules/_sqlite/util.o -L/usr/lib/x86_64-linux-gnu -L/usr/local/lib -lsqlite3 -o build/lib.linux-x86_64-3.10/_sqlite3.cpython-310-x86_64-linux-gnu.so The following modules found by detect_modules() in setup.py, have been built by the Makefile instead, as configured by the Setup files: _abc _hashlib _socket _ssl pwd time running build_scripts copying and adjusting /home/Python-3.10.6/Tools/scripts/pydoc3 -> build/scripts-3.10 copying and adjusting /home/Python-3.10.6/Tools/scripts/idle3 -> build/scripts-3.10 copying and adjusting /home/Python-3.10.6/Tools/scripts/2to3 -> build/scripts-3.10 changing mode of build/scripts-3.10/pydoc3 from 644 to 755 changing mode of build/scripts-3.10/idle3 from 644 to 755 changing mode of build/scripts-3.10/2to3 from 644 to 755 renaming build/scripts-3.10/pydoc3 to build/scripts-3.10/pydoc3.10 renaming build/scripts-3.10/idle3 to build/scripts-3.10/idle3.10 renaming build/scripts-3.10/2to3 to build/scripts-3.10/2to3-3.10 gcc -pthread -Xlinker -export-dynamic -o Programs/_testembed Programs/_testembed.o libpython3.10.a -lcrypt -lpthread -ldl -lutil -lm -L/usr/local/openssl/lib64 -l:libssl.a -Wl,--exclude-libs,libssl.a -l:libcrypto.a -Wl,--exclude-libs,libcrypto.a -L/usr/local/openssl/lib64 -l:libcrypto.a -Wl,--exclude-libs,libcrypto.a -lm sed -e \"s,@EXENAME@,/usr/local/python-3.10.6-with-openssl-3.0.5/bin/python3.10,\" < ./Misc/python-config.in >python-config.py LC_ALL=C sed -e 's,\\$(\\([A-Za-z0-9_]*\\)),\\$\\{\\1\\},g' < Misc/python-config.sh >python-config make successfully! At last, install python. make install --------------- log -------------- ... rm -f /usr/local/python-3.10.6-with-openssl-3.0.5/bin/2to3 (cd /usr/local/python-3.10.6-with-openssl-3.0.5/bin; ln -s 2to3-3.10 2to3) if test \"x\" != \"x\" ; then \\ rm -f /usr/local/python-3.10.6-with-openssl-3.0.5/bin/python3-32; \\ (cd /usr/local/python-3.10.6-with-openssl-3.0.5/bin; ln -s python3.10-32 python3-32) \\ fi if test \"x\" != \"x\" ; then \\ rm -f /usr/local/python-3.10.6-with-openssl-3.0.5/bin/python3-intel64; \\ (cd /usr/local/python-3.10.6-with-openssl-3.0.5/bin; ln -s python3.10-intel64 python3-intel64) \\ fi rm -f /usr/local/python-3.10.6-with-openssl-3.0.5/share/man/man1/python3.1 (cd /usr/local/python-3.10.6-with-openssl-3.0.5/share/man/man1; ln -s python3.10.1 python3.1) if test \"xupgrade\" != \"xno\" ; then \\ case upgrade in \\ upgrade) ensurepip=\"--upgrade\" ;; \\ install|*) ensurepip=\"\" ;; \\ esac; \\ ./python -E -m ensurepip \\ $ensurepip --root=/ ; \\ fi Looking in links: /tmp/tmpetpcoecz Processing /tmp/tmpetpcoecz/setuptools-63.2.0-py3-none-any.whl Processing /tmp/tmpetpcoecz/pip-22.2.1-py3-none-any.whl Installing collected packages: setuptools, pip WARNING: The scripts pip3 and pip3.10 are installed in '/usr/local/python-3.10.6-with-openssl-3.0.5/bin' which is not on PATH. Consider adding this directory to PATH or, if you prefer to suppress this warning, use --no-warn-script-location. Successfully installed pip-22.2.1 setuptools-63.2.0 WARNING: Running pip as the 'root' user can result in broken permissions and conflicting behaviour with the system package manager. It is recommended to use a virtual environment instead: https://pip.pypa.io/warnings/venv Though the log is not perfect, but looks like has no impact on the result. $ ls /usr/local/python-3.10.6-with-openssl-3.0.5/ bin include lib share Validate python root@41892223057e:~/Python-3.10.6# /usr/local/python-3.10.6-with-openssl-3.0.5/bin/python3 -v /usr/local/python-3.10.6-with-openssl-3.0.5/bin/python3: error while loading shared libraries: libpython3.10.so.1.0: cannot open shared object file: No such file or directory export LD_LIBRARY_PATH export LD_LIBRARY_PATH=/usr/local/python-3.10.6-with-openssl-3.0.5/lib/ $ # /usr/local/python-3.10.6-with-openssl-3.0.5/bin/python3 Python 3.10.6 (main, Oct 7 2022, 23:04:55) [GCC 7.5.0] on linux Type \"help\", \"copyright\", \"credits\" or \"license\" for more information. >>> >>> import ssl >>> ssl.OPENSSL_VERSION 'OpenSSL 3.0.5 5 Jul 2022' >>> Python compiled successfully!!","title":"Install"},{"location":"blog-compile-python-with-openssl/#issues-encountered","text":"","title":"Issues encountered"},{"location":"blog-compile-python-with-openssl/#configured-incorrectly-in-modulesetup","text":"# Socket module helper for SSL support; you must comment out the other # socket line above, and edit the OPENSSL variable: OPENSSL=/usr/local/openssl-3.0.5 _ssl _ssl.c \\ -I$(OPENSSL)/include -L$(OPENSSL)/lib64 \\ -lssl -lcrypto _hashlib _hashopenssl.c \\ -I$(OPENSSL)/include -L$(OPENSSL)/lib64 \\ -lcrypto # To statically link OpenSSL: _ssl _ssl.c \\ -I$(OPENSSL)/include -L$(OPENSSL)/lib64 \\ -l:libssl.a -Wl,--exclude-libs,libssl.a \\ -l:libcrypto.a -Wl,--exclude-libs,libcrypto.a _hashlib _hashopenssl.c \\ -I$(OPENSSL)/include -L$(OPENSSL)/lib64 \\ -l:libcrypto.a -Wl,--exclude-libs,libcrypto.a I guess the upper part ( line4 to line9 ) is for dynamic compiling, and lower part is for static compiling. So if comment out them simultaneously, will cause an error ( shown as below ) when compile python. Modules/_ssl.o: In function `PyInit__ssl': /home/Python-3.10.6/./Modules/_ssl.c:6242: multiple definition of `PyInit__ssl' Modules/_ssl.o:/home/Python-3.10.6/./Modules/_ssl.c:6242: first defined here Modules/_hashopenssl.o:/home/Python-3.10.6/./Modules/_hashopenssl.c:1822: multiple definition of `HMACtype_spec' Modules/_hashopenssl.o:/home/Python-3.10.6/./Modules/_hashopenssl.c:1822: first defined here Modules/_hashopenssl.o: In function `PyInit__hashlib': /home/Python-3.10.6/./Modules/_hashopenssl.c:2286: multiple definition of `PyInit__hashlib' Modules/_hashopenssl.o:/home/Python-3.10.6/./Modules/_hashopenssl.c:2286: first defined here collect2: error: ld returned 1 exit status ln: failed to access 'libpython3.10.so.1.0': No such file or directory Makefile:656: recipe for target 'libpython3.10.so' failed make: *** [libpython3.10.so] Error 1 PS: If you encounter other issues, it's very likely due to you not install the packages ( listed in step 1 ) properly. e.g. below issue is because gcc is not installed. $ ./config --prefix=/usr/local/openssl --openssldir=/usr/local/openssl Failure! build file wasn't produced. Please read INSTALL.md and associated NOTES-* files. You may also have to look over your available compiler tool chain or change your configuration. ERROR! No C compiler found, please specify one with the environment variable CC, or configure with an explicit configuration target. For there are so many similar issues during my compilation, i not paste them here one by one, i resolved them by installing step 1 packages.","title":"Configured incorrectly in Module/Setup"},{"location":"blog-compile-python-with-openssl/#references","text":"https://techglimpse.com/install-python-openssl-support-tutorial/ http://blog.lujianxin.com/x/art/s538bgptom7o Compile on Mac.","title":"References"},{"location":"blog-compile-python-with-openssl/#preparation","text":"","title":"Preparation"},{"location":"blog-compile-python-with-openssl/#check-your-architecture-of-your-mac","text":"Here is mine. $ set | grep \"MACHTYPE\" MACHTYPE=x86_64-apple-darwin20","title":"Check your architecture of your Mac"},{"location":"blog-compile-python-with-openssl/#download-openssl-tar-ball","text":"It's same as above process","title":"Download openssl tar ball."},{"location":"blog-compile-python-with-openssl/#configure","text":"$ ./configure --prefix=/Users/vzhong/Documents/compile-target/python-3.10.6 --with-openssl=/Users/vzhong/Documents/compile-target/openssl-3.0.5 --enable-optimizations --enable-shared Configuring OpenSSL version 3.0.5 for target darwin64-x86_64-cc Using os-specific seed configuration Created configdata.pm Running configdata.pm Created Makefile.in Created Makefile ********************************************************************** *** *** *** OpenSSL has been successfully configured *** *** *** *** If you encounter a problem while building, please open an *** *** issue on GitHub <https://github.com/openssl/openssl/issues> *** *** and include the output from the following command: *** *** *** *** perl configdata.pm --dump *** *** *** *** (If you are new to OpenSSL, you might want to consult the *** *** 'Troubleshooting' section in the INSTALL.md file first) *** *** *** **********************************************************************","title":"Configure"},{"location":"blog-compile-python-with-openssl/#make-install_1","text":"$ make ---------- log ------------ ... The necessary bits to build these optional modules were not found: ossaudiodev spwd To find the necessary bits, look in setup.py in detect_modules() for the module's name. The following modules found by detect_modules() in setup.py, have been built by the Makefile instead, as configured by the Setup files: _abc pwd time running build_scripts copying and adjusting /Users/vzhong/Documents/mac-compile/Python-3.10.6/Tools/scripts/pydoc3 -> build/scripts-3.10 copying and adjusting /Users/vzhong/Documents/mac-compile/Python-3.10.6/Tools/scripts/idle3 -> build/scripts-3.10 copying and adjusting /Users/vzhong/Documents/mac-compile/Python-3.10.6/Tools/scripts/2to3 -> build/scripts-3.10 changing mode of build/scripts-3.10/pydoc3 from 644 to 755 changing mode of build/scripts-3.10/idle3 from 644 to 755 changing mode of build/scripts-3.10/2to3 from 644 to 755 renaming build/scripts-3.10/pydoc3 to build/scripts-3.10/pydoc3.10 renaming build/scripts-3.10/idle3 to build/scripts-3.10/idle3.10 renaming build/scripts-3.10/2to3 to build/scripts-3.10/2to3-3.10 gcc -c -Wno-unused-result -Wsign-compare -Wunreachable-code -DNDEBUG -g -fwrapv -O3 -Wall -fno-semantic-interposition -std=c99 -Wextra -Wno-unused-result -Wno-unused-parameter -Wno-missing-field-initializers -Wstrict-prototypes -Werror=implicit-function-declaration -fvisibility=hidden -fprofile-instr-use=code.profclangd -I./Include/internal -I. -I./Include -DPy_BUILD_CORE -o Programs/_testembed.o ./Programs/_testembed.c clang: warning: argument unused during compilation: '-fno-semantic-interposition' [-Wunused-command-line-argument] gcc -fno-semantic-interposition -Wl,-stack_size,1000000 -framework CoreFoundation -o Programs/_testembed Programs/_testembed.o libpython3.10.a -lintl -ldl -framework CoreFoundation $ make install ---------- log ------------ ... if test \"xupgrade\" != \"xno\" ; then \\ case upgrade in \\ upgrade) ensurepip=\"--upgrade\" ;; \\ install|*) ensurepip=\"\" ;; \\ esac; \\ DYLD_LIBRARY_PATH=/Users/vzhong/Documents/mac-compile/Python-3.10.6 ./python.exe -E -m ensurepip \\ $ensurepip --root=/ ; \\ fi Looking in links: /var/folders/x3/qp_d__rn70x5hml9z4ygtvv80000gr/T/tmpp4r0himi Requirement already satisfied: setuptools in /Users/vzhong/Documents/compile-target/python-3.10.6/lib/python3.10/site-packages (63.2.0) Requirement already satisfied: pip in /Users/vzhong/Documents/compile-target/python-3.10.6/lib/python3.10/site-packages (22.2.1) Validate if the compilation is successful. $ ~/Documents/compile-target/python-3.10.6/bin/python3 Python 3.10.6 (main, Oct 10 2022, 15:34:10) [Clang 13.0.0 (clang-1300.0.29.30)] on darwin Type \"help\", \"copyright\", \"credits\" or \"license\" for more information. >>> >>> import ssl >>> ssl.OPENSSL_VERSION 'OpenSSL 3.0.5 5 Jul 2022' Ok, succeed!","title":"Make &amp; Install"},{"location":"blog-compile-python-with-openssl/#references_1","text":"[ Youtube ] Compile Python 3.7 on macOS from scratch The end, hope it helps!","title":"References"},{"location":"blog-compile-python-with-openssl/#on-centos-58","text":"","title":"On CentOS 5.8"},{"location":"blog-compile-python-with-openssl/#setup-a-docker-container","text":"There is no centos5.8 in centos dockerhub official repos, i find out one provided by a dockerhub user. docker pull muratayusuke/centos5.8 docker run -it muratayusuke/centos5.8:latest /bin/sh $ head -n 1 /etc/issue CentOS release 5.8 (Final) As we can see, this version has a very low version glibc. \u2193 getconf GNU_LIBC_VERSION glibc 2.5 you will encounter this error when yum update sh-3.2# yum update Loaded plugins: fastestmirror Loading mirror speeds from cached hostfile YumRepo Error: All mirror URLs are not using ftp, http[s] or file. Eg. Invalid release/repo/arch combination/ removing mirrorlist with no valid mirrors: /var/cache/yum/base/mirrorlist.txt Error: Cannot find a valid baseurl for repo: base solution \u2193 cp /etc/yum/pluginconf.d/fastestmirror.conf /etc/yum/pluginconf.d/fastestmirror.conf.bak sed -i \"s|enabled=1|enabled=0|g\" /etc/yum/pluginconf.d/fastestmirror.conf cp /etc/yum.repos.d/CentOS-Base.repo /etc/yum.repos.d/CentOS-Base.repo.bak echo '' > /etc/yum.repos.d/CentOS-Base.repo vi /etc/yum.repos.d/CentOS-Base.repo # CentOS-Base.repo # # The mirror system uses the connecting IP address of the client and the # update status of each mirror to pick mirrors that are updated to and # geographically close to the client. You should use this for CentOS updates # unless you are manually picking other mirrors. # # If the mirrorlist= does not work for you, as a fall back you can try the # remarked out baseurl= line instead. # # [base] name=CentOS-$releasever - Base #mirrorlist=http://mirrorlist.centos.org/?release=$releasever&arch=$basearch&repo=os&infra=$infra #baseurl=http://mirror.centos.org/centos/$releasever/os/$basearch/ baseurl=https://vault.centos.org/6.10/os/$basearch/ gpgcheck=1 gpgkey=file:///etc/pki/rpm-gpg/RPM-GPG-KEY-CentOS-6 #released updates [updates] name=CentOS-$releasever - Updates #mirrorlist=http://mirrorlist.centos.org/?release=$releasever&arch=$basearch&repo=updates&infra=$infra #baseurl=http://mirror.centos.org/centos/$releasever/updates/$basearch/ baseurl=https://vault.centos.org/6.10/updates/$basearch/ gpgcheck=1 gpgkey=file:///etc/pki/rpm-gpg/RPM-GPG-KEY-CentOS-6 #additional packages that may be useful [extras] name=CentOS-$releasever - Extras #mirrorlist=http://mirrorlist.centos.org/?release=$releasever&arch=$basearch&repo=extras&infra=$infra #baseurl=http://mirror.centos.org/centos/$releasever/extras/$basearch/ baseurl=https://vault.centos.org/6.10/extras/$basearch/ gpgcheck=1 gpgkey=file:///etc/pki/rpm-gpg/RPM-GPG-KEY-CentOS-6 Then may encounter another error. sh-3.2# yum update Traceback (most recent call last): File \"/usr/bin/yum\", line 29, in ? yummain.user_main(sys.argv[1:], exit_code=True) File \"/usr/share/yum-cli/yummain.py\", line 309, in user_main errcode = main(args) File \"/usr/share/yum-cli/yummain.py\", line 178, in main result, resultmsgs = base.doCommands() File \"/usr/share/yum-cli/cli.py\", line 345, in doCommands self._getTs(needTsRemove) File \"/usr/lib/python2.4/site-packages/yum/depsolve.py\", line 101, in _getTs self._getTsInfo(remove_only) File \"/usr/lib/python2.4/site-packages/yum/depsolve.py\", line 112, in _getTsInfo pkgSack = self.pkgSack File \"/usr/lib/python2.4/site-packages/yum/__init__.py\", line 662, in <lambda> pkgSack = property(fget=lambda self: self._getSacks(), File \"/usr/lib/python2.4/site-packages/yum/__init__.py\", line 502, in _getSacks self.repos.populateSack(which=repos) File \"/usr/lib/python2.4/site-packages/yum/repos.py\", line 260, in populateSack sack.populate(repo, mdtype, callback, cacheonly) File \"/usr/lib/python2.4/site-packages/yum/yumRepo.py\", line 168, in populate if self._check_db_version(repo, mydbtype): File \"/usr/lib/python2.4/site-packages/yum/yumRepo.py\", line 226, in _check_db_version return repo._check_db_version(mdtype) File \"/usr/lib/python2.4/site-packages/yum/yumRepo.py\", line 1226, in _check_db_version repoXML = self.repoXML File \"/usr/lib/python2.4/site-packages/yum/yumRepo.py\", line 1399, in <lambda> repoXML = property(fget=lambda self: self._getRepoXML(), File \"/usr/lib/python2.4/site-packages/yum/yumRepo.py\", line 1391, in _getRepoXML self._loadRepoXML(text=self) File \"/usr/lib/python2.4/site-packages/yum/yumRepo.py\", line 1381, in _loadRepoXML return self._groupLoadRepoXML(text, [\"primary\"]) File \"/usr/lib/python2.4/site-packages/yum/yumRepo.py\", line 1365, in _groupLoadRepoXML if self._commonLoadRepoXML(text): File \"/usr/lib/python2.4/site-packages/yum/yumRepo.py\", line 1201, in _commonLoadRepoXML result = self._getFileRepoXML(local, text) File \"/usr/lib/python2.4/site-packages/yum/yumRepo.py\", line 974, in _getFileRepoXML cache=self.http_caching == 'all') File \"/usr/lib/python2.4/site-packages/yum/yumRepo.py\", line 811, in _getFile http_headers=headers, File \"/usr/lib/python2.4/site-packages/urlgrabber/mirror.py\", line 412, in urlgrab return self._mirror_try(func, url, kw) File \"/usr/lib/python2.4/site-packages/urlgrabber/mirror.py\", line 398, in _mirror_try return func_ref( *(fullurl,), **kwargs ) File \"/usr/lib/python2.4/site-packages/urlgrabber/grabber.py\", line 936, in urlgrab return self._retry(opts, retryfunc, url, filename) File \"/usr/lib/python2.4/site-packages/urlgrabber/grabber.py\", line 854, in _retry r = apply(func, (opts,) + args, {}) File \"/usr/lib/python2.4/site-packages/urlgrabber/grabber.py\", line 922, in retryfunc fo = URLGrabberFileObject(url, filename, opts) File \"/usr/lib/python2.4/site-packages/urlgrabber/grabber.py\", line 1010, in __init__ self._do_open() File \"/usr/lib/python2.4/site-packages/urlgrabber/grabber.py\", line 1093, in _do_open fo, hdr = self._make_request(req, opener) File \"/usr/lib/python2.4/site-packages/urlgrabber/grabber.py\", line 1202, in _make_request fo = opener.open(req) File \"/usr/lib64/python2.4/urllib2.py\", line 364, in open response = meth(req, response) File \"/usr/lib64/python2.4/urllib2.py\", line 471, in http_response response = self.parent.error( File \"/usr/lib64/python2.4/urllib2.py\", line 396, in error result = self._call_chain(*args) File \"/usr/lib64/python2.4/urllib2.py\", line 337, in _call_chain result = func(*args) File \"/usr/lib64/python2.4/urllib2.py\", line 565, in http_error_302 return self.parent.open(new) File \"/usr/lib64/python2.4/urllib2.py\", line 358, in open response = self._open(req, data) File \"/usr/lib64/python2.4/urllib2.py\", line 376, in _open '_open', req) File \"/usr/lib64/python2.4/urllib2.py\", line 337, in _call_chain result = func(*args) File \"/usr/lib64/python2.4/site-packages/M2Crypto/m2urllib2.py\", line 82, in https_open h.request(req.get_method(), req.get_selector(), req.data, headers) File \"/usr/lib64/python2.4/httplib.py\", line 810, in request self._send_request(method, url, body, headers) File \"/usr/lib64/python2.4/httplib.py\", line 833, in _send_request self.endheaders() File \"/usr/lib64/python2.4/httplib.py\", line 804, in endheaders self._send_output() File \"/usr/lib64/python2.4/httplib.py\", line 685, in _send_output self.send(msg) File \"/usr/lib64/python2.4/httplib.py\", line 652, in send self.connect() File \"/usr/lib64/python2.4/site-packages/M2Crypto/httpslib.py\", line 55, in connect sock.connect((self.host, self.port)) File \"/usr/lib64/python2.4/site-packages/M2Crypto/SSL/Connection.py\", line 174, in connect ret = self.connect_ssl() File \"/usr/lib64/python2.4/site-packages/M2Crypto/SSL/Connection.py\", line 167, in connect_ssl return m2.ssl_connect(self.ssl, self._timeout) M2Crypto.SSL.SSLError: unknown protocol solution (refer to here ) \u2193 rm -rf etc/yum.repos.d/* touch etc/yum.repos.d/Bento-Vault.repo vi /etc/yum.repos.d/Bento-Vault.repo #BENTO-BEGIN [C5.8-base] name=CentOS-5.8 - Base #baseurl=http://vault.centos.org/5.8/os/$basearch/ baseurl=http://archive.kernel.org/centos-vault/5.8/os/$basearch/ gpgcheck=1 gpgkey=file:///etc/pki/rpm-gpg/RPM-GPG-KEY-CentOS-5 enabled=1 [C5.8-updates] name=CentOS-5.8 - Updates #baseurl=http://vault.centos.org/5.8/updates/$basearch/ baseurl=http://archive.kernel.org/centos-vault/5.8/updates/$basearch/ gpgcheck=1 gpgkey=file:///etc/pki/rpm-gpg/RPM-GPG-KEY-CentOS-5 enabled=1 [C5.8-extras] name=CentOS-5.8 - Extras #baseurl=http://vault.centos.org/5.8/extras/$basearch/ baseurl=http://archive.kernel.org/centos-vault/5.8/extras/$basearch/ gpgcheck=1 gpgkey=file:///etc/pki/rpm-gpg/RPM-GPG-KEY-CentOS-5 enabled=1 [C5.8-centosplus] name=CentOS-5.8 - Plus #baseurl=http://vault.centos.org/5.8/centosplus/$basearch/ baseurl=http://archive.kernel.org/centos-vault/5.8/centosplus/$basearch/ gpgcheck=1 gpgkey=file:///etc/pki/rpm-gpg/RPM-GPG-KEY-CentOS-5 enabled=1 #BENTO-END yum update succeed \u2193 # yum update Failed to set locale, defaulting to C C5.8-base | 1.1 kB 00:00 C5.8-base/primary | 1.2 MB 00:00 C5.8-base 3591/3591 C5.8-centosplus | 1.9 kB 00:00 C5.8-centosplus/primary_db | 89 kB 00:00 C5.8-extras | 2.1 kB 00:00 C5.8-extras/primary_db | 207 kB 00:00 C5.8-updates | 1.9 kB 00:00 C5.8-updates/primary_db | 1.0 MB 00:00 Setting up Update Process No Packages marked for Update Let's install vim yum install vim-enhanced -y","title":"Setup a docker container"},{"location":"blog-compile-python-with-openssl/#compile-openssl_1","text":"Supposed to be wget, but actually wget not works wget https://github.com/openssl/openssl/archive/refs/tags/openssl-3.0.5.tar.gz --2022-10-20 09:51:09-- https://github.com/openssl/openssl/archive/refs/tags/openssl-3.0.5.tar.gz Resolving github.com... 192.30.255.113 Connecting to github.com|192.30.255.113|:443... connected. OpenSSL: error:1407742E:SSL routines:SSL23_GET_SERVER_HELLO:tlsv1 alert protocol version Unable to establish SSL connection. -------(\u2032\ua20d\u1d17\ua20d\u2035)------------- Above error i have tried varity of approches, but not solve it, so my workaround is to download this tarball on my host, then docker cp to this container. Uncompress openssl tarball. $ tar -xvzf openssl-3.0.5.tar.gz tar: bzip2: Cannot exec: No such file or directory tar: Error is not recoverable: exiting now tar: Child returned status 2 tar: Error exit delayed from previous errors Solution \u2193 $ yum install bzip2 $ tar -xvzf openssl-3.0.5.tar.gz configure openssl $ cd openssl-openssl-3.0.5 $ ./config --prefix=/usr/local/openssl-3.0.5 --openssldir=/usr/local/openssl-3.0.5 Perl v5.10.0 required--this is only v5.8.8, stopped at /openssl-openssl-3.0.5/Configure line 12. BEGIN failed--compilation aborted at /openssl-openssl-3.0.5/Configure line 12. Solution \u2193 Upgrade perl version, basically, i referred to here , but a bit different. I downloaded perl-5.26.3.tar.gz (http://www.cpan.org/authors/id/S/SH/SHAY/perl-5.26.3.tar.gz) cd perl-5.26.3 ./Configure -des -Dprefix=/usr/local/perl -Dusethreads -Uversiononly -Dcc=gcc Above Configure cmd is sightly different from what article demos. make make install After installed, then mv /usr/bin/perl /usr/bin/perl.bak ln -s /usr/local/perl/bin/perl /usr/bin/perl # perl -v perl: warning: Setting locale failed. perl: warning: Please check that your locale settings: LANGUAGE = (unset), LC_ALL = (unset), LANG = \"C.UTF-8\" are supported and installed on your system. perl: warning: Falling back to the standard locale (\"C\"). This is perl 5, version 26, subversion 3 (v5.26.3) built for x86_64-linux-thread-multi Copyright 1987-2018, Larry Wall Perl may be copied only under the terms of either the Artistic License or the GNU General Public License, which may be found in the Perl 5 source kit. Complete documentation for Perl, including FAQ lists, should be found on this system using \"man perl\" or \"perldoc perl\". If you have access to the Internet, point your browser at http://www.perl.org/, the Perl Home Page.","title":"Compile openssl"},{"location":"blog-compile-python-with-openssl/#upgrade-wget","text":"I gave up it after a painful struggle.","title":"upgrade wget"},{"location":"blog-compile-python-with-openssl/#upgrade-ld","text":"If you encounter below error. Try to upgrade ld /usr/bin/ld: cannot find -l:libssl.a collect2: ld returned 1 exit status ln: accessing `libpython3.10.so.1.0': No such file or directory","title":"Upgrade ld"},{"location":"blog-compile-python-with-openssl/#upgrade-gcc","text":"gcc version on this machine is very low. sh-3.2# gcc -v Using built-in specs. Target: x86_64-redhat-linux6E Configured with: ../configure --prefix=/usr --mandir=/usr/share/man --infodir=/usr/share/info --with-bugurl=http://bugzilla.redhat.com/bugzilla --enable-bootstrap --enable-shared --enable-threads=posix --enable-checking=release --with-system-zlib --enable-__cxa_atexit --disable-libunwind-exceptions --disable-gnu-unique-object --with-as=/usr/libexec/binutils220/as --enable-languages=c,c++,fortran --disable-libgcj --with-mpfr=/builddir/build/BUILD/gcc-4.4.7-20120601/obj-x86_64-redhat-linux6E/mpfr-install/ --with-ppl=/builddir/build/BUILD/gcc-4.4.7-20120601/obj-x86_64-redhat-linux6E/ppl-install --with-cloog=/builddir/build/BUILD/gcc-4.4.7-20120601/obj-x86_64-redhat-linux6E/cloog-install --with-tune=generic --with-arch_32=i586 --build=x86_64-redhat-linux6E Thread model: posix gcc version 4.4.7 20120313 (Red Hat 4.4.7-1) (GCC) Error: configure: error: in `/tmp/gcc-12.2.0/host-x86_64-pc-linux-gnu/gcc': configure: error: C++ preprocessor \"/lib/cpp\" fails sanity check See `config.log' for more details make[2]: *** [configure-stage1-gcc] Error 1 make[2]: Leaving directory `/tmp/gcc-12.2.0' make[1]: *** [stage1-bubble] Error 2 make[1]: Leaving directory `/tmp/gcc-12.2.0' make: *** [all] Error 2 solution:\u2193 download gcc-8.2.0, https://ftp.gnu.org/gnu/gcc/gcc-8.2.0/gcc-8.2.0.tar.gz then recompile be patient, it will take a long long time.. reconfigure: got error /tmp/downs/gcc-8.2.0/host-x86_64-pc-linux-gnu/gcc/cc1: error while loading shared libraries: libmpc.so.3: cannot open shared object file: No such file or directory make[3]: *** [s-selftest-c] Error 1 rm gcc.pod make[3]: Leaving directory `/tmp/downs/gcc-8.2.0/host-x86_64-pc-linux-gnu/gcc' make[2]: *** [all-stage1-gcc] Error 2 make[2]: Leaving directory `/tmp/downs/gcc-8.2.0' make[1]: *** [stage1-bubble] Error 2 make[1]: Leaving directory `/tmp/downs/gcc-8.2.0' make: *** [all] Error 2 -- refer to: https://blog.csdn.net/CouragelDesire/article/details/116462607 export LD_LIBRARY_PATH=$LD_LIBRARY_PATH:/usr/local/mpc/lib:/usr/local/gmp/lib:/usr/local/mpfr/lib then reconfigure As prerequisite, we must install below 3 libs before install gcc. Install gmp I downloaded gmp-6.1.2.tar.xz (https://gmplib.org/download/gmp/gmp-6.1.2.tar.xz) yum install xz unxz gmp-6.1.2.tar.xz tar -xf gmp-6.1.2.tar cd gmp-6.1.2 ./configure --prefix=/usr/local/gmp make make install Install mpfr (https://www.mpfr.org/mpfr-current/mpfr-4.1.1.tar.gz) tar -xvzf mpfr-4.1.1.tar.gz cd mpfr-4.1.1 ./configure --prefix=/usr/local/mpfr --with-gmp-include=/usr/local/gmp/include/ --with-gmp-lib=/usr/local/gmp/lib/ make make install Install mpc (https://ftp.gnu.org/gnu/mpc/mpc-1.2.0.tar.gz, it's different from above article, i encounter a error in 1.0.3, as below shows) cd mpc-1.0.3 ./configure --prefix=/usr/local/mpc --with-gmp=/usr/local/gmp --with-mpfr=/usr/local/mpfr make mul.c:175: error: conflicting types for 'mpfr_fmma' /usr/local/mpfr/include/mpfr.h:765: note: previous declaration of 'mpfr_fmma' was here make[2]: *** [mul.lo] Error 1 make[2]: Leaving directory `/mpc-1.0.3/mpc-1.0.3/src' make[1]: *** [all-recursive] Error 1 make[1]: Leaving directory `/mpc-1.0.3/mpc-1.0.3' make: *** [all] Error ---------------- Then i change install version as `1.2.0` (https://ftp.gnu.org/gnu/mpc/mpc-1.2.0.tar.gz), works tar -xvzf mpc-1.2.0.tar.gz cd mpc-1.2.0 ./configure --prefix=/usr/local/mpc --with-gmp=/usr/local/gmp --with-mpfr=/usr/local/mpfr make make install upgrade gcc I choose the latest version of gcc (https://ftp.gnu.org/gnu/gcc/gcc-12.2.0/gcc-12.2.0.tar.gz) but failed, so i change version as gcc-8.2.0 ./configure --prefix=/usr/local/gcc --enable-threads=posix --disable-checking --disable-multilib --enable-languages=c,c++ --with-gmp=/usr/local/gmp --with-mpfr=/usr/local/mpfr --with-mpc=/usr/local/mpc make make install https://www.quora.com/How-can-I-upgrade-GCC-on-CentOS-7 + https://blog.csdn.net/springlustre/article/details/101123238 checking for objdir... .libs checking for the correct version of gmp.h... no configure: error: Building GCC requires GMP 4.2+, MPFR 2.4.0+ and MPC 0.8.0+. Try the --with-gmp, --with-mpfr and/or --with-mpc options to specify their locations. Source code for these libraries can be found at their respective hosting sites as well as at ftp://gcc.gnu.org/pub/gcc/infrastructure/. See also http://gcc.gnu.org/install/prerequisites.html for additional info. If you obtained GMP, MPFR and/or MPC from a vendor distribution package, make sure that you have installed both the libraries and the header files. They may be located in separate packages. 198 pwd 199 ls 200 cd .. 201 ls 202 cd gmp-6.1.0 203 ./configure 204 ./configure --prefix=/usr/local/gmp 205 make 206 make install 207 cd ../mpfr-3.1.4 208 ./configure --prefix=/usr/local/mpfr 209 make 210 make install 211 ls 212 pwd 213 cd .. 214 ls 215 cd mpc-1.0.3 216 pwd 217 pwd 218 ./configure --prefix=/usr/local/mpc --with-gmp=/usr/local/gmp --with-mpfr=/usr/local/mpfr 219 make 220 make install 221 history make -----log------ store_16_.o cas_16_.o exch_16_.o fadd_16_.o fsub_16_.o fand_16_.o fior_16_.o fxor_16_.o fnand_16_.o tas_16_.o libtool: link: ranlib .libs/libatomic.a libtool: link: ( cd \".libs\" && rm -f \"libatomic.la\" && ln -s \"../libatomic.la\" \"libatomic.la\" ) true DO=all multi-do # make make[4]: Leaving directory `/gcc-8.2.0/x86_64-pc-linux-gnu/libatomic' make[3]: Leaving directory `/gcc-8.2.0/x86_64-pc-linux-gnu/libatomic' make[2]: Leaving directory `/gcc-8.2.0/x86_64-pc-linux-gnu/libatomic' make[1]: Leaving directory `/gcc-8.2.0' gcc, install make install ---------------------------------------------------------------------- Libraries have been installed in: /usr/local/gcc/lib/../lib64 If you ever happen to want to link against installed libraries in a given directory, LIBDIR, you must either use libtool, and specify the full pathname of the library, or use the `-LLIBDIR' flag during linking and do at least one of the following: - add LIBDIR to the `LD_LIBRARY_PATH' environment variable during execution - add LIBDIR to the `LD_RUN_PATH' environment variable during linking - use the `-Wl,-rpath -Wl,LIBDIR' linker flag - have your system administrator add LIBDIR to `/etc/ld.so.conf' See any operating system documentation about shared libraries for more information, such as the ld(1) and ld.so(8) manual pages. ---------------------------------------------------------------------- make[4]: Nothing to be done for `install-data-am'. make[4]: Leaving directory `/gcc-8.2.0/x86_64-pc-linux-gnu/libatomic' make[3]: Leaving directory `/gcc-8.2.0/x86_64-pc-linux-gnu/libatomic' make[2]: Leaving directory `/gcc-8.2.0/x86_64-pc-linux-gnu/libatomic' make[1]: Leaving directory `/gcc-8.2.0' # /usr/local/gcc/bin/gcc -v Using built-in specs. COLLECT_GCC=/usr/local/gcc/bin/gcc COLLECT_LTO_WRAPPER=/usr/local/gcc/libexec/gcc/x86_64-pc-linux-gnu/8.2.0/lto-wrapper Target: x86_64-pc-linux-gnu Configured with: ./configure --prefix=/usr/local/gcc --enable-threads=posix --disable-checking --disable-multilib --enable-languages=c,c++ --with-gmp=/usr/local/gmp --with-mpfr=/usr/local/mpfr --with-mpc=/usr/local/mpc Thread model: posix gcc version 8.2.0 (GCC) # ln -s /usr/local/gcc/bin/gcc /usr/bin/gcc # ls -lha /usr/bin/gcc lrwxrwxrwx 1 root root 22 Oct 27 21:53 /usr/bin/gcc -> /usr/local/gcc/bin/gcc # gcc -v Using built-in specs. COLLECT_GCC=gcc COLLECT_LTO_WRAPPER=/usr/local/gcc/libexec/gcc/x86_64-pc-linux-gnu/8.2.0/lto-wrapper Target: x86_64-pc-linux-gnu Configured with: ./configure --prefix=/usr/local/gcc --enable-threads=posix --disable-checking --disable-multilib --enable-languages=c,c++ --with-gmp=/usr/local/gmp --with-mpfr=/usr/local/mpfr --with-mpc=/usr/local/mpc Thread model: posix gcc version 8.2.0 (GCC) compile python # ./configure --prefix=/usr/local/python-3.10.6-with-openssl-3.0.5 --with-openssl=/usr/local/openssl-3.0.5/ --enable-shared checking build system type... x86_64-pc-linux-gnu checking host system type... x86_64-pc-linux-gnu checking for python3.10... no checking for python3... no checking for python... python checking for --enable-universalsdk... no checking for --with-universal-archs... no checking MACHDEP... \"linux\" checking for gcc... gcc checking whether the C compiler works... no configure: error: in `/Python-3.10.6': configure: error: C compiler cannot create executables See `config.log' for more details solution: \u2193","title":"upgrade gcc"},{"location":"blog-compile-python-with-openssl/#upgrade-ld_1","text":"sh-3.2# export LD_LIBRARY_PATH=/usr/local/python-3.10.6-with-openssl-3.0.5/lib sh-3.2# /usr/local/python-3.10.6-with-openssl-3.0.5/bin/python3 Python 3.10.6 (main, Oct 28 2022, 03:26:08) [GCC 8.2.0] on linux Type \"help\", \"copyright\", \"credits\" or \"license\" for more information. >>> import _ctypes Traceback (most recent call last): File \"<stdin>\", line 1, in <module> ModuleNotFoundError: No module named '_ctypes' compile libffi erro configure:3823: gcc -V >&5 gcc: error: unrecognized command line option '-V' gcc: fatal error: no input files compilation terminated. configure:3834: $? = 1 configure:3823: gcc -qversion >&5 gcc: error: unrecognized command line option '-qversion'; did you mean '--version'? gcc: fatal error: no input files compilation terminated. configure:3834: $? = 1 configure:3854: checking whether the C compiler works configure:3876: gcc conftest.c >&5 /usr/local/gcc/libexec/gcc/x86_64-pc-linux-gnu/8.2.0/cc1: error while loading shared libraries: libmpc.so.3: cannot open shared object file: No such file or directory $ export LD_LIBRARY_PATH=/usr/local/mpc/lib/:/usr/local/mpfr/lib/:/usr/local/gmp/lib/ export LD_LIBRARY_PATH=/usr/local/mpc/lib/:/usr/local/mpfr/lib/:/usr/local/gmp/lib/:/usr/local/libffi/3_2_1/lib/ then recompile python got error /Python-3.10.6/Modules/_ctypes/_ctypes.c:107:10: fatal error: ffi.h: No such file or directory #include <ffi.h> ^~~~~~~ compilation terminated. The necessary bits to build these optional modules were not found: _bz2 _curses _curses_panel _dbm _gdbm _lzma _sqlite3 _tkinter _uuid readline To find the necessary bits, look in setup.py in detect_modules() for the module's name. The following modules found by detect_modules() in setup.py, have been built by the Makefile instead, as configured by the Setup files: _abc _hashlib _socket _ssl pwd time Failed to build these modules: _ctypes shit, i need to compile all the lib not found. then id do below ## sqlite same as in ubuntu ## yum install -y xz-devel ## yum -y install tcl-devel tk-devel The necessary bits to build these optional modules were not found: _bz2 _curses _curses_panel _dbm _gdbm _tkinter _uuid readline To find the necessary bits, look in setup.py in detect_modules() for the module's name. The following modules found by detect_modules() in setup.py, have been built by the Makefile instead, as configured by the Setup files: _abc _hashlib _socket _ssl pwd time Failed to build these modules: _ctypes ## yum install gdbm-devel tk-devel readline-devel bzip2-devel ncurses-devel zlib-devel /Python-3.10.6/Modules/_ctypes/_ctypes.c:107:10: fatal error: ffi.h: No such file or directory #include <ffi.h> ^~~~~~~ compilation terminated. *** WARNING: renaming \"_sqlite3\" since importing it failed: /Python-3.10.6/build/lib.linux-x86_64-3.10/_sqlite3.cpython-310-x86_64-linux-gnu.so: undefined symbol: sqlite3_backup_remaining The necessary bits to build these optional modules were not found: _uuid To find the necessary bits, look in setup.py in detect_modules() for the module's name. The following modules found by detect_modules() in setup.py, have been built by the Makefile instead, as configured by the Setup files: _abc _hashlib _socket _ssl pwd time Failed to build these modules: _ctypes Following modules built successfully but were removed because they could not be imported: _sqlite3 CORE_MODULE /Python-3.10.6/Modules/_ctypes/_ctypes.c:107:10: fatal error: ffi.h: No such file or directory #include <ffi.h> ^~~~~~~ compilation terminated. /python-3.10.6-with-openssl-3.0.5/lib -L/usr/local/lib -ldl -o build/lib.linux-x86_64-3.10/_ctypes.cpython-310-x86_64-linux-gnu.so *** WARNING: renaming \"_sqlite3\" since importing it failed: /Python-3.10.6/build/lib.linux-x86_64-3.10/_sqlite3.cpython-310-x86_64-linux-gnu.so: undefined symbol: sqlite3_backup_remaining *** WARNING: renaming \"_ctypes\" since importing it failed: /Python-3.10.6/build/lib.linux-x86_64-3.10/_ctypes.cpython-310-x86_64-linux-gnu.so: undefined symbol: ffi_prep_cif The necessary bits to build these optional modules were not found: _uuid To find the necessary bits, look in setup.py in detect_modules() for the module's name. The following modules found by detect_modules() in setup.py, have been built by the Makefile instead, as configured by the Setup files: _abc _hashlib _socket _ssl pwd time Following modules built successfully but were removed because they could not be imported: _ctypes _sqlite3 solution \u2193","title":"Upgrade ld"},{"location":"blog-compile-python-with-openssl/#install-libffi-devel","text":"","title":"install libffi-devel"},{"location":"blog-compile-python-with-openssl/#install-pkg-config","text":"https://blog.csdn.net/u012897401/article/details/88994933 but i use pkg-config-0.29.2 wget https://pkg-config.freedesktop.org/releases/pkg-config-0.29.2.tar.gz sh-3.2# ./autogen.sh perl: warning: Setting locale failed. perl: warning: Please check that your locale settings: LANGUAGE = (unset), LC_ALL = (unset), LANG = \"C.UTF-8\" are supported and installed on your system. perl: warning: Falling back to the standard locale (\"C\"). Can't exec \"aclocal\": No such file or directory at /usr/bin/autoreconf line 174. Use of uninitialized value in pattern match (m//) at /usr/bin/autoreconf line 174. autoreconf: Entering directory `.' autoreconf: configure.ac: not using Gettext autoreconf: running: aclocal -I m4 --output=aclocal.m4t Can't exec \"aclocal\": No such file or directory at /usr/share/autoconf/Autom4te/FileUtils.pm line 288. autoreconf: failed to run aclocal: No such file or directory sh-3.2# solution: sh-3.2# yum install automake libtool _ctypes solution: https://bugs.python.org/issue14527 sh-3.2# /usr/local/python-3.10.6-with-openssl-3.0.5/bin/python3 /usr/local/python-3.10.6-with-openssl-3.0.5/bin/python3: error while loading shared libraries: libpython3.10.so.1.0: cannot open shared object file: No such file or directory Questions: - $(PWD) is '/' when root runs references: https://www.cnblogs.com/god-of-death/p/12767113.html OPENSSL_ARTIFACTORY = http://10.79.128.59:8000/openssl-3.0.5.tar.gz PYTHON_ARTIFACTORY = http://10.79.128.59:8000/python-3.10.6-with-openssl-3.0.5.tar.gz","title":"install pkg-config"},{"location":"blog-compile-python-with-openssl/#x","text":"Create docker image from iso image https://wiki.metacentrum.cz/wiki/Creating_Docker_Image_from_.iso_File","title":"x"},{"location":"blog-compile-python-with-openssl/#install-macos-in-virtualbox","text":"https://appuals.com/this-copy-of-the-install-os-x-el-capitan-application-cant-be-verified/ https://www.youtube.com/watch?v=-TGtkAGgzBg https://bugs.python.org/issue14527 \u9ed1\u82f9\u679c https://zhuanlan.zhihu.com/p/20248815","title":"Install MacOS in virtualBox"},{"location":"blog-compile-python-with-openssl/#on-macos-capitan","text":"cat /System/Library/CoreServices/SystemVersion.plist <?xml version=\"1.0\" encoding=\"UTF-8\"?> <!DOCTYPE plist PUBLIC \"-//Apple//DTD PLIST 1.0//EN\" \"http://www.apple.com/DTDs/PropertyList-1.0.dtd\"> <plist version=\"1.0\"> <dict> <key>ProductBuildVersion</key> <string>15F34</string> <key>ProductCopyright</key> <string>1983-2016 Apple Inc.</string> <key>ProductName</key> <string>Mac OS X</string> <key>ProductUserVisibleVersion</key> <string>10.11.5</string> <key>ProductVersion</key> <string>10.11.5</string> </dict> </plist> VMware Remote Console download: https://pagalba.balt.net/index.php/Download_Vmware_Remote_Console_(VMRC)_HTML5 Install Capitan on Fusion: http://cn.tipsandtricks.tech/%E5%A6%82%E4%BD%95%E4%BD%BF%E7%94%A8VMware-Fusion%E5%AE%89%E8%A3%85Mac-OS-X crypto/bn/rsaz-avx512.s:859:2: error: instruction requires: AVX-512 ISA AVX-512 VL ISA vmovdqu64 %ymm3,96(%rdi) ^ crypto/bn/rsaz-avx512.s:860:2: error: instruction requires: AVX-512 ISA AVX-512 VL ISA vmovdqu64 %ymm4,128(%rdi) ^ make[1]: *** [crypto/bn/libcrypto-lib-rsaz-avx512.o] Error 1 make: *** [build_sw] Error 2 mentioned at page https://github.com/openssl/openssl/issues/15937 solution \u2193 change version to 3.0.7 make ---------log---------- rm -f \"util/shlib_wrap.sh\" perl \"-I.\" -Mconfigdata \"util/dofile.pl\" \\ \"-oMakefile\" util/shlib_wrap.sh.in > \"util/shlib_wrap.sh\" chmod a+x util/shlib_wrap.sh rm -f \"util/wrap.pl\" perl \"-I.\" -Mconfigdata \"util/dofile.pl\" \\ \"-oMakefile\" util/wrap.pl.in > \"util/wrap.pl\" chmod a+x util/wrap.pl make ----------log--------------- gcc -Wl,-stack_size,1000000 -framework CoreFoundation -o python.exe Programs/python.o -L. -lpython3.10 -ldl -framework CoreFoundation -L/tmp/openssl-3.0.7/lib -l:libssl.a -Wl,--exclude-libs,libssl.a -l:libcrypto.a -Wl,--exclude-libs,libcrypto.a -L/tmp/openssl-3.0.7/lib -l:libcrypto.a -Wl,--exclude-libs,libcrypto.a ld: library not found for -l:libssl.a clang: error: linker command failed with exit code 1 (use -v to see invocation) make: *** [python.exe] Error 1 solution: ./configure --prefix=/usr/local/python-3.10.6-with-openssl-3.0.5 --with-openssl=/usr/local/openssl-3.0.5/ --enable-shared CPPFLAGS=\"-I/usr/local/openssl-3.0.5/include\" LDFLAGS=\"-L/usr/local/openssl-3.0.5/lib\" The necessary bits to build these optional modules were not found: _tkinter To find the necessary bits, look in configure.ac and config.log. Checked 109 modules (30 built-in, 76 shared, 2 n/a on macosx-10.11-x86_64, 0 disabled, 1 missing, 0 failed on import) Error: python-tk@3.10: Failed to download resource \"gdbm\" solution\uff1a https://www.jianshu.com/p/f028e184a25f ReadTimeoutError: HTTPSConnectionPool(host='files.pythonhosted.org', port=443): Read timed out. $ pip install --upgrade pip --user $ pip install PyInstaller==4.10 WARNING: pip is being invoked by an old script wrapper. This will fail in a future version of pip. Please see https://github.com/pypa/pip/issues/5599 for advice on fixing the underlying issue. To avoid this problem you can invoke Python with '-m pip' instead of running pip directly. DEPRECATION: Python 2.7 reached the end of its life on January 1st, 2020. Please upgrade your Python as Python 2.7 is no longer maintained. pip 21.0 will drop support for Python 2.7 in January 2021. More details about Python 2 support in pip can be found at https://pip.pypa.io/en/latest/development/release-process/#python-2-support pip 21.0 will remove support for this functionality. Defaulting to user installation because normal site-packages is not writeable ERROR: Could not find a version that satisfies the requirement PyInstaller==4.10 (from versions: 2.0, 2.1, 3.0, 3.1, 3.1.1, 3.2, 3.2.1, 3.3, 3.3.1, 3.4, 3.5, 3.6, 4.0, 4.1) ERROR: No matching distribution found for PyInstaller==4.10 $ ./configure --prefix=/tmp/compiled-Python-3.10.6/ --with-openssl=/tmp/openssl-3.0.7/ --enable-shared CPPFLAGS=\"-I/tmp/openssl-3.0.7/include\" LDFLAGS=\"-L/tmp/openssl-3.0.7/lib\" The necessary bits to build these optional modules were not found: ossaudiodev spwd To find the necessary bits, look in setup.py in detect_modules() for the module's name. The following modules found by detect_modules() in setup.py, have been built by the Makefile instead, as configured by the Setup files: _abc pwd time running build_scripts File \"/private/tmp/osspi-cli/virtualenv/lib/python3.10/site-packages/PyInstaller/utils/osx.py\", line 337, in remove_signature_from_binary raise SystemError(f\"codesign command ({cmd_args}) failed with error code {p.returncode}!\\noutput: {p.stdout}\") SystemError: codesign command (['codesign', '--remove', '--all-architectures', '/private/tmp/osspi-cli/build/osspi/osspi']) failed with error code 1! output: /private/tmp/osspi-cli/build/osspi/osspi: invalid or unsupported format for signature make: *** [all] Error 1 \u4e3a\u4ec0\u4e48\u4e0d\u80fd\u7528\u6237brew\u5b89\u88c5\u7684python ? when copy compiled python from EI Capitan to my mac $ build/python/bin/python3 dyld: Library not loaded: /tmp/compiled-Python-3.10.6/lib/libpython3.10.dylib Referenced from: /Users/vzhong/ttt/build/python/bin/python3 Reason: image not found Abort trap: 6","title":"On Macos Capitan"},{"location":"blog-compile-python-with-openssl/#compile-on-ei-capitan","text":"1 ping 10.110.124.158 2 ping 10.110.124.158 3 ls 4 ls 5 cd compile-python-openssl/ 6 l 7 ls 8 cd openssl-openssl-3.0.5/ 9 ls 10 ./config --prefix=/usr/local/openssl-3.0.5 --openssldir=/usr/local/openssl-3.0.5 11 make 12 cd .. 13 ls 14 tar -xvzf openssl-3.0.7.tar.gz 15 cd openssl-openssl-3.0.7/ 16 ls 17 ./config --prefix=/usr/local/openssl-3.0.7 --openssldir=/usr/local/openssl-3.0.7 18 make 19 pwd 20 ls 21 ls /usr/local/ 22 make install 23 mkdir /usr/local/openssl-3.0.7 24 sudo mkdir /usr/local/openssl-3.0.7 25 chmod 777 /usr/local/openssl-3.0.7 26 sudo chmod 777 /usr/local/openssl-3.0.7 27 make install 28 pwd 29 cd .. 30 ls 31 cd Python-3.10.6 32 ls 33 ls 34 ls /usr/local/openssl-3.0.5 35 ls /usr/local/ 36 ls /usr/local/openssl-3.0.7 37 pwd 38 ./configure --prefix=/usr/local/python-3.10.6-with-openssl-3.0.7 --with-openssl=/usr/local/openssl-3.0.7/ --enable-shared CPPFLAGS=\"-I/usr/local/openssl-3.0.7/include\" LDFLAGS=\"-L/usr/local/openssl-3.0.7/lib\" 39 make 40 history 41 make install 42 ls /usr/local/ 43 mkdir /usr/local/python-3.10.6-with-openssl-3.0.7 44 sudo mkdir /usr/local/python-3.10.6-with-openssl-3.0.7 45 sudo chmod 777 /usr/local/python-3.10.6-with-openssl-3.0.7 46 make install 47 history back Extra story: vzhong-a01:test-capitan vzhong$ pip install PyInstaller==4.10 DEPRECATION: Python 2.7 reached the end of its life on January 1st, 2020. Please upgrade your Python as Python 2.7 is no longer maintained. pip 21.0 will drop support for Python 2.7 in January 2021. More details about Python 2 support in pip can be found at https://pip.pypa.io/en/latest/development/release-process/#python-2-support pip 21.0 will remove support for this functionality. Defaulting to user installation because normal site-packages is not writeable ERROR: Could not find a version that satisfies the requirement PyInstaller==4.10 (from versions: 2.0, 2.1, 3.0, 3.1, 3.1.1, 3.2, 3.2.1, 3.3, 3.3.1, 3.4, 3.5, 3.6, 4.0, 4.1) ERROR: No matching distribution found for PyInstaller==4.10 solution: \u2193 $ pip3 install PyInstaller==4.10 ./configure LDFLAGS=\"-L/usr/local/mpc/lib\" --prefix=/usr/local/gcc --enable-threads=posix --disable-checking --disable-multilib --enable-languages=c,c++ --with-gmp=/usr/local/gmp --with-mpfr=/usr/local/mpfr --with-mpc=/usr/local/mpc","title":"Compile on EI Capitan"},{"location":"blog-cybercafe/","text":"When in cybercafe i feel relax NFS server My OS shell $cat /proc/version Linux version 4.15.0-135-generic (buildd@lgw01-amd64-005) (gcc version 7.5.0 (Ubuntu 7.5.0-3ubuntu1~18.04)) #139-Ubuntu SMP Mon Jan 18 17:38:24 UTC 2021 reference: https://blog.csdn.net/iriczhao/article/details/126149918 $ sudo apt-get install nfs-kernel-server $ mkdir /home/nfs/ $ /etc/init.d/rpcbind restart $ /etc/init.d/nfs-kernel-server restart $ showmount -e Windows connect ubuntu NFS server reference: https://blog.csdn.net/SanShuiGeGe/article/details/125030065 mount 139.196.39.92:/home/nfs Z:","title":"Blog cybercafe"},{"location":"blog-cybercafe/#nfs-server","text":"My OS shell $cat /proc/version Linux version 4.15.0-135-generic (buildd@lgw01-amd64-005) (gcc version 7.5.0 (Ubuntu 7.5.0-3ubuntu1~18.04)) #139-Ubuntu SMP Mon Jan 18 17:38:24 UTC 2021 reference: https://blog.csdn.net/iriczhao/article/details/126149918 $ sudo apt-get install nfs-kernel-server $ mkdir /home/nfs/ $ /etc/init.d/rpcbind restart $ /etc/init.d/nfs-kernel-server restart $ showmount -e","title":"NFS server"},{"location":"blog-cybercafe/#windows-connect-ubuntu-nfs-server","text":"reference: https://blog.csdn.net/SanShuiGeGe/article/details/125030065 mount 139.196.39.92:/home/nfs Z:","title":"Windows connect ubuntu NFS server"},{"location":"blog-daily/","text":"$ docker-compose up -d ... ERROR: for nginx Cannot start service nginx: driver failed programming external connectivity on endpoint hello_nginx_1 (769fdb4f19f704b9f838957b5601c7c54d7288ede933eff3d16a1ce72e74d096): Error starting userland proxy: listen tcp4 0.0.0.0:80: bind: address already in use ERROR: Encountered errors while bringing up the project Port 80 has been #\u5360\u7528#, let's have a look which process is using it. $ netstat -tunlp (Not all processes could be identified, non-owned process info will not be shown, you would have to be root to see it all.) Active Internet connections (only servers) Proto Recv-Q Send-Q Local Address Foreign Address State PID/Program name tcp 0 0 0.0.0.0:111 0.0.0.0:* LISTEN - tcp 0 0 0.0.0.0:9200 0.0.0.0:* LISTEN - tcp 0 0 0.0.0.0:9300 0.0.0.0:* LISTEN - tcp 0 0 127.0.0.53:53 0.0.0.0:* LISTEN - tcp 0 0 0.0.0.0:22 0.0.0.0:* LISTEN - tcp 0 0 0.0.0.0:8088 0.0.0.0:* LISTEN - tcp 0 0 0.0.0.0:15672 0.0.0.0:* LISTEN - tcp 0 0 0.0.0.0:8025 0.0.0.0:* LISTEN - tcp 0 0 0.0.0.0:8191 0.0.0.0:* LISTEN - tcp 0 0 0.0.0.0:1025 0.0.0.0:* LISTEN - tcp 0 0 0.0.0.0:5672 0.0.0.0:* LISTEN - tcp 0 0 127.0.0.1:34443 0.0.0.0:* LISTEN - tcp6 0 0 :::111 :::* LISTEN - tcp6 0 0 :::9200 :::* LISTEN - tcp6 0 0 :::80 :::* LISTEN - tcp6 0 0 :::9300 :::* LISTEN - tcp6 0 0 :::22 :::* LISTEN - tcp6 0 0 :::8088 :::* LISTEN - tcp6 0 0 :::15672 :::* LISTEN - tcp6 0 0 :::8025 :::* LISTEN - tcp6 0 0 :::1025 :::* LISTEN - tcp6 0 0 :::5672 :::* LISTEN - udp 0 0 127.0.0.53:53 0.0.0.0:* - udp 0 0 0.0.0.0:111 0.0.0.0:* - udp 0 0 0.0.0.0:828 0.0.0.0:* - udp6 0 0 :::111 :::* - udp6 0 0 :::828 :::* Field PID/Program name is blank, we should sudo execute cmd netstat $ sudo netstat -tunlp [sudo] password for vz: Active Internet connections (only servers) Proto Recv-Q Send-Q Local Address Foreign Address State PID/Program name tcp 0 0 0.0.0.0:111 0.0.0.0:* LISTEN 652/rpcbind tcp 0 0 0.0.0.0:9200 0.0.0.0:* LISTEN 3887994/docker-prox tcp 0 0 0.0.0.0:9300 0.0.0.0:* LISTEN 3887918/docker-prox tcp 0 0 127.0.0.53:53 0.0.0.0:* LISTEN 751/systemd-resolve tcp 0 0 0.0.0.0:22 0.0.0.0:* LISTEN 1081/sshd tcp 0 0 0.0.0.0:8088 0.0.0.0:* LISTEN 3888818/docker-prox tcp 0 0 0.0.0.0:15672 0.0.0.0:* LISTEN 3887898/docker-prox tcp 0 0 0.0.0.0:8025 0.0.0.0:* LISTEN 3887874/docker-prox tcp 0 0 0.0.0.0:8191 0.0.0.0:* LISTEN 18346/mongod tcp 0 0 0.0.0.0:1025 0.0.0.0:* LISTEN 3887937/docker-prox tcp 0 0 0.0.0.0:5672 0.0.0.0:* LISTEN 3887957/docker-prox tcp 0 0 127.0.0.1:34443 0.0.0.0:* LISTEN 976/containerd tcp6 0 0 :::111 :::* LISTEN 652/rpcbind tcp6 0 0 :::9200 :::* LISTEN 3888007/docker-prox tcp6 0 0 :::80 :::* LISTEN 3805375/apache2 tcp6 0 0 :::9300 :::* LISTEN 3887924/docker-prox tcp6 0 0 :::22 :::* LISTEN 1081/sshd tcp6 0 0 :::8088 :::* LISTEN 3888851/docker-prox tcp6 0 0 :::15672 :::* LISTEN 3887903/docker-prox tcp6 0 0 :::8025 :::* LISTEN 3887881/docker-prox tcp6 0 0 :::1025 :::* LISTEN 3887943/docker-prox tcp6 0 0 :::5672 :::* LISTEN 3887963/docker-prox udp 0 0 127.0.0.53:53 0.0.0.0:* 751/systemd-resolve udp 0 0 0.0.0.0:111 0.0.0.0:* 652/rpcbind udp 0 0 0.0.0.0:828 0.0.0.0:* 652/rpcbind udp6 0 0 :::111 :::* 652/rpcbind udp6 0 0 :::828 :::* 652/rpcbind All right! Next stop apache2 sudo systemctl stop apache2","title":"Blog daily"},{"location":"blog-electronic-components/","text":"\u706f\u5e26 - ws2812 0.96 OLED (0.96\u5bf8led) - stm32 OLED\u663e\u793a\u539f\u7406\u4e0e\u5e94\u7528(IIC,SPI 8080)-096oled-12864 - https://www.bilibili.com/video/BV1iD4y1v7QP/?spm_id_from=333.788.recommend_more_video.5 - 9.9\u5408\u5b99ESP32C3\u9a71\u52a8WS2812\u706f\u73e0\uff0c\u4f4e\u6210\u672c\u706f\u5e26\u9a71\u52a8\u677f - https://www.bilibili.com/video/BV1824y1D7er/?spm_id_from=333.788.recommend_more_video.3 - \u5f88\u4fbf\u5b9c\u554a - \u4e3a\u4ec0\u4e48\u4e00\u6839\u7ebf\u5c31\u53ef\u4ee5\u63a7\u5236\u591a\u4e2a\u706f\u73e0\uff1f - \u5982\u4f55\u7ed9\u706f\u5e26\u5355\u72ec\u4f9b\u7535\uff1f \u81ea\u5236\u53ef\u7f16\u7a0b\u5c0f\u952e\u76d8 - https://www.bilibili.com/video/BV1uf4y1A71e/?spm_id_from=333.788.recommend_more_video.4","title":"Blog electronic components"},{"location":"blog-krita/","text":"","title":"Blog krita"},{"location":"blog-kube-fluentd-operator/","text":"\u4e3a\u4ec0\u4e48\u6211\u5728oxxpi \u4e0a apply\u4e86 oxxpi-splunk.yml, \u4f46\u662f\u5374\u770b\u4e0d\u5230 fluentd \u7684 daemonset \uff1f $ cat oxxpi-splunk.yml apiVersion: logs.vdp.vmware.com/v1beta1 kind: FluentdConfig metadata: name: fluentd-config spec: fluentconf: | <match **> @type splunk_hec hec_host xxxe.com hec_port 8088 hec_token exxx-fdsaf-adgdas-dddddx insecure_ssl true </match> $ kubectl get daemonset No resources found in vela-build-audit-core namespace.","title":"Blog kube fluentd operator"},{"location":"blog-macos-codesign/","text":"This blog is a tutorial of how to compile python 3.10.6 with openssl 3.0.5 module on Ubuntu 18.04 and mac os . What is codesign ? https://developer.apple.com/library/archive/documentation/Security/Conceptual/CodeSigningGuide/Introduction/Introduction.html Why codesign ? How to create a codesign and use it ? must create CA firstly. how https://www.simplified.guide/macos/keychain-ca-code-signing-create https://www.youtube.com/watch?v=VbbhhXEGH8o What is the basic principle of codesign ? During generating codesign, is it necessary to connect to internet or apple data center ? What is xcode ? \u8bc1\u4e66\u4e0e\u79d8\u94a5 \uff1f Certificate Authority (CA) https://www.ssl.com/faqs/what-is-a-certificate-authority/ Tips to list all codesign similary issue: https://stackoverflow.com/questions/68884906/pyinstaller-error-systemerror-codesign-failure-on-macos https://www.jianshu.com/p/edc337fd76b2 https://comodosslstore.com/resources/macos-codesign-how-do-i-sign-a-file-with-code-signing-certificate-in-macos/ back","title":"Hello"},{"location":"blog-macos-codesign/#what-is-codesign","text":"https://developer.apple.com/library/archive/documentation/Security/Conceptual/CodeSigningGuide/Introduction/Introduction.html","title":"What is codesign ?"},{"location":"blog-macos-codesign/#why-codesign","text":"","title":"Why codesign ?"},{"location":"blog-macos-codesign/#how-to-create-a-codesign-and-use-it","text":"must create CA firstly. how https://www.simplified.guide/macos/keychain-ca-code-signing-create https://www.youtube.com/watch?v=VbbhhXEGH8o","title":"How to create a codesign and use it ?"},{"location":"blog-macos-codesign/#what-is-the-basic-principle-of-codesign","text":"","title":"What is the basic principle of codesign ?"},{"location":"blog-macos-codesign/#during-generating-codesign-is-it-necessary-to-connect-to-internet-or-apple-data-center","text":"","title":"During generating codesign, is it necessary to connect to internet or apple data center ?"},{"location":"blog-macos-codesign/#what-is-xcode","text":"","title":"What is xcode ?"},{"location":"blog-macos-codesign/#_1","text":"","title":"\u8bc1\u4e66\u4e0e\u79d8\u94a5 \uff1f"},{"location":"blog-macos-codesign/#certificate-authority-ca","text":"https://www.ssl.com/faqs/what-is-a-certificate-authority/","title":"Certificate Authority (CA)"},{"location":"blog-macos-codesign/#tips","text":"to list all codesign similary issue: https://stackoverflow.com/questions/68884906/pyinstaller-error-systemerror-codesign-failure-on-macos https://www.jianshu.com/p/edc337fd76b2 https://comodosslstore.com/resources/macos-codesign-how-do-i-sign-a-file-with-code-signing-certificate-in-macos/ back","title":"Tips"},{"location":"blog-my-cicd-lab--note/","text":"Deploy Gitlab Official tutorial I choose Helm to deploy gitlab on cluster, for i'd like to have a practise on Helm. Basically, i referred to this articles https://www.yangpiqiulaotou.cn/2021/03/25/helm3%E5%AE%89%E8%A3%85gitlab/ https://cloud.tencent.com/developer/article/1471464 https://www.jianshu.com/p/024aa83f1dac prerequisite kubectl create ns gitlab kubectl config set-context --current --namespace=gitlab kubectl config get-contexts helm upgrade --install gitlab gitlab-jh/gitlab \\ --version 5.6.2 \\ --timeout 600s \\ --set global.hosts.domain=example.com \\ --set global.hosts.externalIP=10.79.128.59 \\ --set certmanager-issuer.email=me@example.com setup Helm and then helm install gitlab Install Helm https://helm.sh/docs/intro/install/ Add Helm repo source, btw, what does repo source do ? helm repo add stable https://kubernetes-charts.storage.googleapis.com helm repo add aliyun https://kubernetes.oss-cn-hangzhou.aliyuncs.com/charts helm repo add apphub https://apphub.aliyuncs.com/ vz@vz:~$ sudo snap install helm error: This revision of snap \"helm\" was published using classic confinement and thus may perform arbitrary system changes outside of the security sandbox that snaps are usually confined to, which may put your system at risk. If you understand and want to proceed repeat the command including --classic. https://gitlab-docs.creationline.com/charts/installation/deployment.html Give it up temporarily K8S deploy gitlab refer to https://medium.com/@SergeyNuzhdin/how-to-easily-deploy-gitlab-on-kubernetes-75f5868cea78 failed ! $ kubectl create -f gitlab/redis-deployment.yml error: resource mapping not found for name: \"gitlab-redis\" namespace: \"gitlab\" from \"gitlab/redis-deployment.yml\": no matches for kind \"Deployment\" in version \"extensions/v1beta1\" ensure CRDs are installed first solution: \u2193 $ k version --short Flag --short has been deprecated, and will be removed in the future. The --short output will become the default. Client Version: v1.25.4 Kustomize Version: v4.5.7 Server Version: v1.25.2 $ k convert error: unknown command \"convert\" for \"kubectl\" ---- command convert has removed from kubectl since 1.22 --- https://github.com/kubernetes/website/issues/28724 - install convert https://www.cnblogs.com/varden/p/15907141.html - $ curl -LO https://dl.k8s.io/release/$(curl -L -s https://dl.k8s.io/release/stable.txt)/bin/linux/amd64/kubectl-convert - $ sudo install -o root -g root -m 0755 kubectl-convert /usr/local/bin/kubectl-convert -- convert usage $ kubectl-convert -f gitlab-deployment.yaml --output-version apps/v1 $ kubectl-convert -f gitlab-ingress.yaml --output-version networking.k8s.io/v1 ## todo online kubectl convert K8S\u7684apiVersion\u8be5\u7528\u54ea\u4e2a https://segmentfault.com/a/1190000017134399 Deploy gitlab on k8s --2 (not succeed) refer to https://www.qikqiak.com/post/gitlab-install-on-k8s/ $ kubectl get pods -n kube-ops NAME READY STATUS RESTARTS AGE gitlab-6cdc798c55-tdrjx 0/1 ImagePullBackOff 0 8m3s postgresql-77cc99bc49-s8sjq 0/1 ImagePullBackOff 0 11m redis-594bb69b45-8ds69 0/1 ImagePullBackOff 0 134m","title":"Blog my cicd lab  note"},{"location":"blog-my-cicd-lab--note/#deploy-gitlab","text":"Official tutorial I choose Helm to deploy gitlab on cluster, for i'd like to have a practise on Helm. Basically, i referred to this articles https://www.yangpiqiulaotou.cn/2021/03/25/helm3%E5%AE%89%E8%A3%85gitlab/ https://cloud.tencent.com/developer/article/1471464 https://www.jianshu.com/p/024aa83f1dac","title":"Deploy Gitlab"},{"location":"blog-my-cicd-lab--note/#prerequisite","text":"kubectl create ns gitlab kubectl config set-context --current --namespace=gitlab kubectl config get-contexts helm upgrade --install gitlab gitlab-jh/gitlab \\ --version 5.6.2 \\ --timeout 600s \\ --set global.hosts.domain=example.com \\ --set global.hosts.externalIP=10.79.128.59 \\ --set certmanager-issuer.email=me@example.com","title":"prerequisite"},{"location":"blog-my-cicd-lab--note/#setup-helm-and-then-helm-install-gitlab","text":"Install Helm https://helm.sh/docs/intro/install/ Add Helm repo source, btw, what does repo source do ? helm repo add stable https://kubernetes-charts.storage.googleapis.com helm repo add aliyun https://kubernetes.oss-cn-hangzhou.aliyuncs.com/charts helm repo add apphub https://apphub.aliyuncs.com/ vz@vz:~$ sudo snap install helm error: This revision of snap \"helm\" was published using classic confinement and thus may perform arbitrary system changes outside of the security sandbox that snaps are usually confined to, which may put your system at risk. If you understand and want to proceed repeat the command including --classic. https://gitlab-docs.creationline.com/charts/installation/deployment.html Give it up temporarily","title":"setup Helm  and then helm install gitlab"},{"location":"blog-my-cicd-lab--note/#k8s-deploy-gitlab","text":"refer to https://medium.com/@SergeyNuzhdin/how-to-easily-deploy-gitlab-on-kubernetes-75f5868cea78 failed ! $ kubectl create -f gitlab/redis-deployment.yml error: resource mapping not found for name: \"gitlab-redis\" namespace: \"gitlab\" from \"gitlab/redis-deployment.yml\": no matches for kind \"Deployment\" in version \"extensions/v1beta1\" ensure CRDs are installed first solution: \u2193 $ k version --short Flag --short has been deprecated, and will be removed in the future. The --short output will become the default. Client Version: v1.25.4 Kustomize Version: v4.5.7 Server Version: v1.25.2 $ k convert error: unknown command \"convert\" for \"kubectl\" ---- command convert has removed from kubectl since 1.22 --- https://github.com/kubernetes/website/issues/28724 - install convert https://www.cnblogs.com/varden/p/15907141.html - $ curl -LO https://dl.k8s.io/release/$(curl -L -s https://dl.k8s.io/release/stable.txt)/bin/linux/amd64/kubectl-convert - $ sudo install -o root -g root -m 0755 kubectl-convert /usr/local/bin/kubectl-convert -- convert usage $ kubectl-convert -f gitlab-deployment.yaml --output-version apps/v1 $ kubectl-convert -f gitlab-ingress.yaml --output-version networking.k8s.io/v1 ## todo online kubectl convert K8S\u7684apiVersion\u8be5\u7528\u54ea\u4e2a https://segmentfault.com/a/1190000017134399","title":"K8S deploy gitlab"},{"location":"blog-my-cicd-lab--note/#deploy-gitlab-on-k8s-2-not-succeed","text":"refer to https://www.qikqiak.com/post/gitlab-install-on-k8s/ $ kubectl get pods -n kube-ops NAME READY STATUS RESTARTS AGE gitlab-6cdc798c55-tdrjx 0/1 ImagePullBackOff 0 8m3s postgresql-77cc99bc49-s8sjq 0/1 ImagePullBackOff 0 11m redis-594bb69b45-8ds69 0/1 ImagePullBackOff 0 134m","title":"Deploy gitlab on k8s --2   (not succeed)"},{"location":"blog-my-cicd-lab/","text":"TODO \u5199\u6210docker-compose Run a k8s cluster First of all, have to start a k8s cluster, can use minikube to do it. Install minikube $ curl -Lo minikube https://storage.googleapis.com/minikube/releases/latest/minikube-linux-amd64 && chmod +x minikube $ sudo mv -v minikube /usr/local/bin $ minikube version Install kubectl\uff0c https://kubernetes.io/docs/tasks/tools/install-kubectl-linux/ For me, ubuntu OS snap install kubectl --classic kubectl version --client Start cluster. minikube start --nodes 2 --extra-config=kubeadm.ignore-preflight-errors=NumCPU --force --cpus 2 --kubernetes-version=v1.23.1 --memory=12000 Concourse docker-compose.yaml version: '3' services: concourse-db: image: postgres environment: POSTGRES_DB: concourse POSTGRES_PASSWORD: concourse_pass POSTGRES_USER: concourse_user PGDATA: /database concourse: image: concourse/concourse command: quickstart privileged: true depends_on: [concourse-db] ports: [\"8081:8080\"] environment: CONCOURSE_POSTGRES_HOST: concourse-db CONCOURSE_POSTGRES_USER: concourse_user CONCOURSE_POSTGRES_PASSWORD: concourse_pass CONCOURSE_POSTGRES_DATABASE: concourse #CONCOURSE_EXTERNAL_URL: http://localhost:8081 CONCOURSE_EXTERNAL_URL: http://121.40.207.10:8081 CONCOURSE_ADD_LOCAL_USER: test:test CONCOURSE_MAIN_TEAM_LOCAL_USER: test # instead of relying on the default \"detect\" #CONCOURSE_WORKER_BAGGAGECLAIM_DRIVER: overlay CONCOURSE_CLIENT_SECRET: Y29uY291cnNlLXdlYgo= CONCOURSE_TSA_CLIENT_SECRET: Y29uY291cnNlLXdvcmtlcgo= CONCOURSE_X_FRAME_OPTIONS: allow CONCOURSE_CONTENT_SECURITY_POLICY: \"*\" CONCOURSE_CLUSTER_NAME: tutorial CONCOURSE_WORKER_CONTAINERD_DNS_SERVER: \"8.8.8.8\" CONCOURSE_WORKER_RUNTIME: \"containerd\" Deploy it by cmd docker-compose up -d username: test pwd: test Gitlab There are 2 ways to deploy a Gitlab, i tried, all succeed ! 1. mkdir -p /home/gitlab/etc/gitlab mkdir -p /home/gitlab/var/log mkdir -p /home/gitlab/var/opt docker run -d -h gitlab -p 443:443 -p 8090:80 -p 8022:22 --name gitlab --restart always -v /root/data/gitlab/config:/etc/gitlab -v /root/data/gitlab/logs:/var/log/gitlab -v /root/data/gitlab/data:/var/opt/gitlab public.ecr.aws/y5z1i2v3/zhongpengqun:gitlab-ce PS: it will take minutes to finish starting, during these minutes, the gitlab dashboard will keep showing 502, so be patient. Username is root , and password is in /etc/gitlab/initial_root_password , you can run command: docker exec -it $(docker ps |grep \"gitlab/gitlab-ce\" | awk '{ print $1 }') cat /etc/gitlab/initial_root_password to get it. Next, we need to register a Runner to gitlab, GitLab Runner is the open source project that is used to run your jobs and send the results back to GitLab. Refer to: https://docs.gitlab.com/runner/install/docker.html#option-1-use-local-system-volume-mounts-to-start-the-runner-container Run Runner container docker run -d --name gitlab-runner --restart always \\ -v /srv/gitlab-runner/config:/etc/gitlab-runner \\ -v /var/run/docker.sock:/var/run/docker.sock \\ gitlab/gitlab-runner:latest Register runner to gitlab 2. Refer to https://www.czerniga.it/2021/11/14/how-to-install-gitlab-using-docker-compose/ mkdir gitlab export GITLAB_HOME=$(pwd)/gitlab cd gitlab vim docker-compose.yml ------------------------- version: '3.7' services: web: image: 'gitlab/gitlab-ce:latest' restart: always hostname: 'localhost' container_name: gitlab-ce environment: GITLAB_OMNIBUS_CONFIG: | external_url 'http://localhost' ports: - '8080:80' - '8443:443' volumes: - '$GITLAB_HOME/config:/etc/gitlab' - '$GITLAB_HOME/logs:/var/log/gitlab' - '$GITLAB_HOME/data:/var/opt/gitlab' networks: - gitlab gitlab-runner: image: gitlab/gitlab-runner:alpine container_name: gitlab-runner restart: always depends_on: - web volumes: - /var/run/docker.sock:/var/run/docker.sock - '$GITLAB_HOME/gitlab-runner:/etc/gitlab-runner' networks: - gitlab networks: gitlab: name: gitlab-network ------------------- docker-compose up -d after about 2 minutes, when the pod startup successfully. then access login page, e.g http://10.79.128.59:8080/users/sign_in To get passwoed: docker exec -it gitlab-ce /bin/sh cat /etc/gitlab/initial_root_password ------- Register Runner $ docker exec -it gitlab-runner gitlab-runner register --url \"http://gitlab-ce\" --clone-url \"http://gitlab-ce\" Runtime platform arch=amd64 os=linux pid=16 revision=133d7e76 version=15.6.1 WARNING: The 'register' command has been deprecated in GitLab Runner 15.6 and will be replaced with a 'deploy' command. For more information, see https://gitlab.com/gitlab-org/gitlab/-/issues/380872 Running in system-mode. Enter the GitLab instance URL (for example, https://gitlab.com/): [http://gitlab-ce]: http://10.79.128.59:8080 Enter the registration token: Ju7NhyV59_a93mvxeUuc Enter a description for the runner: [a9e996f49f79]: gitlab-runner Enter tags for the runner (comma-separated): Enter optional maintenance note for the runner: Registering runner... succeeded runner=Ju7NhyV5 Enter an executor: docker+machine, instance, kubernetes, custom, docker-ssh, parallels, virtualbox, docker-ssh+machine, docker, shell, ssh: docker Enter the default Docker image (for example, ruby:2.7): Enter the default Docker image (for example, ruby:2.7): maven: latest Runner registered successfully. Feel free to start it, but if it's running already the config should be automatically reloaded! Configuration (with the authentication token) was saved in \"/etc/gitlab-runner/config.toml\" \u2191 As we can see, config file(/etc/gitlab-runner/config.toml) has generated in runner container. let's check it / # cat /etc/gitlab-runner/config.toml concurrent = 1 check_interval = 0 shutdown_timeout = 0 [session_server] session_timeout = 1800 [[runners]] name = \"gitlab-runner\" url = \"http://10.79.128.59:8080\" id = 1 token = \"A8tE7CQMxuMVLzRkqGGa\" token_obtained_at = 2022-11-27T09:45:23Z token_expires_at = 0001-01-01T00:00:00Z executor = \"docker\" clone_url = \"http://gitlab-ce\" [runners.custom_build_dir] [runners.cache] MaxUploadedArchiveSize = 0 [runners.cache.s3] [runners.cache.gcs] [runners.cache.azure] [runners.docker] tls_verify = false image = \"maven: latest\" privileged = false disable_entrypoint_overwrite = false oom_kill_disable = false disable_cache = false volumes = [\"/cache\"] shm_size = 0 Example of file .gitlab-ci.yml image: maven:latest stages: - build - test build-job: stage: build script: - echo \"Compiling the code...\" - mvn clean package - echo \"Compile complete.\" artifacts: # https://meigit.readthedocs.io/en/latest/gitlab_ci_.gitlab-ci.yml_detail.html#artifacts paths: - target test-job: stage: test dependencies: - build-job script: - ls -al - echo \"Running tests\" - java -cp target/helloworld-1.1.jar com.coveros.demo.helloworld.HelloWorld JFrog Use cloud trial edition, https://nonezhong.jfrog.io/ui/repos/tree/General/docker Concourse Installation Trigger Concourse Pipeline when Commit Gitlab MR or Merge Request. xx Jenkins Installation docker run --name jenkins-blueocean --restart=on-failure --detach \\ --env DOCKER_HOST=tcp://docker:2376 \\ --env DOCKER_CERT_PATH=/certs/client --env DOCKER_TLS_VERIFY=1 \\ --publish 8082:8080 --publish 50000:50000 \\ --volume jenkins-data:/var/jenkins_home \\ --volume jenkins-docker-certs:/certs/client:ro \\ public.ecr.aws/y5z1i2v3/zhongpengqun:jenkins-lts-jdk11 admin zpq123456 \u6211\u7684gitlab\u4e3a\u4ec0\u4e48\u6ca1\u6709network settings \uff1f \u76f4\u63a5 /admin \u8fdb\u5165page Gitlab\u89e6\u53d1Jenkins \u914d\u7f6egitlab\u7684webhook Gitlab\u914d\u7f6eWebhooks\u65f6Secret Token\u4eceJenkins\u83b7\u53d6\u65b9\u6cd5 https://blog.csdn.net/BUG_88/article/details/108365817 back","title":"Blog my cicd lab"},{"location":"blog-my-cicd-lab/#todo","text":"\u5199\u6210docker-compose","title":"TODO"},{"location":"blog-my-cicd-lab/#run-a-k8s-cluster","text":"First of all, have to start a k8s cluster, can use minikube to do it. Install minikube $ curl -Lo minikube https://storage.googleapis.com/minikube/releases/latest/minikube-linux-amd64 && chmod +x minikube $ sudo mv -v minikube /usr/local/bin $ minikube version Install kubectl\uff0c https://kubernetes.io/docs/tasks/tools/install-kubectl-linux/ For me, ubuntu OS snap install kubectl --classic kubectl version --client Start cluster. minikube start --nodes 2 --extra-config=kubeadm.ignore-preflight-errors=NumCPU --force --cpus 2 --kubernetes-version=v1.23.1 --memory=12000","title":"Run a k8s cluster"},{"location":"blog-my-cicd-lab/#concourse","text":"docker-compose.yaml version: '3' services: concourse-db: image: postgres environment: POSTGRES_DB: concourse POSTGRES_PASSWORD: concourse_pass POSTGRES_USER: concourse_user PGDATA: /database concourse: image: concourse/concourse command: quickstart privileged: true depends_on: [concourse-db] ports: [\"8081:8080\"] environment: CONCOURSE_POSTGRES_HOST: concourse-db CONCOURSE_POSTGRES_USER: concourse_user CONCOURSE_POSTGRES_PASSWORD: concourse_pass CONCOURSE_POSTGRES_DATABASE: concourse #CONCOURSE_EXTERNAL_URL: http://localhost:8081 CONCOURSE_EXTERNAL_URL: http://121.40.207.10:8081 CONCOURSE_ADD_LOCAL_USER: test:test CONCOURSE_MAIN_TEAM_LOCAL_USER: test # instead of relying on the default \"detect\" #CONCOURSE_WORKER_BAGGAGECLAIM_DRIVER: overlay CONCOURSE_CLIENT_SECRET: Y29uY291cnNlLXdlYgo= CONCOURSE_TSA_CLIENT_SECRET: Y29uY291cnNlLXdvcmtlcgo= CONCOURSE_X_FRAME_OPTIONS: allow CONCOURSE_CONTENT_SECURITY_POLICY: \"*\" CONCOURSE_CLUSTER_NAME: tutorial CONCOURSE_WORKER_CONTAINERD_DNS_SERVER: \"8.8.8.8\" CONCOURSE_WORKER_RUNTIME: \"containerd\" Deploy it by cmd docker-compose up -d username: test pwd: test","title":"Concourse"},{"location":"blog-my-cicd-lab/#gitlab","text":"There are 2 ways to deploy a Gitlab, i tried, all succeed ! 1. mkdir -p /home/gitlab/etc/gitlab mkdir -p /home/gitlab/var/log mkdir -p /home/gitlab/var/opt docker run -d -h gitlab -p 443:443 -p 8090:80 -p 8022:22 --name gitlab --restart always -v /root/data/gitlab/config:/etc/gitlab -v /root/data/gitlab/logs:/var/log/gitlab -v /root/data/gitlab/data:/var/opt/gitlab public.ecr.aws/y5z1i2v3/zhongpengqun:gitlab-ce PS: it will take minutes to finish starting, during these minutes, the gitlab dashboard will keep showing 502, so be patient. Username is root , and password is in /etc/gitlab/initial_root_password , you can run command: docker exec -it $(docker ps |grep \"gitlab/gitlab-ce\" | awk '{ print $1 }') cat /etc/gitlab/initial_root_password to get it. Next, we need to register a Runner to gitlab, GitLab Runner is the open source project that is used to run your jobs and send the results back to GitLab. Refer to: https://docs.gitlab.com/runner/install/docker.html#option-1-use-local-system-volume-mounts-to-start-the-runner-container Run Runner container docker run -d --name gitlab-runner --restart always \\ -v /srv/gitlab-runner/config:/etc/gitlab-runner \\ -v /var/run/docker.sock:/var/run/docker.sock \\ gitlab/gitlab-runner:latest Register runner to gitlab 2. Refer to https://www.czerniga.it/2021/11/14/how-to-install-gitlab-using-docker-compose/ mkdir gitlab export GITLAB_HOME=$(pwd)/gitlab cd gitlab vim docker-compose.yml ------------------------- version: '3.7' services: web: image: 'gitlab/gitlab-ce:latest' restart: always hostname: 'localhost' container_name: gitlab-ce environment: GITLAB_OMNIBUS_CONFIG: | external_url 'http://localhost' ports: - '8080:80' - '8443:443' volumes: - '$GITLAB_HOME/config:/etc/gitlab' - '$GITLAB_HOME/logs:/var/log/gitlab' - '$GITLAB_HOME/data:/var/opt/gitlab' networks: - gitlab gitlab-runner: image: gitlab/gitlab-runner:alpine container_name: gitlab-runner restart: always depends_on: - web volumes: - /var/run/docker.sock:/var/run/docker.sock - '$GITLAB_HOME/gitlab-runner:/etc/gitlab-runner' networks: - gitlab networks: gitlab: name: gitlab-network ------------------- docker-compose up -d after about 2 minutes, when the pod startup successfully. then access login page, e.g http://10.79.128.59:8080/users/sign_in To get passwoed: docker exec -it gitlab-ce /bin/sh cat /etc/gitlab/initial_root_password ------- Register Runner $ docker exec -it gitlab-runner gitlab-runner register --url \"http://gitlab-ce\" --clone-url \"http://gitlab-ce\" Runtime platform arch=amd64 os=linux pid=16 revision=133d7e76 version=15.6.1 WARNING: The 'register' command has been deprecated in GitLab Runner 15.6 and will be replaced with a 'deploy' command. For more information, see https://gitlab.com/gitlab-org/gitlab/-/issues/380872 Running in system-mode. Enter the GitLab instance URL (for example, https://gitlab.com/): [http://gitlab-ce]: http://10.79.128.59:8080 Enter the registration token: Ju7NhyV59_a93mvxeUuc Enter a description for the runner: [a9e996f49f79]: gitlab-runner Enter tags for the runner (comma-separated): Enter optional maintenance note for the runner: Registering runner... succeeded runner=Ju7NhyV5 Enter an executor: docker+machine, instance, kubernetes, custom, docker-ssh, parallels, virtualbox, docker-ssh+machine, docker, shell, ssh: docker Enter the default Docker image (for example, ruby:2.7): Enter the default Docker image (for example, ruby:2.7): maven: latest Runner registered successfully. Feel free to start it, but if it's running already the config should be automatically reloaded! Configuration (with the authentication token) was saved in \"/etc/gitlab-runner/config.toml\" \u2191 As we can see, config file(/etc/gitlab-runner/config.toml) has generated in runner container. let's check it / # cat /etc/gitlab-runner/config.toml concurrent = 1 check_interval = 0 shutdown_timeout = 0 [session_server] session_timeout = 1800 [[runners]] name = \"gitlab-runner\" url = \"http://10.79.128.59:8080\" id = 1 token = \"A8tE7CQMxuMVLzRkqGGa\" token_obtained_at = 2022-11-27T09:45:23Z token_expires_at = 0001-01-01T00:00:00Z executor = \"docker\" clone_url = \"http://gitlab-ce\" [runners.custom_build_dir] [runners.cache] MaxUploadedArchiveSize = 0 [runners.cache.s3] [runners.cache.gcs] [runners.cache.azure] [runners.docker] tls_verify = false image = \"maven: latest\" privileged = false disable_entrypoint_overwrite = false oom_kill_disable = false disable_cache = false volumes = [\"/cache\"] shm_size = 0 Example of file .gitlab-ci.yml image: maven:latest stages: - build - test build-job: stage: build script: - echo \"Compiling the code...\" - mvn clean package - echo \"Compile complete.\" artifacts: # https://meigit.readthedocs.io/en/latest/gitlab_ci_.gitlab-ci.yml_detail.html#artifacts paths: - target test-job: stage: test dependencies: - build-job script: - ls -al - echo \"Running tests\" - java -cp target/helloworld-1.1.jar com.coveros.demo.helloworld.HelloWorld","title":"Gitlab"},{"location":"blog-my-cicd-lab/#jfrog","text":"Use cloud trial edition, https://nonezhong.jfrog.io/ui/repos/tree/General/docker","title":"JFrog"},{"location":"blog-my-cicd-lab/#concourse_1","text":"Installation","title":"Concourse"},{"location":"blog-my-cicd-lab/#trigger-concourse-pipeline-when-commit-gitlab-mr-or-merge-request","text":"xx","title":"Trigger Concourse Pipeline when Commit Gitlab MR or Merge Request."},{"location":"blog-my-cicd-lab/#jenkins","text":"Installation docker run --name jenkins-blueocean --restart=on-failure --detach \\ --env DOCKER_HOST=tcp://docker:2376 \\ --env DOCKER_CERT_PATH=/certs/client --env DOCKER_TLS_VERIFY=1 \\ --publish 8082:8080 --publish 50000:50000 \\ --volume jenkins-data:/var/jenkins_home \\ --volume jenkins-docker-certs:/certs/client:ro \\ public.ecr.aws/y5z1i2v3/zhongpengqun:jenkins-lts-jdk11 admin zpq123456 \u6211\u7684gitlab\u4e3a\u4ec0\u4e48\u6ca1\u6709network settings \uff1f \u76f4\u63a5 /admin \u8fdb\u5165page","title":"Jenkins"},{"location":"blog-my-cicd-lab/#gitlabjenkins","text":"\u914d\u7f6egitlab\u7684webhook Gitlab\u914d\u7f6eWebhooks\u65f6Secret Token\u4eceJenkins\u83b7\u53d6\u65b9\u6cd5 https://blog.csdn.net/BUG_88/article/details/108365817 back","title":"Gitlab\u89e6\u53d1Jenkins"},{"location":"blog-python-configure-file-study/","text":"man gcc","title":"Blog python configure file study"},{"location":"blog-read-Django-official-tutorial/","text":"http://www.djangoproject.com/ Django is a high-level Python web framework that encourages rapid development and clean, pragmatic design. Built by experienced developers , it takes care of much of the hassle of web development Ridiculously fast Reassuringly secure \u4ee4\u4eba\u653e\u5fc3\u7684 Exceedingly scalable Stay in the loop \u968f\u65f6\u4e86\u89e3\u60c5\u51b5 Sharpen your skills The DSF awards prizes to recognize the contributions of volunteers in the Django community. \u4ee5\u8868\u5f70Django\u793e\u533a\u5fd7\u613f\u8005\u7684\u8d21\u732e Get in touch \u53d6\u5f97\u8054\u7cfb Corporate Members \u516c\u53f8\u6210\u5458 Individual members are appointed to the Django Software Foundation in recognition of their contributions to the Django community Django\u8f6f\u4ef6\u57fa\u91d1\u4f1a\u4efb\u547d\u4e86\u4e2a\u522b\u6210\u5458\uff0c\u4ee5\u8868\u5f70\u4ed6\u4eec\u5bf9Django\u793e\u533a\u7684\u8d21\u732e If you know of someone that you think should be a member, including yourself, please fill out this form From scratch : Overview | Installation How the documentation is organized take you by the hand through a series of steps to create a web application \u5e26\u60a8\u624b\u52a8\u5b8c\u6210\u521b\u5efaweb\u5e94\u7528\u7a0b\u5e8f\u7684\u4e00\u7cfb\u5217\u6b65\u9aa4 How-to guides are recipes . They guide you through the steps involved in addressing key problems and use-cases. They are more advanced than tutorials and assume some knowledge of how Django works. - recipe They call that callable to invoke the database query, and they can do what they want around that cal Django provides an abstraction layer (the \u201cmodels\u201d) for structuring and manipulating the data of your web application - manipulate & handle - Manipulate \u663e\u793a\u51fa\u6280\u5de7\u6027\u548c\u5904\u7406\u95ee\u9898\u7684\u827a\u672f\u6027\uff0c\u4f8b\u5982\u4e00\u4ef6\u5de5\u5177\u6216\u4eea\u5668 Django has the concept of \u201cviews\u201d to encapsulate the logic responsible for processing a user\u2019s request and for returning the response Forms Django provides a rich framework to facilitate the creation of forms and the manipulation of form data - manipulate data Security is a topic of paramount importance in the development of web applications Design philosophies (\u590d\u6570\u5f62\u5f0f) Loose coupling A fundamental goal of Django\u2019s stack is loose coupling and tight cohesion Although Django comes with a full stack for convenience , the pieces of the stack are independent of another wherever possible. Less code Django apps should use as little code as possible ; they should lack boilerplate (\u6837\u677f\u6587\u4ef6). Django should take full advantage of Python\u2019s dynamic capabilities , such as introspection Quick development The point of a web framework in the 21st century is to make the tedious\uff08\u4e4f\u5473\u7684\uff09 aspects of web development fast Don\u2019t repeat yourself (DRY) The framework, within reason, should deduce as much as possible from as little as possible \u5728\u5408\u7406\u7684\u8303\u56f4\u5185\uff0c\u6846\u67b6\u5e94\u8be5\u4ece\u5c3d\u53ef\u80fd\u5c11\u7684\u4e1c\u897f\u4e2d\u63a8\u65ad\u51fa\u5c3d\u53ef\u80fd\u591a\u7684\u4e1c\u897f Explicit is better than implicit This is a core Python principle listed in PEP 20, and it means Django shouldn\u2019t do too much \u201cmagic.\u201d Magic shouldn\u2019t happen unless there\u2019s a really good reason for it. Magic is worth using only if it creates a huge convenience unattainable in other ways , and it isn\u2019t implemented in a way that confuses developers who are trying to learn how to use the feature Models Explicit is better than implicit Fields shouldn\u2019t assume certain behaviors based solely\uff08\u4ec5\u4ec5\uff09 on the name of the field. This requires too much knowledge of the system and is prone to errors\uff08\u5bb9\u6613\u51fa\u9519\uff09. Instead, behaviors should be based on keyword arguments and, in some cases, on the type of the field \u5728\u67d0\u4e9b\u60c5\u51b5\u4e0b in some cases solely adv \u552f\u4e00\u5730;\u4ec5;\u53ea;\u552f;\u5355\u72ec\u5730 solely VS merely the outer directory, its name doesn't matter to Djanog - the inner directory This feature is meant as a shortcut, not as definitive model generation.","title":"blog read Django official tutorial"},{"location":"blog-splunk-investigation/","text":"Setup a Splunk server Run a Splunk server container docker run --name splunk -p 8000:8000 -p 8088:8088 -d outcoldman/splunk:6.3.3 startup a splunk server docker-compose.yaml version: \"3\" services: splunk: container_name: splunk user: root image: outcoldman/splunk:6.3.3 ports: - \"8000:8000\" Splunk https://www.youtube.com/watch?v=m95GiTF0zd0 https://www.youtube.com/watch?v=bO_-fv6e7u4 https://medium.com/airwalk/log-aggregation-in-kubernetes-and-transporting-logs-to-splunk-for-analysis-ad8599607372 https://cloud.google.com/architecture/logging-anthos-with-splunk-connect?hl=zh-cn k8s logs objects metrics setup a splunk server: docker run --name splunk -p 8000:8000 -p 8088:8088 -d outcoldman/splunk:6.3.3 docker run --name hello --log-driver=splunk --log-opt splunk-token=AEB5A127-3AC2-447C-8E3F-D7027AFE31D1 --log-opt splunk-url=http://139.196.39.92:8088 --log-opt splunk-sourcetype=Docker rickfast/hello-oreilly docker run --name hello --log-driver=splunk --log-opt splunk-token=A3260AEC-672D-41D2-9B64-8BAB933EA5DE --log-opt splunk-url=http://139.196.39.92:8088 --log-opt splunk-sourcetype=Docker rickfast/hello-oreilly docker run --name hello --log-driver=splunk --log-opt splunk-token=1620a639-5064-43dc-8d81-72ae38ec639b --log-opt splunk-url=http://10.79.128.59:8088 --log-opt splunk-sourcetype=Docker rickfast/hello-oreilly minikube start --nodes 4 --extra-config=kubeadm.ignore-preflight-errors=NumCPU --force --cpus 1 minikube start --nodes 4 --extra-config=kubeadm.ignore-preflight-errors=NumCPU --force --cpus 1 --driver=docker Splunk \u53ef\u4ee5\u7528\u6765\u5206\u6790\u7f51\u7ad9\u662f\u5426\u88ab\u9ed1\u5ba2\u626b\u63cf vmware kube-fluentd-operator https://pkg.go.dev/github.com/vmware/kube-fluentd-operator#section-readme $ curl -k http://139.196.39.92:8088/services/collector/event -H \"Authorization: Splunk AEB5A127-3AC2-447C-8E3F-D7027AFE31D1\" -d '{\"event\": \"hello world\"}' {\"text\":\"Success\",\"code\":0} ============= splunk log success: https://www.youtube.com/watch?v=qROXrFGqWAU&t=11s curl https://10.79.128.59:8088/services/collector/event -H \"Authorization: Splunk 1620a639-5064-43dc-8d81-72ae38ec639b\" -d '{\"event\": \"hello world\"}' docker built-in send log to splunk ? https://www.w3cschool.cn/doc_docker_1_13/docker_1_13-engine-admin-logging-splunk-index.html install splunk by cmd https://www.inmotionhosting.com/support/security/install-splunk/ 9ED0A79E-F7B8-43DC-B7A0-7B49AE7450B9 root@iZuf6bpc1lt9qlf2ma9p2lZ:~# helm install anthos-splunk -f values.yaml --namespace splunk-connect https://github.com/splunk/splunk-connect-for-kubernetes/releases/download/1.4.1/splunk-connect-for-kubernetes-1.4.1.tgz Error: INSTALLATION FAILED: Get \"https://github.com/splunk/splunk-connect-for-kubernetes/releases/download/1.4.1/splunk-connect-for-kubernetes-1.4.1.tgz\": unexpected EOF $ kubectl create namespace splunk-connect $ kubectl config set-context --current --namespace=splunk-connect $ helm install anthos-splunk -f values.yaml --namespace splunk-connect https://github.com/splunk/splunk-connect-for-kubernetes/releases/download/1.4.1/splunk-connect-for-kubernetes-1.4.1.tgz Splunk indexer \u76f8\u5f53\u4e8e\u4e00\u4e2adatabase \u6211\u4eec\u67e5\u8be2\u65e5\u5fd7\u7684\u65f6\u5019\uff0c\u8981\u5148\u786e\u8ba4\u7b5b\u9009\u662f\u54ea\u4e2adatabase\u3002 \u9ed8\u8ba4index\uff1amain (\u5982\u679c\u8f6c\u53d1\u8fc7\u6765\u7684\u6570\u636e\u4e0d\u6307\u5b9a\u7d22\u5f15\uff0c\u5219\u4f1a\u4fdd\u5b58\u5728\u9ed8\u8ba4\u7684main\u7d22\u5f15\u4e2d) source \u5bf9\u4e8e\u4ece\u6587\u4ef6\u548c\u76ee\u5f55\u76d1\u89c6\u7684\u6570\u636e, source\u7684\u503c\u662f\u8def\u5f84\uff0c\u6bd4\u5982 /var/log \u57fa\u4e8e\u7f51\u7edc\u7684\u662f\u534f\u8bae\u548c\u7aef\u53e3, \u6bd4\u5982 UDP: 514 sourcetype \u662f\u5176\u6765\u6e90\u7684\u6570\u636e\u8f93\u5165\u7684\u683c\u5f0f\uff0csourceType\u51b3\u5b9a\u4e86\u6570\u636e\u7684\u683c\u5f0f\u5316\u65b9\u5f0f\u3002\u9009\u62e9\u4e0d\u540c\u7684sourceType\uff0cSplunk\u81ea\u52a8\u8bc6\u522b\u7684\u5e38\u89c1\u6e90\u7c7b\u578b\u5217\u8868\u5305\u62ecNCSA\u7ec4\u5408\u683c\u5f0fHTTP Web\u670d\u52a1\u5668\u65e5\u5fd7\uff0c\u6807\u51c6Apache Web\u670d\u52a1\u5668\u9519\u8bef\u65e5\u5fd7\uff0cCisco\u7f51\u7edc\u8bbe\u5907\uff08\u5305\u62ecPIX\u9632\u706b\u5899\uff0c\u8def\u7531\u5668\uff0cACS\u7b49\uff09\u751f\u6210\u7684\u6807\u51c6syslog\u3002\u67e5\u8be2\u8fd8\u53ef\u4ee5\u6839\u636esourceType\u6765\u7b5b\u9009 fluent-plugin-splunk-hec https://github.com/splunk/fluent-plugin-splunk-hec kube-fluentd-operator https://github.com/vmware/kube-fluentd-operator #0 unexpected error error_class=RestClient::SSLCertificateNotVerified error=\"SSL_connect returned=1 errno=0 state=error: certificate verify failed (self signed certificate in certificate chain)\" solution: https://anujarosha.medium.com/sending-logs-to-splunk-using-fluent-plugin-splunk-hec-fluentd-output-plugin-462baba53b4f","title":"Blog splunk investigation"},{"location":"blog-splunk-investigation/#setup-a-splunk-server","text":"Run a Splunk server container docker run --name splunk -p 8000:8000 -p 8088:8088 -d outcoldman/splunk:6.3.3 startup a splunk server docker-compose.yaml version: \"3\" services: splunk: container_name: splunk user: root image: outcoldman/splunk:6.3.3 ports: - \"8000:8000\" Splunk https://www.youtube.com/watch?v=m95GiTF0zd0 https://www.youtube.com/watch?v=bO_-fv6e7u4 https://medium.com/airwalk/log-aggregation-in-kubernetes-and-transporting-logs-to-splunk-for-analysis-ad8599607372 https://cloud.google.com/architecture/logging-anthos-with-splunk-connect?hl=zh-cn k8s logs objects metrics setup a splunk server: docker run --name splunk -p 8000:8000 -p 8088:8088 -d outcoldman/splunk:6.3.3 docker run --name hello --log-driver=splunk --log-opt splunk-token=AEB5A127-3AC2-447C-8E3F-D7027AFE31D1 --log-opt splunk-url=http://139.196.39.92:8088 --log-opt splunk-sourcetype=Docker rickfast/hello-oreilly docker run --name hello --log-driver=splunk --log-opt splunk-token=A3260AEC-672D-41D2-9B64-8BAB933EA5DE --log-opt splunk-url=http://139.196.39.92:8088 --log-opt splunk-sourcetype=Docker rickfast/hello-oreilly docker run --name hello --log-driver=splunk --log-opt splunk-token=1620a639-5064-43dc-8d81-72ae38ec639b --log-opt splunk-url=http://10.79.128.59:8088 --log-opt splunk-sourcetype=Docker rickfast/hello-oreilly minikube start --nodes 4 --extra-config=kubeadm.ignore-preflight-errors=NumCPU --force --cpus 1 minikube start --nodes 4 --extra-config=kubeadm.ignore-preflight-errors=NumCPU --force --cpus 1 --driver=docker Splunk \u53ef\u4ee5\u7528\u6765\u5206\u6790\u7f51\u7ad9\u662f\u5426\u88ab\u9ed1\u5ba2\u626b\u63cf vmware kube-fluentd-operator https://pkg.go.dev/github.com/vmware/kube-fluentd-operator#section-readme $ curl -k http://139.196.39.92:8088/services/collector/event -H \"Authorization: Splunk AEB5A127-3AC2-447C-8E3F-D7027AFE31D1\" -d '{\"event\": \"hello world\"}' {\"text\":\"Success\",\"code\":0} ============= splunk log success: https://www.youtube.com/watch?v=qROXrFGqWAU&t=11s curl https://10.79.128.59:8088/services/collector/event -H \"Authorization: Splunk 1620a639-5064-43dc-8d81-72ae38ec639b\" -d '{\"event\": \"hello world\"}' docker built-in send log to splunk ? https://www.w3cschool.cn/doc_docker_1_13/docker_1_13-engine-admin-logging-splunk-index.html install splunk by cmd https://www.inmotionhosting.com/support/security/install-splunk/ 9ED0A79E-F7B8-43DC-B7A0-7B49AE7450B9 root@iZuf6bpc1lt9qlf2ma9p2lZ:~# helm install anthos-splunk -f values.yaml --namespace splunk-connect https://github.com/splunk/splunk-connect-for-kubernetes/releases/download/1.4.1/splunk-connect-for-kubernetes-1.4.1.tgz Error: INSTALLATION FAILED: Get \"https://github.com/splunk/splunk-connect-for-kubernetes/releases/download/1.4.1/splunk-connect-for-kubernetes-1.4.1.tgz\": unexpected EOF $ kubectl create namespace splunk-connect $ kubectl config set-context --current --namespace=splunk-connect $ helm install anthos-splunk -f values.yaml --namespace splunk-connect https://github.com/splunk/splunk-connect-for-kubernetes/releases/download/1.4.1/splunk-connect-for-kubernetes-1.4.1.tgz Splunk indexer \u76f8\u5f53\u4e8e\u4e00\u4e2adatabase \u6211\u4eec\u67e5\u8be2\u65e5\u5fd7\u7684\u65f6\u5019\uff0c\u8981\u5148\u786e\u8ba4\u7b5b\u9009\u662f\u54ea\u4e2adatabase\u3002 \u9ed8\u8ba4index\uff1amain (\u5982\u679c\u8f6c\u53d1\u8fc7\u6765\u7684\u6570\u636e\u4e0d\u6307\u5b9a\u7d22\u5f15\uff0c\u5219\u4f1a\u4fdd\u5b58\u5728\u9ed8\u8ba4\u7684main\u7d22\u5f15\u4e2d) source \u5bf9\u4e8e\u4ece\u6587\u4ef6\u548c\u76ee\u5f55\u76d1\u89c6\u7684\u6570\u636e, source\u7684\u503c\u662f\u8def\u5f84\uff0c\u6bd4\u5982 /var/log \u57fa\u4e8e\u7f51\u7edc\u7684\u662f\u534f\u8bae\u548c\u7aef\u53e3, \u6bd4\u5982 UDP: 514 sourcetype \u662f\u5176\u6765\u6e90\u7684\u6570\u636e\u8f93\u5165\u7684\u683c\u5f0f\uff0csourceType\u51b3\u5b9a\u4e86\u6570\u636e\u7684\u683c\u5f0f\u5316\u65b9\u5f0f\u3002\u9009\u62e9\u4e0d\u540c\u7684sourceType\uff0cSplunk\u81ea\u52a8\u8bc6\u522b\u7684\u5e38\u89c1\u6e90\u7c7b\u578b\u5217\u8868\u5305\u62ecNCSA\u7ec4\u5408\u683c\u5f0fHTTP Web\u670d\u52a1\u5668\u65e5\u5fd7\uff0c\u6807\u51c6Apache Web\u670d\u52a1\u5668\u9519\u8bef\u65e5\u5fd7\uff0cCisco\u7f51\u7edc\u8bbe\u5907\uff08\u5305\u62ecPIX\u9632\u706b\u5899\uff0c\u8def\u7531\u5668\uff0cACS\u7b49\uff09\u751f\u6210\u7684\u6807\u51c6syslog\u3002\u67e5\u8be2\u8fd8\u53ef\u4ee5\u6839\u636esourceType\u6765\u7b5b\u9009 fluent-plugin-splunk-hec https://github.com/splunk/fluent-plugin-splunk-hec kube-fluentd-operator https://github.com/vmware/kube-fluentd-operator #0 unexpected error error_class=RestClient::SSLCertificateNotVerified error=\"SSL_connect returned=1 errno=0 state=error: certificate verify failed (self signed certificate in certificate chain)\" solution: https://anujarosha.medium.com/sending-logs-to-splunk-using-fluent-plugin-splunk-hec-fluentd-output-plugin-462baba53b4f","title":"Setup a Splunk server"},{"location":"minikube-on-raspberrypi/","text":"\u6253\u7b97\u7528\u6811\u8393\u6d3e\u90e8\u7f72\u4e2aminikube\u6765\u5b66\u4e60k8s Minikube\u7684\u786c\u4ef6\u8981\u6c42 https://minikube.sigs.k8s.io/docs/start/ What you\u2019ll need 2 CPUs or more 2GB of free memory 20GB of free disk space Internet connection Container or virtual machine manager, such as: Docker, QEMU, Hyperkit, Hyper-V, KVM, Parallels, Podman, VirtualBox, or VMware Fusion/Workstation \u6211\u7684\u6811\u8393\u6d3e: 4\u4ee3B\u578b, \u5185\u5b584G, \u64cd\u4f5c\u7cfb\u7edf\u4e3aUbuntu 18.04.5 LTS $ lsb_release -a No LSB modules are available. Distributor ID: Ubuntu Description: Ubuntu 18.04.5 LTS Release: 18.04 Codename: bionic CPU\u6838\u5fc3\u6570\uff1a4\u6838 $ cat /proc/cpuinfo | grep \"processor\" | wc -l 4 $ lscpu \u67b6\u6784\uff1a aarch64 \u5b57\u8282\u5e8f\uff1a Little Endian CPU: 4 \u5728\u7ebf CPU \u5217\u8868\uff1a 0-3 \u6bcf\u4e2a\u6838\u7684\u7ebf\u7a0b\u6570\uff1a 1 \u6bcf\u4e2a\u5ea7\u7684\u6838\u6570\uff1a 4 \u5ea7\uff1a 1 \u5382\u5546 ID\uff1a ARM \u578b\u53f7\uff1a 3 \u578b\u53f7\u540d\u79f0\uff1a Cortex-A72 \u6b65\u8fdb\uff1a r0p3 CPU \u6700\u5927 MHz\uff1a 1500.0000 CPU \u6700\u5c0f MHz\uff1a 600.0000 BogoMIPS\uff1a 108.00 L1d \u7f13\u5b58\uff1a 32K L1i \u7f13\u5b58\uff1a 48K L2 \u7f13\u5b58\uff1a 1024K \u6807\u8bb0\uff1a fp asimd evtstrm crc32 cpuid \u63d0\u524d\u5b89\u88c5\u597ddocker \u6363\u9f13\u4e86\u4e00\u9635\uff0c\u5b89\u88c5\u8fc7\u7a0b\u603b\u62a5\u9519\uff0c\u8fd8\u662f\u5b89\u88c5docker-ce\u5427 \u76f4\u63a5 apt-get install docker-ce \u4f1a\u62a5\u9519\uff1a \u4e0b\u5217\u8f6f\u4ef6\u5305\u6709\u672a\u6ee1\u8db3\u7684\u4f9d\u8d56\u5173\u7cfb\uff1a docker-ce : \u4f9d\u8d56: containerd.io (>= 1.6.4) \u4f46\u662f\u5b83\u5c06\u4e0d\u4f1a\u88ab\u5b89\u88c5 \u63a8\u8350: pigz \u4f46\u65e0\u6cd5\u5b89\u88c5\u5b83 E: \u65e0\u6cd5\u4fee\u6b63\u9519\u8bef\uff0c\u56e0\u4e3a\u60a8\u8981\u6c42\u67d0\u4e9b\u8f6f\u4ef6\u5305\u4fdd\u6301\u73b0\u72b6\uff0c\u5c31\u662f\u5b83\u4eec\u7834\u574f\u4e86\u8f6f\u4ef6\u5305\u95f4\u7684\u4f9d\u8d56\u5173\u7cfb\u3002 ------------ 1. \u5148 apt-cache madison docker-ce \u770b\u4e0b\u54ea\u4e9b\u7248\u672c\u80fd\u5b89\u88c5 2. sudo apt install docker-ce=18.03.1~ce~3-0~ubuntu 3. docker -v \u4e0d\u884c\uff0cdocker-ce\u7248\u672c\u8fc7\u4f4e\uff0cminikube --driver=docker\u7684\u65f6\u5019\u62a5\u9519 ------------ \u6e90\u7801\u5b89\u88c5docker-ce ~$ sudo apt install ./docker-ce_20.10.0~3-0~debian-buster_arm64.deb \u6b63\u5728\u8bfb\u53d6\u8f6f\u4ef6\u5305\u5217\u8868... \u5b8c\u6210 \u6b63\u5728\u5206\u6790\u8f6f\u4ef6\u5305\u7684\u4f9d\u8d56\u5173\u7cfb\u6811 \u6b63\u5728\u8bfb\u53d6\u72b6\u6001\u4fe1\u606f... \u5b8c\u6210 \u6ce8\u610f\uff0c\u9009\u4e2d 'docker-ce' \u800c\u975e './docker-ce_20.10.0~3-0~debian-buster_arm64.deb' \u6709\u4e00\u4e9b\u8f6f\u4ef6\u5305\u65e0\u6cd5\u88ab\u5b89\u88c5\u3002\u5982\u679c\u60a8\u7528\u7684\u662f unstable \u53d1\u884c\u7248\uff0c\u8fd9\u4e5f\u8bb8\u662f \u56e0\u4e3a\u7cfb\u7edf\u65e0\u6cd5\u8fbe\u5230\u60a8\u8981\u6c42\u7684\u72b6\u6001\u9020\u6210\u7684\u3002\u8be5\u7248\u672c\u4e2d\u53ef\u80fd\u4f1a\u6709\u4e00\u4e9b\u60a8\u9700\u8981\u7684\u8f6f\u4ef6 \u5305\u5c1a\u672a\u88ab\u521b\u5efa\u6216\u662f\u5b83\u4eec\u5df2\u88ab\u4ece\u65b0\u5230(Incoming)\u76ee\u5f55\u79fb\u51fa\u3002 \u4e0b\u5217\u4fe1\u606f\u53ef\u80fd\u4f1a\u5bf9\u89e3\u51b3\u95ee\u9898\u6709\u6240\u5e2e\u52a9\uff1a \u4e0b\u5217\u8f6f\u4ef6\u5305\u6709\u672a\u6ee1\u8db3\u7684\u4f9d\u8d56\u5173\u7cfb\uff1a docker-ce : \u4f9d\u8d56: containerd.io (>= 1.4.1) \u4f46\u662f\u5b83\u5c06\u4e0d\u4f1a\u88ab\u5b89\u88c5 \u63a8\u8350: pigz \u4f46\u65e0\u6cd5\u5b89\u88c5\u5b83 E: \u65e0\u6cd5\u4fee\u6b63\u9519\u8bef\uff0c\u56e0\u4e3a\u60a8\u8981\u6c42\u67d0\u4e9b\u8f6f\u4ef6\u5305\u4fdd\u6301\u73b0\u72b6\uff0c\u5c31\u662f\u5b83\u4eec\u7834\u574f\u4e86\u8f6f\u4ef6\u5305\u95f4\u7684\u4f9d\u8d56\u5173\u7cfb\u3002 ---------- 1. \u5b89\u88c5\u9ad8\u7248\u672c containerd.io https://download.docker.com/linux/debian/dists/buster/pool/stable/arm64/ \u6311\u9009\u4e00\u4e2a curl -O https://download.docker.com/linux/debian/dists/buster/pool/stable/arm64/containerd.io_1.6.9-1_arm64.deb sudo apt install ./containerd.io_1.6.9-1_arm64.deb 2. curl -O https://download.docker.com/linux/debian/dists/buster/pool/stable/arm64/docker-ce_20.10.0~3-0~debian-buster_arm64.deb sudo apt install ./docker-ce_20.10.0~3-0~debian-buster_arm64.deb \u5b89\u88c5minikube, \u6839\u636e\u5b98\u7f51\u7684\u63d0\u793a\u5f97\u5230\u4ee5\u4e0b\u547d\u4ee4 curl -LO https://storage.googleapis.com/minikube/releases/latest/minikube-linux-arm64 sudo install minikube-linux-arm64 /usr/local/bin/minikube $ minikube start --driver=docker \u56e0 RSRC_DOCKER_STORAGE \u9519\u8bef\u800c\u9000\u51fa\uff1aDocker \u7684\u78c1\u76d8\u7a7a\u95f4\u5df2\u6ee1\uff01\uff08/var \u76ee\u5f55\u5df2\u4f7f\u7528 99% \u7684\u5bb9\u91cf\uff09\u3002\u60a8\u53ef\u4ee5\u4f20\u9012 '--force' \u53c2\u6570\u8df3\u8fc7\u6b64\u68c0\u67e5\u3002 -------------- \u8fc1\u79fbdocker https://blog.csdn.net/zzhuan_1/article/details/102953841 , (\u6211\u5c1d\u8bd5\u8fc1\u79fb\u5230U\u76d8\uff0c\u4f46\u662f\u5931\u8d25\u4e86\uff0c\u95ee\u9898\u591a) -------------- \u91cd\u65b0\u5b89\u88c5docker\u5230\u6307\u5b9a\u7684\u76ee\u5f55\uff1a \u63d2\u66f2 \u6811\u8393\u6d3esd\u5361\u7a7a\u95f4\u4e0d\u8db3\uff0c\u9700\u5c06docker\u6570\u636e\u8f6c\u79fb\u5230\u65b0\u7684U\u76d8\u4e0a\uff0c\u64cd\u4f5c\u6b65\u9aa4\u5982\u4e0b (Docker\u80fd\u5b89\u88c5\u518dU\u76d8\u4e0a\u5417\uff1f) ubuntu\u5b8c\u5168\u5378\u8f7ddocker, uninstall docker - https://blog.csdn.net/weixin_45881248/article/details/134363865 ~$ /usr/bin/dockerd -H fd:// --containerd=/run/containerd/containerd.sock WARN[2024-03-01T11:50:00.909235805+08:00] The \"graph\" config file option is deprecated. Please use \"data-root\" instead. INFO[2024-03-01T11:50:00.909614622+08:00] Starting up dockerd needs to be started with root. To see how to run dockerd in rootless mode with unprivileged user, see the documentation -------------- \u4f7f\u7528Docker Rootless\u6a21\u5f0f\uff0c\u8fd0\u884cDocker\u670d\u52a1","title":"Minikube on raspberrypi"},{"location":"minikube-on-raspberrypi/#_1","text":"\u6811\u8393\u6d3esd\u5361\u7a7a\u95f4\u4e0d\u8db3\uff0c\u9700\u5c06docker\u6570\u636e\u8f6c\u79fb\u5230\u65b0\u7684U\u76d8\u4e0a\uff0c\u64cd\u4f5c\u6b65\u9aa4\u5982\u4e0b (Docker\u80fd\u5b89\u88c5\u518dU\u76d8\u4e0a\u5417\uff1f) ubuntu\u5b8c\u5168\u5378\u8f7ddocker, uninstall docker - https://blog.csdn.net/weixin_45881248/article/details/134363865 ~$ /usr/bin/dockerd -H fd:// --containerd=/run/containerd/containerd.sock WARN[2024-03-01T11:50:00.909235805+08:00] The \"graph\" config file option is deprecated. Please use \"data-root\" instead. INFO[2024-03-01T11:50:00.909614622+08:00] Starting up dockerd needs to be started with root. To see how to run dockerd in rootless mode with unprivileged user, see the documentation -------------- \u4f7f\u7528Docker Rootless\u6a21\u5f0f\uff0c\u8fd0\u884cDocker\u670d\u52a1","title":"\u63d2\u66f2"},{"location":"python-daily/","text":"python copy & paste clipboard Error: Pyperclip could not find a copy/paste mechanism for your system","title":"Python daily"},{"location":"%E6%A0%91%E8%8E%93%E6%B4%BE/","text":"","title":"\u6811\u8393\u6d3e"},{"location":"%E9%98%BF%E9%87%8C%E4%BA%91k8s%E8%AF%95%E7%94%A8%E4%BD%93%E9%AA%8C/","text":"","title":"\u963f\u91cc\u4e91k8s\u8bd5\u7528\u4f53\u9a8c"}]}